<?xml version="1.0" encoding="utf-8"?>
<TestRun id="ebe72222-8489-4bd2-a4f6-41759bd00bfe" name="Admin@GAMING 2026-04-07 01:19:02" runUser="GAMING\Admin" xmlns="http://microsoft.com/schemas/VisualStudio/TeamTest/2010">
  <Times creation="2026-04-07T01:19:02.6213549-06:00" queuing="2026-04-07T01:19:02.6213551-06:00" start="2026-04-07T01:19:02.2616916-06:00" finish="2026-04-07T01:19:04.2512368-06:00" />
  <TestSettings name="default" id="12bc6d36-6902-4447-a19d-7911391b8bbc">
    <Deployment runDeploymentRoot="Admin_GAMING_2026-04-07_01_19_02" />
  </TestSettings>
  <Results>
    <UnitTestResult executionId="72693e8e-5bae-4929-af25-77171fa95930" testId="ebe51916-4052-6013-1737-4538d224d56b" testName="SoftMedia.Server.Tests.Services.Metadata.OpenLibraryProviderTests.FetchMetadataAsync_UsesGenericQuery_WhenNoAuthorInMetadataJson" computerName="GAMING" duration="00:00:00.0027688" startTime="2026-04-07T01:19:02.6502727-06:00" endTime="2026-04-07T01:19:02.6502728-06:00" testType="13cdc9d9-ddb5-4fa4-a97d-d965ccfc6d4b" outcome="Passed" testListId="8c84fa94-04c1-424b-9868-57a2d4851a1d" relativeResultsDirectory="72693e8e-5bae-4929-af25-77171fa95930" />
    <UnitTestResult executionId="c1c5e096-9157-4bcc-8d2a-0c19403fb7c2" testId="aa6c062d-2625-a45f-1ebf-f47873ef488f" testName="SoftMedia.Server.Tests.Services.Metadata.MetadataRouterTests.FetchMusicMetadata_AlbumInsufficient_WhenMissingArt" computerName="GAMING" duration="00:00:00.0012692" startTime="2026-04-07T01:19:02.6527536-06:00" endTime="2026-04-07T01:19:02.6527538-06:00" testType="13cdc9d9-ddb5-4fa4-a97d-d965ccfc6d4b" outcome="Passed" testListId="8c84fa94-04c1-424b-9868-57a2d4851a1d" relativeResultsDirectory="c1c5e096-9157-4bcc-8d2a-0c19403fb7c2" />
    <UnitTestResult executionId="54acf5cd-dc69-4d25-82bb-cf79a0d0554d" testId="7c4c809a-0ee0-1982-4739-61560a93bce1" testName="SoftMedia.Server.Tests.Services.Metadata.MetadataAggregatorTests.EnrichMediaItemAsync_ShouldNotOverwritePosterUrl_WhenNull" computerName="GAMING" duration="00:00:00.0012159" startTime="2026-04-07T01:19:03.1077376-06:00" endTime="2026-04-07T01:19:03.1077376-06:00" testType="13cdc9d9-ddb5-4fa4-a97d-d965ccfc6d4b" outcome="Passed" testListId="8c84fa94-04c1-424b-9868-57a2d4851a1d" relativeResultsDirectory="54acf5cd-dc69-4d25-82bb-cf79a0d0554d" />
    <UnitTestResult executionId="3cb4858a-65fd-40c7-a093-b702a110e1ff" testId="bbb35753-e41c-f7e1-c8a8-480ed1f8cfa1" testName="SoftMedia.Server.Tests.Services.Background.ImageDownloadQueueServiceTests.ProcessDownload_ShouldCachePoster_AndNotify" computerName="GAMING" duration="00:00:00.9082394" startTime="2026-04-07T01:19:03.5012700-06:00" endTime="2026-04-07T01:19:03.5012703-06:00" testType="13cdc9d9-ddb5-4fa4-a97d-d965ccfc6d4b" outcome="Passed" testListId="8c84fa94-04c1-424b-9868-57a2d4851a1d" relativeResultsDirectory="3cb4858a-65fd-40c7-a093-b702a110e1ff" />
    <UnitTestResult executionId="6907a1b1-b688-48d1-bf0c-1fd2281e6819" testId="f0d90b33-a540-42b6-c4cd-cd35f54bd754" testName="SoftMedia.Server.Tests.Services.Metadata.MetadataRouterMusicTests.FetchMetadata_Music_ShouldSkipFallback_WhenEmbeddedSufficient" computerName="GAMING" duration="00:00:00.0012972" startTime="2026-04-07T01:19:02.6569500-06:00" endTime="2026-04-07T01:19:02.6569501-06:00" testType="13cdc9d9-ddb5-4fa4-a97d-d965ccfc6d4b" outcome="Passed" testListId="8c84fa94-04c1-424b-9868-57a2d4851a1d" relativeResultsDirectory="6907a1b1-b688-48d1-bf0c-1fd2281e6819" />
    <UnitTestResult executionId="5f71a59b-544c-4cda-8d44-b4af35a834e7" testId="f8764f98-1f28-0471-7496-261c64014e50" testName="SoftMedia.Server.Tests.Services.Metadata.MetadataEnrichmentPolicyTests.NeedsEnrichment_Relaxed_ReturnsFalse_ForMovieWithPosterButNoDescription" computerName="GAMING" duration="00:00:00.0000677" startTime="2026-04-07T01:19:02.6119899-06:00" endTime="2026-04-07T01:19:02.6119900-06:00" testType="13cdc9d9-ddb5-4fa4-a97d-d965ccfc6d4b" outcome="Passed" testListId="8c84fa94-04c1-424b-9868-57a2d4851a1d" relativeResultsDirectory="5f71a59b-544c-4cda-8d44-b4af35a834e7" />
    <UnitTestResult executionId="c5a95ee3-aaaa-4c95-b2e2-09a9994e4d0b" testId="9c0283b2-d89a-1582-2316-6294fb94372e" testName="SoftMedia.Server.Tests.Services.Metadata.MetadataEnrichmentPolicyTests.NeedsEnrichment_ReturnsFalse_WhenRetryExhausted" computerName="GAMING" duration="00:00:00.0000665" startTime="2026-04-07T01:19:02.6045153-06:00" endTime="2026-04-07T01:19:02.6045153-06:00" testType="13cdc9d9-ddb5-4fa4-a97d-d965ccfc6d4b" outcome="Passed" testListId="8c84fa94-04c1-424b-9868-57a2d4851a1d" relativeResultsDirectory="c5a95ee3-aaaa-4c95-b2e2-09a9994e4d0b" />
    <UnitTestResult executionId="8d12d054-e92d-4d85-b44f-d3fc6e4369a4" testId="a6cd6ea9-7cfb-5dbb-f5f7-185c53522493" testName="SoftMedia.Server.Tests.Services.Scanning.LibraryScanQueueServiceTests.EnqueueScan_SerializesConcurrentRequests" computerName="GAMING" duration="00:00:00.6291474" startTime="2026-04-07T01:19:03.2221325-06:00" endTime="2026-04-07T01:19:03.2221326-06:00" testType="13cdc9d9-ddb5-4fa4-a97d-d965ccfc6d4b" outcome="Passed" testListId="8c84fa94-04c1-424b-9868-57a2d4851a1d" relativeResultsDirectory="8d12d054-e92d-4d85-b44f-d3fc6e4369a4" />
    <UnitTestResult executionId="557b6c44-f5ea-41ff-89d8-52c03e722bfe" testId="b940c0b8-5d83-6da9-0837-fc813df053f6" testName="SoftMedia.Server.Tests.Services.Metadata.MetadataRouterTests.FetchMusicMetadata_TrackSufficient_WhenHasTitleArtistAndArt" computerName="GAMING" duration="00:00:00.0586322" startTime="2026-04-07T01:19:02.6514432-06:00" endTime="2026-04-07T01:19:02.6514433-06:00" testType="13cdc9d9-ddb5-4fa4-a97d-d965ccfc6d4b" outcome="Passed" testListId="8c84fa94-04c1-424b-9868-57a2d4851a1d" relativeResultsDirectory="557b6c44-f5ea-41ff-89d8-52c03e722bfe" />
    <UnitTestResult executionId="dc9cf81b-a6bb-432e-8ab7-86d847e5617c" testId="538bfd46-9a96-d7dc-dd3e-aacf1f47e340" testName="SoftMedia.Server.Tests.Services.Metadata.MetadataRouterMusicTests.FetchMetadata_Music_ShouldUseEmbeddedOnly_WhenConfigured" computerName="GAMING" duration="00:00:00.0016778" startTime="2026-04-07T01:19:02.6533712-06:00" endTime="2026-04-07T01:19:02.6533713-06:00" testType="13cdc9d9-ddb5-4fa4-a97d-d965ccfc6d4b" outcome="Passed" testListId="8c84fa94-04c1-424b-9868-57a2d4851a1d" relativeResultsDirectory="dc9cf81b-a6bb-432e-8ab7-86d847e5617c" />
    <UnitTestResult executionId="322ab8c1-5e98-4cc2-8e78-d678bcd70070" testId="9c95c60d-3d68-2957-42ad-4db4a4664061" testName="SoftMedia.Server.Tests.Services.Scanning.BookScannerTests.ProcessFileAsync_ShouldSkip_WhenBookAlreadyExists" computerName="GAMING" duration="00:00:00.0198462" startTime="2026-04-07T01:19:03.0186657-06:00" endTime="2026-04-07T01:19:03.0186658-06:00" testType="13cdc9d9-ddb5-4fa4-a97d-d965ccfc6d4b" outcome="Passed" testListId="8c84fa94-04c1-424b-9868-57a2d4851a1d" relativeResultsDirectory="322ab8c1-5e98-4cc2-8e78-d678bcd70070" />
    <UnitTestResult executionId="1868c634-6270-4eec-8eb7-41bc1e719daf" testId="c9a1b6ff-5d69-c2c6-4de0-d85d59a0228e" testName="SoftMedia.Server.Tests.Services.Metadata.EmbeddedMusicProviderTests.FetchMetadataAsync_ReturnsNull_ForAlbumType" computerName="GAMING" duration="00:00:00.0003081" startTime="2026-04-07T01:19:02.6445424-06:00" endTime="2026-04-07T01:19:02.6445425-06:00" testType="13cdc9d9-ddb5-4fa4-a97d-d965ccfc6d4b" outcome="Passed" testListId="8c84fa94-04c1-424b-9868-57a2d4851a1d" relativeResultsDirectory="1868c634-6270-4eec-8eb7-41bc1e719daf" />
    <UnitTestResult executionId="29161d88-e2f2-494f-8498-50e4dd4b55fd" testId="c3cd53d0-0549-ef6e-345a-0b023b6ae691" testName="SoftMedia.Server.Tests.Services.Metadata.MetadataAggregatorTests.EnrichMediaItemAsync_ShouldCallImageExtractor_WhenPosterUrlPresent" computerName="GAMING" duration="00:00:00.0016566" startTime="2026-04-07T01:19:03.1120088-06:00" endTime="2026-04-07T01:19:03.1120089-06:00" testType="13cdc9d9-ddb5-4fa4-a97d-d965ccfc6d4b" outcome="Passed" testListId="8c84fa94-04c1-424b-9868-57a2d4851a1d" relativeResultsDirectory="29161d88-e2f2-494f-8498-50e4dd4b55fd" />
    <UnitTestResult executionId="a965156c-f78f-4798-b76d-6c359e64b588" testId="5e3240d1-4b87-d1cf-db41-d553e123dff8" testName="SoftMedia.Server.Tests.Services.Metadata.OpenLibraryProviderTests.FetchMetadataAsync_UsesAuthorParam_WhenAuthorInMetadataJson" computerName="GAMING" duration="00:00:00.0524710" startTime="2026-04-07T01:19:02.6474547-06:00" endTime="2026-04-07T01:19:02.6474548-06:00" testType="13cdc9d9-ddb5-4fa4-a97d-d965ccfc6d4b" outcome="Passed" testListId="8c84fa94-04c1-424b-9868-57a2d4851a1d" relativeResultsDirectory="a965156c-f78f-4798-b76d-6c359e64b588" />
    <UnitTestResult executionId="597fe40d-b3d2-4179-aa8b-13669babc8f6" testId="0263c790-e2af-1a06-8b37-bda408d8e0ab" testName="SoftMedia.Server.Tests.Services.Metadata.MetadataRouterTests.FetchMusicMetadata_AlbumSufficient_WhenHasTitleAndArt" computerName="GAMING" duration="00:00:00.0009865" startTime="2026-04-07T01:19:02.6633286-06:00" endTime="2026-04-07T01:19:02.6633287-06:00" testType="13cdc9d9-ddb5-4fa4-a97d-d965ccfc6d4b" outcome="Passed" testListId="8c84fa94-04c1-424b-9868-57a2d4851a1d" relativeResultsDirectory="597fe40d-b3d2-4179-aa8b-13669babc8f6" />
    <UnitTestResult executionId="0ab2d97e-0747-4b5b-b2e5-f55d1b5f9ae7" testId="419f2519-3cf1-aec1-19f6-a4db4935bd14" testName="SoftMedia.Server.Tests.Services.Metadata.MetadataEnrichmentPolicyTests.NeedsEnrichment_ReturnsTrue_WhenPosterIsNull" computerName="GAMING" duration="00:00:00.0000897" startTime="2026-04-07T01:19:02.6109258-06:00" endTime="2026-04-07T01:19:02.6109258-06:00" testType="13cdc9d9-ddb5-4fa4-a97d-d965ccfc6d4b" outcome="Passed" testListId="8c84fa94-04c1-424b-9868-57a2d4851a1d" relativeResultsDirectory="0ab2d97e-0747-4b5b-b2e5-f55d1b5f9ae7" />
    <UnitTestResult executionId="0adfa664-a5ab-401a-8d72-d4f5fb535e02" testId="d2ba2e7e-0b95-0f2e-a371-ddf9a1c49552" testName="SoftMedia.Server.Tests.Services.Metadata.MetadataAggregatorTests.EnrichMediaItemAsync_ShouldPromotePosterUrl" computerName="GAMING" duration="00:00:00.0011329" startTime="2026-04-07T01:19:03.1089473-06:00" endTime="2026-04-07T01:19:03.1089474-06:00" testType="13cdc9d9-ddb5-4fa4-a97d-d965ccfc6d4b" outcome="Passed" testListId="8c84fa94-04c1-424b-9868-57a2d4851a1d" relativeResultsDirectory="0adfa664-a5ab-401a-8d72-d4f5fb535e02" />
    <UnitTestResult executionId="65df168a-2da3-4220-b217-5d96691127df" testId="bd4248eb-b0d1-661f-0395-9277e60a23a4" testName="SoftMedia.Server.Tests.Services.Scanning.BaseMediaScannerTests.ScanLibraryAsync_ProcessesDirectoriesInParallel" computerName="GAMING" duration="00:00:00.4239684" startTime="2026-04-07T01:19:03.0182117-06:00" endTime="2026-04-07T01:19:03.0182118-06:00" testType="13cdc9d9-ddb5-4fa4-a97d-d965ccfc6d4b" outcome="Passed" testListId="8c84fa94-04c1-424b-9868-57a2d4851a1d" relativeResultsDirectory="65df168a-2da3-4220-b217-5d96691127df" />
    <UnitTestResult executionId="a924662c-4619-4fdb-983a-b00de8bb32ed" testId="07fa2d24-bf21-3d95-a660-c5415fff73ef" testName="SoftMedia.Server.Tests.Services.Scanning.GameScannerTests.ProcessFileAsync_SkipsExistingGame_WhenRelaxedAndHasPoster" computerName="GAMING" duration="00:00:00.4059564" startTime="2026-04-07T01:19:02.9987747-06:00" endTime="2026-04-07T01:19:02.9987749-06:00" testType="13cdc9d9-ddb5-4fa4-a97d-d965ccfc6d4b" outcome="Passed" testListId="8c84fa94-04c1-424b-9868-57a2d4851a1d" relativeResultsDirectory="a924662c-4619-4fdb-983a-b00de8bb32ed" />
    <UnitTestResult executionId="5b11f9c6-fae9-4951-bb04-89c1d6903cbe" testId="c0b165ed-5ed4-f5f4-fe30-a3a084037a73" testName="SoftMedia.Server.Tests.Services.Metadata.MetadataEnrichmentPolicyTests.NeedsEnrichment_StrictMode_Book_ReturnsFalse_WhenPosterAndPublisherPresent" computerName="GAMING" duration="00:00:00.0000754" startTime="2026-04-07T01:19:02.6109949-06:00" endTime="2026-04-07T01:19:02.6109949-06:00" testType="13cdc9d9-ddb5-4fa4-a97d-d965ccfc6d4b" outcome="Passed" testListId="8c84fa94-04c1-424b-9868-57a2d4851a1d" relativeResultsDirectory="5b11f9c6-fae9-4951-bb04-89c1d6903cbe" />
    <UnitTestResult executionId="e64fb407-31fc-4502-932f-278334903d2b" testId="cc69e876-425b-8b76-e345-f4d676734869" testName="SoftMedia.Server.Tests.Services.Metadata.EmbeddedMusicProviderTests.FetchMetadataAsync_ProcessesAudioType_WhenScannedTagsPresent" computerName="GAMING" duration="00:00:00.0149397" startTime="2026-04-07T01:19:02.6441675-06:00" endTime="2026-04-07T01:19:02.6441677-06:00" testType="13cdc9d9-ddb5-4fa4-a97d-d965ccfc6d4b" outcome="Passed" testListId="8c84fa94-04c1-424b-9868-57a2d4851a1d" relativeResultsDirectory="e64fb407-31fc-4502-932f-278334903d2b" />
    <UnitTestResult executionId="12202071-3f65-4703-83be-791ae32ac01d" testId="69da3b67-48fb-c9f3-970a-1b16e726e5ec" testName="SoftMedia.Server.Tests.Helpers.MetadataJsonMergerTests.MergeJson_WithNullExisting_ReturnsIncomingData" computerName="GAMING" duration="00:00:00.0192141" startTime="2026-04-07T01:19:02.6141934-06:00" endTime="2026-04-07T01:19:02.6141935-06:00" testType="13cdc9d9-ddb5-4fa4-a97d-d965ccfc6d4b" outcome="Passed" testListId="8c84fa94-04c1-424b-9868-57a2d4851a1d" relativeResultsDirectory="12202071-3f65-4703-83be-791ae32ac01d" />
    <UnitTestResult executionId="d129f119-591a-4d43-bf87-ee0c6f14a968" testId="7102269a-8917-5d43-25e9-5052fe45ea57" testName="SoftMedia.Server.Tests.Services.Metadata.MetadataRouterTests.FetchMusicMetadata_FallbackMergesGaps" computerName="GAMING" duration="00:00:00.0010496" startTime="2026-04-07T01:19:02.6623015-06:00" endTime="2026-04-07T01:19:02.6623016-06:00" testType="13cdc9d9-ddb5-4fa4-a97d-d965ccfc6d4b" outcome="Passed" testListId="8c84fa94-04c1-424b-9868-57a2d4851a1d" relativeResultsDirectory="d129f119-591a-4d43-bf87-ee0c6f14a968" />
    <UnitTestResult executionId="4b9c1655-558b-4760-971a-5bee8cabf592" testId="45d77507-45b1-6c5e-7b74-e60963d7da0f" testName="SoftMedia.Server.Tests.Services.Metadata.MetadataAggregatorTests.EnrichMediaItemAsync_ShouldPopulateExternalIds" computerName="GAMING" duration="00:00:00.0013486" startTime="2026-04-07T01:19:03.1103078-06:00" endTime="2026-04-07T01:19:03.1103079-06:00" testType="13cdc9d9-ddb5-4fa4-a97d-d965ccfc6d4b" outcome="Passed" testListId="8c84fa94-04c1-424b-9868-57a2d4851a1d" relativeResultsDirectory="4b9c1655-558b-4760-971a-5bee8cabf592" />
    <UnitTestResult executionId="f4df593c-2aab-4640-a22c-f9a010672f44" testId="e095c894-46c5-3461-3d17-568d3e2b1c49" testName="SoftMedia.Server.Tests.Services.Metadata.MetadataRouterTests.FetchMetadata_RoutesToCorrectProviderByType" computerName="GAMING" duration="00:00:00.0014580" startTime="2026-04-07T01:19:02.6612098-06:00" endTime="2026-04-07T01:19:02.6612099-06:00" testType="13cdc9d9-ddb5-4fa4-a97d-d965ccfc6d4b" outcome="Passed" testListId="8c84fa94-04c1-424b-9868-57a2d4851a1d" relativeResultsDirectory="f4df593c-2aab-4640-a22c-f9a010672f44" />
    <UnitTestResult executionId="c149da7b-5723-41ec-b120-88a2d869161f" testId="b2b31162-8a48-396a-b039-94565765c5ed" testName="SoftMedia.Server.Tests.Services.Metadata.MetadataQueueServiceTests.ProcessItem_NoRetryInRelaxedMode_WhenUnchangedAndHasPoster" computerName="GAMING" duration="00:00:00.5068809" startTime="2026-04-07T01:19:03.0998737-06:00" endTime="2026-04-07T01:19:03.0998738-06:00" testType="13cdc9d9-ddb5-4fa4-a97d-d965ccfc6d4b" outcome="Passed" testListId="8c84fa94-04c1-424b-9868-57a2d4851a1d" relativeResultsDirectory="c149da7b-5723-41ec-b120-88a2d869161f" />
    <UnitTestResult executionId="89277d5d-c396-4c54-b25a-4bffdf182168" testId="8b717efe-8428-7ca2-6cca-8a634e190146" testName="SoftMedia.Server.Tests.Services.Metadata.MetadataEnrichmentPolicyTests.NeedsEnrichment_ReturnsFalse_WhenPosterHasValidUrl" computerName="GAMING" duration="00:00:00.0000666" startTime="2026-04-07T01:19:02.6120298-06:00" endTime="2026-04-07T01:19:02.6120298-06:00" testType="13cdc9d9-ddb5-4fa4-a97d-d965ccfc6d4b" outcome="Passed" testListId="8c84fa94-04c1-424b-9868-57a2d4851a1d" relativeResultsDirectory="89277d5d-c396-4c54-b25a-4bffdf182168" />
    <UnitTestResult executionId="9aba5f22-60f4-40f0-9df8-c5c01fa175ad" testId="e8f999af-573d-4b20-05eb-40550e455c01" testName="SoftMedia.Server.Tests.Services.Metadata.MetadataEnrichmentPolicyTests.NeedsEnrichment_StillReturnsFalse_WhenRetryExhausted_InStrictMode" computerName="GAMING" duration="00:00:00.0000666" startTime="2026-04-07T01:19:02.6107118-06:00" endTime="2026-04-07T01:19:02.6107118-06:00" testType="13cdc9d9-ddb5-4fa4-a97d-d965ccfc6d4b" outcome="Passed" testListId="8c84fa94-04c1-424b-9868-57a2d4851a1d" relativeResultsDirectory="9aba5f22-60f4-40f0-9df8-c5c01fa175ad" />
    <UnitTestResult executionId="7817f086-efd2-4bf6-b31c-5caf7dc73630" testId="b0664991-6bdb-94b5-7679-ce40ef187615" testName="SoftMedia.Server.Tests.Services.Metadata.MetadataEnrichmentPolicyTests.NeedsEnrichment_Strict_ReturnsTrue_ForAlbumWithNoPosterNoCoverArt" computerName="GAMING" duration="00:00:00.0000643" startTime="2026-04-07T01:19:02.6121064-06:00" endTime="2026-04-07T01:19:02.6121064-06:00" testType="13cdc9d9-ddb5-4fa4-a97d-d965ccfc6d4b" outcome="Passed" testListId="8c84fa94-04c1-424b-9868-57a2d4851a1d" relativeResultsDirectory="7817f086-efd2-4bf6-b31c-5caf7dc73630" />
    <UnitTestResult executionId="1b0d77b6-0e4a-4219-a702-671de954dc37" testId="bc58c41e-f7b3-0567-69e0-6b25994ded9c" testName="SoftMedia.Server.Tests.Services.Scanning.GameScannerTests.ProcessFileAsync_CreatesNewGame_WhenNotExists" computerName="GAMING" duration="00:00:00.0352569" startTime="2026-04-07T01:19:03.0340625-06:00" endTime="2026-04-07T01:19:03.0340626-06:00" testType="13cdc9d9-ddb5-4fa4-a97d-d965ccfc6d4b" outcome="Passed" testListId="8c84fa94-04c1-424b-9868-57a2d4851a1d" relativeResultsDirectory="1b0d77b6-0e4a-4219-a702-671de954dc37" />
    <UnitTestResult executionId="b262cd45-29bd-4360-a3de-7fb74a99d278" testId="d0e03b6f-03d5-379f-1456-fa50236177b0" testName="SoftMedia.Server.Tests.Services.Scanning.BaseMediaScannerTests.ScanLibraryAsync_ProcessesAllFiles_InSingleDirectory" computerName="GAMING" duration="00:00:00.0017844" startTime="2026-04-07T01:19:03.0246658-06:00" endTime="2026-04-07T01:19:03.0246659-06:00" testType="13cdc9d9-ddb5-4fa4-a97d-d965ccfc6d4b" outcome="Passed" testListId="8c84fa94-04c1-424b-9868-57a2d4851a1d" relativeResultsDirectory="b262cd45-29bd-4360-a3de-7fb74a99d278" />
    <UnitTestResult executionId="46329a9e-0d10-463c-beef-073761d256ba" testId="3e2bc403-a82a-7656-8908-6fd95909391a" testName="SoftMedia.Server.Tests.Services.Metadata.MetadataEnrichmentPolicyTests.NeedsEnrichment_ReturnsTrue_WhenNotExhaustedAndIncomplete" computerName="GAMING" duration="00:00:00.0000958" startTime="2026-04-07T01:19:02.6044815-06:00" endTime="2026-04-07T01:19:02.6044816-06:00" testType="13cdc9d9-ddb5-4fa4-a97d-d965ccfc6d4b" outcome="Passed" testListId="8c84fa94-04c1-424b-9868-57a2d4851a1d" relativeResultsDirectory="46329a9e-0d10-463c-beef-073761d256ba" />
    <UnitTestResult executionId="bd0bbe94-e6eb-43f7-9ada-d261966946a1" testId="4bf810ec-ea7d-27e2-6d56-ed78914858dc" testName="SoftMedia.Server.Tests.Services.Metadata.MetadataEnrichmentPolicyTests.NeedsEnrichment_ReturnsTrue_WhenMetadataJsonIsNull" computerName="GAMING" duration="00:00:00.0000881" startTime="2026-04-07T01:19:02.6044052-06:00" endTime="2026-04-07T01:19:02.6044052-06:00" testType="13cdc9d9-ddb5-4fa4-a97d-d965ccfc6d4b" outcome="Passed" testListId="8c84fa94-04c1-424b-9868-57a2d4851a1d" relativeResultsDirectory="bd0bbe94-e6eb-43f7-9ada-d261966946a1" />
    <UnitTestResult executionId="38355470-3a74-4900-8d2d-94b73b7485df" testId="8523c8ef-4416-e58b-ebf7-fad5fac7d4b1" testName="SoftMedia.Server.Tests.Helpers.MetadataJsonMergerTests.Merge_WithValidValues_OverwritesExisting" computerName="GAMING" duration="00:00:00.0004070" startTime="2026-04-07T01:19:02.6169187-06:00" endTime="2026-04-07T01:19:02.6169188-06:00" testType="13cdc9d9-ddb5-4fa4-a97d-d965ccfc6d4b" outcome="Passed" testListId="8c84fa94-04c1-424b-9868-57a2d4851a1d" relativeResultsDirectory="38355470-3a74-4900-8d2d-94b73b7485df" />
    <UnitTestResult executionId="b45c6aec-4436-4905-940a-6ec181aa58b7" testId="2e641f70-69ea-db58-8435-4338dd94c2be" testName="SoftMedia.Server.Tests.Services.Metadata.EmbeddedMusicProviderTests.FetchMetadataAsync_ReturnsNull_ForSeriesType" computerName="GAMING" duration="00:00:00.0359241" startTime="2026-04-07T01:19:02.6287287-06:00" endTime="2026-04-07T01:19:02.6287288-06:00" testType="13cdc9d9-ddb5-4fa4-a97d-d965ccfc6d4b" outcome="Passed" testListId="8c84fa94-04c1-424b-9868-57a2d4851a1d" relativeResultsDirectory="b45c6aec-4436-4905-940a-6ec181aa58b7" />
    <UnitTestResult executionId="25c729f3-bef3-4831-a3cc-68e21676da45" testId="36ccee62-da67-292c-c564-d135d54164be" testName="SoftMedia.Server.Tests.Services.Metadata.MetadataEnrichmentPolicyTests.NeedsEnrichment_ReturnsTrue_WhenMetadataJsonIsEmpty" computerName="GAMING" duration="00:00:00.0000594" startTime="2026-04-07T01:19:02.6109558-06:00" endTime="2026-04-07T01:19:02.6109559-06:00" testType="13cdc9d9-ddb5-4fa4-a97d-d965ccfc6d4b" outcome="Passed" testListId="8c84fa94-04c1-424b-9868-57a2d4851a1d" relativeResultsDirectory="25c729f3-bef3-4831-a3cc-68e21676da45" />
    <UnitTestResult executionId="c005b2c2-93b6-4744-80b0-4d980f43cac3" testId="ab1525f6-a577-b848-1423-cf82f989906f" testName="SoftMedia.Server.Tests.Services.Metadata.EmbeddedMusicProviderTests.FetchMetadataAsync_ReturnsNull_ForArtistType" computerName="GAMING" duration="00:00:00.0003504" startTime="2026-04-07T01:19:02.6291192-06:00" endTime="2026-04-07T01:19:02.6291193-06:00" testType="13cdc9d9-ddb5-4fa4-a97d-d965ccfc6d4b" outcome="Passed" testListId="8c84fa94-04c1-424b-9868-57a2d4851a1d" relativeResultsDirectory="c005b2c2-93b6-4744-80b0-4d980f43cac3" />
    <UnitTestResult executionId="52ab09d3-8404-4032-821f-deec125aeccd" testId="9d920564-919d-0bf7-d30f-62d78e83791f" testName="SoftMedia.Server.Tests.Services.Background.ImageDownloadQueueServiceTests.ProcessDownload_ShouldCacheSeasonPoster_AndNotify" computerName="GAMING" duration="00:00:00.5136058" startTime="2026-04-07T01:19:04.0152737-06:00" endTime="2026-04-07T01:19:04.0152741-06:00" testType="13cdc9d9-ddb5-4fa4-a97d-d965ccfc6d4b" outcome="Passed" testListId="8c84fa94-04c1-424b-9868-57a2d4851a1d" relativeResultsDirectory="52ab09d3-8404-4032-821f-deec125aeccd" />
    <UnitTestResult executionId="c7e2d396-0557-4e66-9375-8d1b7deb2b51" testId="02946d08-0061-3681-074b-96bf536e7e35" testName="SoftMedia.Server.Tests.Services.Scanning.BookScannerTests.ProcessFileAsync_ShouldCreateNewBook_WhenNotExists" computerName="GAMING" duration="00:00:00.0128439" startTime="2026-04-07T01:19:03.0339781-06:00" endTime="2026-04-07T01:19:03.0339782-06:00" testType="13cdc9d9-ddb5-4fa4-a97d-d965ccfc6d4b" outcome="Passed" testListId="8c84fa94-04c1-424b-9868-57a2d4851a1d" relativeResultsDirectory="c7e2d396-0557-4e66-9375-8d1b7deb2b51" />
    <UnitTestResult executionId="f0c167f8-dc46-4678-9fc5-f1bc55aa44e8" testId="0ff9e858-1468-d2ed-6cd6-0eb12681a3ef" testName="SoftMedia.Server.Tests.Services.Metadata.MetadataEnrichmentPolicyTests.NeedsEnrichment_Strict_ReturnsTrue_ForMovieWithPosterButNoDescription" computerName="GAMING" duration="00:00:00.0002978" startTime="2026-04-07T01:19:02.6040894-06:00" endTime="2026-04-07T01:19:02.6040895-06:00" testType="13cdc9d9-ddb5-4fa4-a97d-d965ccfc6d4b" outcome="Passed" testListId="8c84fa94-04c1-424b-9868-57a2d4851a1d" relativeResultsDirectory="f0c167f8-dc46-4678-9fc5-f1bc55aa44e8" />
    <UnitTestResult executionId="892525d6-dce8-43f4-bc6e-f5b4e822b22a" testId="b8a9d3db-7c9c-1070-3df4-6d9fe2b93407" testName="SoftMedia.Server.Tests.Services.Metadata.MetadataEnrichmentPolicyTests.NeedsEnrichment_Strict_ReturnsTrue_ForBookWithPosterButNoAuthor" computerName="GAMING" duration="00:00:00.0000643" startTime="2026-04-07T01:19:02.6108530-06:00" endTime="2026-04-07T01:19:02.6108530-06:00" testType="13cdc9d9-ddb5-4fa4-a97d-d965ccfc6d4b" outcome="Passed" testListId="8c84fa94-04c1-424b-9868-57a2d4851a1d" relativeResultsDirectory="892525d6-dce8-43f4-bc6e-f5b4e822b22a" />
    <UnitTestResult executionId="2471791e-463d-431c-be9a-c995df85c43e" testId="13506277-1472-23b9-b56b-9ef77de7fd74" testName="SoftMedia.Server.Tests.Services.Metadata.MetadataEnrichmentPolicyTests.NeedsEnrichment_Strict_ReturnsFalse_ForArtistWithTitle" computerName="GAMING" duration="00:00:00.0000766" startTime="2026-04-07T01:19:02.6110287-06:00" endTime="2026-04-07T01:19:02.6110288-06:00" testType="13cdc9d9-ddb5-4fa4-a97d-d965ccfc6d4b" outcome="Passed" testListId="8c84fa94-04c1-424b-9868-57a2d4851a1d" relativeResultsDirectory="2471791e-463d-431c-be9a-c995df85c43e" />
    <UnitTestResult executionId="04e28716-27e3-4408-9071-44eeab77085e" testId="61eedcc0-7777-8a88-49ed-71ed16b47da4" testName="SoftMedia.Server.Tests.Services.Metadata.MetadataAggregatorTests.EnrichMediaItemAsync_ShouldCallImageExtractor_ForSeriesWithSeasons" computerName="GAMING" duration="00:00:00.0053914" startTime="2026-04-07T01:19:03.0773147-06:00" endTime="2026-04-07T01:19:03.0773148-06:00" testType="13cdc9d9-ddb5-4fa4-a97d-d965ccfc6d4b" outcome="Passed" testListId="8c84fa94-04c1-424b-9868-57a2d4851a1d" relativeResultsDirectory="04e28716-27e3-4408-9071-44eeab77085e" />
    <UnitTestResult executionId="69547e79-cf71-4ba8-830a-f9d507c22da0" testId="512e6662-8e3a-3ed9-fdaf-433f938a5acf" testName="SoftMedia.Server.Tests.Services.Metadata.MetadataEnrichmentPolicyTests.NeedsEnrichment_ReturnsFalse_WhenRetryExhaustedAndNoPoster" computerName="GAMING" duration="00:00:00.0000624" startTime="2026-04-07T01:19:02.6110580-06:00" endTime="2026-04-07T01:19:02.6110580-06:00" testType="13cdc9d9-ddb5-4fa4-a97d-d965ccfc6d4b" outcome="Passed" testListId="8c84fa94-04c1-424b-9868-57a2d4851a1d" relativeResultsDirectory="69547e79-cf71-4ba8-830a-f9d507c22da0" />
    <UnitTestResult executionId="b2d10062-99d9-4e94-b890-3d43429b1d9f" testId="056abab5-47f0-df86-1c97-51a9723a0bfd" testName="SoftMedia.Server.Tests.Services.Metadata.MetadataQueueServiceTests.ProcessItem_RetriesInStrictMode_WhenUnchangedAndMissingDescription" computerName="GAMING" duration="00:00:00.1054149" startTime="2026-04-07T01:19:03.2055153-06:00" endTime="2026-04-07T01:19:03.2055154-06:00" testType="13cdc9d9-ddb5-4fa4-a97d-d965ccfc6d4b" outcome="Passed" testListId="8c84fa94-04c1-424b-9868-57a2d4851a1d" relativeResultsDirectory="b2d10062-99d9-4e94-b890-3d43429b1d9f" />
    <UnitTestResult executionId="314b4781-4312-450e-8fb1-048f8482a69e" testId="d9906e35-a93a-1b05-a698-91999e6aeaa0" testName="SoftMedia.Server.Tests.Helpers.MetadataJsonMergerTests.Merge_PreservesArraysAndObjects" computerName="GAMING" duration="00:00:00.0019171" startTime="2026-04-07T01:19:02.6190830-06:00" endTime="2026-04-07T01:19:02.6190831-06:00" testType="13cdc9d9-ddb5-4fa4-a97d-d965ccfc6d4b" outcome="Passed" testListId="8c84fa94-04c1-424b-9868-57a2d4851a1d" relativeResultsDirectory="314b4781-4312-450e-8fb1-048f8482a69e" />
    <UnitTestResult executionId="4bbc97a7-be70-49eb-832e-40c8046f5b70" testId="b11d5cd8-524f-052c-8ca8-0d8eb75aa1c0" testName="SoftMedia.Server.Tests.Services.Metadata.OMDbProviderTests.FetchMetadataAsync_ThrowsInvalidOperationException" computerName="GAMING" duration="00:00:00.0504469" startTime="2026-04-07T01:19:02.6454065-06:00" endTime="2026-04-07T01:19:02.6454066-06:00" testType="13cdc9d9-ddb5-4fa4-a97d-d965ccfc6d4b" outcome="Passed" testListId="8c84fa94-04c1-424b-9868-57a2d4851a1d" relativeResultsDirectory="4bbc97a7-be70-49eb-832e-40c8046f5b70" />
    <UnitTestResult executionId="3ac16a16-cc36-479e-879a-accfb8fd3c31" testId="85201ea8-9255-9f73-776d-28135cdedc4e" testName="SoftMedia.Server.Tests.Services.Scanning.BookScannerTests.ProcessFileAsync_SkipsExistingBook_WhenRelaxedAndHasPoster" computerName="GAMING" duration="00:00:00.4058793" startTime="2026-04-07T01:19:02.9987942-06:00" endTime="2026-04-07T01:19:02.9987942-06:00" testType="13cdc9d9-ddb5-4fa4-a97d-d965ccfc6d4b" outcome="Passed" testListId="8c84fa94-04c1-424b-9868-57a2d4851a1d" relativeResultsDirectory="3ac16a16-cc36-479e-879a-accfb8fd3c31" />
    <UnitTestResult executionId="ca65282e-6560-4f00-ab1a-5c56f0f14b86" testId="84864961-698f-4367-ac1c-47a44519819b" testName="SoftMedia.Server.Tests.Services.Scanning.BaseMediaScannerTests.ScanContext_ReadsStrictEnrichment_FromSettingsOnce" computerName="GAMING" duration="00:00:00.0033624" startTime="2026-04-07T01:19:03.0226330-06:00" endTime="2026-04-07T01:19:03.0226331-06:00" testType="13cdc9d9-ddb5-4fa4-a97d-d965ccfc6d4b" outcome="Passed" testListId="8c84fa94-04c1-424b-9868-57a2d4851a1d" relativeResultsDirectory="ca65282e-6560-4f00-ab1a-5c56f0f14b86" />
    <UnitTestResult executionId="84b29add-fedb-4247-992a-c3ba33d4dc15" testId="96f961b5-ed45-2570-7994-6c99e73e7a00" testName="SoftMedia.Server.Tests.Services.Metadata.MetadataRouterTests.FetchMusicMetadata_ArtistSufficient_WhenHasTitle" computerName="GAMING" duration="00:00:00.0011479" startTime="2026-04-07T01:19:02.6602031-06:00" endTime="2026-04-07T01:19:02.6602032-06:00" testType="13cdc9d9-ddb5-4fa4-a97d-d965ccfc6d4b" outcome="Passed" testListId="8c84fa94-04c1-424b-9868-57a2d4851a1d" relativeResultsDirectory="84b29add-fedb-4247-992a-c3ba33d4dc15" />
    <UnitTestResult executionId="6a887e4c-8193-4cdd-bd6a-b10b095107ae" testId="c374eb9f-57f3-6533-17af-4435395cde0c" testName="SoftMedia.Server.Tests.Helpers.MetadataJsonMergerTests.Merge_WithNullValues_PreservesExistingData" computerName="GAMING" duration="00:00:00.0001748" startTime="2026-04-07T01:19:02.6171222-06:00" endTime="2026-04-07T01:19:02.6171223-06:00" testType="13cdc9d9-ddb5-4fa4-a97d-d965ccfc6d4b" outcome="Passed" testListId="8c84fa94-04c1-424b-9868-57a2d4851a1d" relativeResultsDirectory="6a887e4c-8193-4cdd-bd6a-b10b095107ae" />
    <UnitTestResult executionId="883247e8-0092-42f5-adfb-d4d8abd9730a" testId="bc98138c-5189-6e6a-4a54-e37ef1dcab51" testName="SoftMedia.Server.Tests.Services.Metadata.MetadataRouterTests.FetchMusicMetadata_TrackInsufficient_WhenMissingArtist" computerName="GAMING" duration="00:00:00.0011118" startTime="2026-04-07T01:19:02.6585263-06:00" endTime="2026-04-07T01:19:02.6585264-06:00" testType="13cdc9d9-ddb5-4fa4-a97d-d965ccfc6d4b" outcome="Passed" testListId="8c84fa94-04c1-424b-9868-57a2d4851a1d" relativeResultsDirectory="883247e8-0092-42f5-adfb-d4d8abd9730a" />
    <UnitTestResult executionId="9529cf8f-8d10-4389-9063-ca345e4d49cb" testId="c6df6252-9bc1-ec4b-41fa-9d756c71fe19" testName="SoftMedia.Server.Tests.Services.Metadata.MetadataEnrichmentPolicyTests.NeedsEnrichment_Strict_ReturnsFalse_ForAlbumWithCoverArtPath" computerName="GAMING" duration="00:00:00.0048567" startTime="2026-04-07T01:19:02.6021374-06:00" endTime="2026-04-07T01:19:02.6021504-06:00" testType="13cdc9d9-ddb5-4fa4-a97d-d965ccfc6d4b" outcome="Passed" testListId="8c84fa94-04c1-424b-9868-57a2d4851a1d" relativeResultsDirectory="9529cf8f-8d10-4389-9063-ca345e4d49cb" />
    <UnitTestResult executionId="7885d6eb-796c-49ec-9491-73ec88c07b74" testId="1a0838f3-050c-3dac-c8fe-c909ec89c395" testName="SoftMedia.Server.Tests.Services.Metadata.MetadataAggregatorTests.PersistGenresAsync_DiffBased_ShouldOnlyAddMissing" computerName="GAMING" duration="00:00:00.0195897" startTime="2026-04-07T01:19:03.0718793-06:00" endTime="2026-04-07T01:19:03.0718794-06:00" testType="13cdc9d9-ddb5-4fa4-a97d-d965ccfc6d4b" outcome="Passed" testListId="8c84fa94-04c1-424b-9868-57a2d4851a1d" relativeResultsDirectory="7885d6eb-796c-49ec-9491-73ec88c07b74" />
    <UnitTestResult executionId="b241f29f-964c-4a97-948c-a2835bf2861e" testId="2949cec8-b665-0dfa-8e7c-3f322e13a4f9" testName="SoftMedia.Server.Tests.Services.Scanning.BookScannerTests.ProcessFileAsync_RequeuesExistingBook_WhenStrictAndMissingAuthor" computerName="GAMING" duration="00:00:00.0023763" startTime="2026-04-07T01:19:03.0210799-06:00" endTime="2026-04-07T01:19:03.0210800-06:00" testType="13cdc9d9-ddb5-4fa4-a97d-d965ccfc6d4b" outcome="Passed" testListId="8c84fa94-04c1-424b-9868-57a2d4851a1d" relativeResultsDirectory="b241f29f-964c-4a97-948c-a2835bf2861e" />
    <UnitTestResult executionId="26281d42-a9d6-4eb7-b7e8-1ff9aed6411d" testId="54111bb1-d0d7-bdc4-c214-a99507052500" testName="SoftMedia.Server.Tests.Services.Metadata.MetadataEnrichmentPolicyTests.NeedsEnrichment_Strict_ReturnsFalse_ForMovieWithPosterAndDescription" computerName="GAMING" duration="00:00:00.0000685" startTime="2026-04-07T01:19:02.6120738-06:00" endTime="2026-04-07T01:19:02.6120738-06:00" testType="13cdc9d9-ddb5-4fa4-a97d-d965ccfc6d4b" outcome="Passed" testListId="8c84fa94-04c1-424b-9868-57a2d4851a1d" relativeResultsDirectory="26281d42-a9d6-4eb7-b7e8-1ff9aed6411d" />
    <UnitTestResult executionId="e1735e62-386e-4f29-a4d2-f5e89d28252d" testId="3d51442f-d5b9-5e85-4a02-9391584f7d51" testName="SoftMedia.Server.Tests.Services.Metadata.MetadataAggregatorTests.EnrichMediaItemAsync_ShouldSkipImages_WhenDeferImageCachingIsTrue" computerName="GAMING" duration="00:00:00.4080292" startTime="2026-04-07T01:19:03.0008709-06:00" endTime="2026-04-07T01:19:03.0008710-06:00" testType="13cdc9d9-ddb5-4fa4-a97d-d965ccfc6d4b" outcome="Passed" testListId="8c84fa94-04c1-424b-9868-57a2d4851a1d" relativeResultsDirectory="e1735e62-386e-4f29-a4d2-f5e89d28252d" />
    <UnitTestResult executionId="4bb4bdb5-264b-4d22-9444-0afbe648198a" testId="c86bdea4-d90f-4d62-47da-d49551285469" testName="SoftMedia.Server.Tests.Services.Metadata.MetadataEnrichmentPolicyTests.NeedsEnrichment_Strict_ReturnsFalse_ForBookWithPosterAndAuthor" computerName="GAMING" duration="00:00:00.0000766" startTime="2026-04-07T01:19:02.6108929-06:00" endTime="2026-04-07T01:19:02.6108930-06:00" testType="13cdc9d9-ddb5-4fa4-a97d-d965ccfc6d4b" outcome="Passed" testListId="8c84fa94-04c1-424b-9868-57a2d4851a1d" relativeResultsDirectory="4bb4bdb5-264b-4d22-9444-0afbe648198a" />
    <UnitTestResult executionId="0a7c0fae-4822-4bed-9f7e-36e05350601c" testId="d317307a-0d71-2626-3a79-c8d8780b615d" testName="SoftMedia.Server.Tests.Services.Metadata.MetadataQueueServiceTests.ProcessQueue_ShouldEnrichItem_AndNotify" computerName="GAMING" duration="00:00:01.0107065" startTime="2026-04-07T01:19:04.2165000-06:00" endTime="2026-04-07T01:19:04.2165003-06:00" testType="13cdc9d9-ddb5-4fa4-a97d-d965ccfc6d4b" outcome="Passed" testListId="8c84fa94-04c1-424b-9868-57a2d4851a1d" relativeResultsDirectory="0a7c0fae-4822-4bed-9f7e-36e05350601c" />
    <UnitTestResult executionId="92c26178-d4d8-4f37-9d49-8e15690c165d" testId="346ac593-4c31-7dce-acb1-8f3f1d164e18" testName="SoftMedia.Server.Tests.Services.Metadata.MetadataEnrichmentPolicyTests.NeedsEnrichment_RelaxedMode_ReturnsTrue_WhenNoPoster" computerName="GAMING" duration="00:00:00.0000493" startTime="2026-04-07T01:19:02.6110906-06:00" endTime="2026-04-07T01:19:02.6110906-06:00" testType="13cdc9d9-ddb5-4fa4-a97d-d965ccfc6d4b" outcome="Passed" testListId="8c84fa94-04c1-424b-9868-57a2d4851a1d" relativeResultsDirectory="92c26178-d4d8-4f37-9d49-8e15690c165d" />
    <UnitTestResult executionId="6f73ba5f-358f-4ac2-b3fe-13c0bc99f745" testId="23bba9df-a9be-ff22-ef79-4cebb309c84d" testName="SoftMedia.Server.Tests.Services.Scanning.LibraryScanQueueServiceTests.EnqueueScan_RunsScanViaOrchestrator" computerName="GAMING" duration="00:00:00.5570527" startTime="2026-04-07T01:19:03.7795202-06:00" endTime="2026-04-07T01:19:03.7795204-06:00" testType="13cdc9d9-ddb5-4fa4-a97d-d965ccfc6d4b" outcome="Passed" testListId="8c84fa94-04c1-424b-9868-57a2d4851a1d" relativeResultsDirectory="6f73ba5f-358f-4ac2-b3fe-13c0bc99f745" />
    <UnitTestResult executionId="ddf5fba5-ce64-45ef-b106-9985872c8e9f" testId="7dd5799c-f0fd-308f-a319-04810cc16467" testName="SoftMedia.Server.Tests.Helpers.MetadataJsonMergerTests.MergeJson_MergesCorrectly" computerName="GAMING" duration="00:00:00.0005970" startTime="2026-04-07T01:19:02.6148362-06:00" endTime="2026-04-07T01:19:02.6148363-06:00" testType="13cdc9d9-ddb5-4fa4-a97d-d965ccfc6d4b" outcome="Passed" testListId="8c84fa94-04c1-424b-9868-57a2d4851a1d" relativeResultsDirectory="ddf5fba5-ce64-45ef-b106-9985872c8e9f" />
    <UnitTestResult executionId="de61cd6c-475f-42bb-913f-2a126a0b84f8" testId="ed3c06c6-309c-bc4f-2168-dfdb71b9e40c" testName="SoftMedia.Server.Tests.Helpers.MetadataJsonMergerTests.Merge_EmptyIntoEmpty_ReturnsEmpty" computerName="GAMING" duration="00:00:00.0015921" startTime="2026-04-07T01:19:02.6164788-06:00" endTime="2026-04-07T01:19:02.6164789-06:00" testType="13cdc9d9-ddb5-4fa4-a97d-d965ccfc6d4b" outcome="Passed" testListId="8c84fa94-04c1-424b-9868-57a2d4851a1d" relativeResultsDirectory="de61cd6c-475f-42bb-913f-2a126a0b84f8" />
    <UnitTestResult executionId="0732cecf-b55b-4663-b223-9fd003aa9854" testId="eeb2e6cf-02cb-3b4d-7671-ed2f7106e5f7" testName="SoftMedia.Server.Tests.Services.Metadata.MetadataRouterMusicTests.FetchMetadata_Music_ShouldFallbackToMusicBrainz_WhenEmbeddedInsufficient" computerName="GAMING" duration="00:00:00.0021944" startTime="2026-04-07T01:19:02.6556162-06:00" endTime="2026-04-07T01:19:02.6556163-06:00" testType="13cdc9d9-ddb5-4fa4-a97d-d965ccfc6d4b" outcome="Passed" testListId="8c84fa94-04c1-424b-9868-57a2d4851a1d" relativeResultsDirectory="0732cecf-b55b-4663-b223-9fd003aa9854" />
    <UnitTestResult executionId="eac7e5d7-3eb3-42f3-aefa-c54c793430e1" testId="6c829d4e-3816-07ac-602c-07db6995002e" testName="SoftMedia.Server.Tests.Services.Metadata.MetadataRouterTests.FetchMetadata_HandlesKeyedProvider" computerName="GAMING" duration="00:00:00.0045785" startTime="2026-04-07T01:19:02.6573670-06:00" endTime="2026-04-07T01:19:02.6573671-06:00" testType="13cdc9d9-ddb5-4fa4-a97d-d965ccfc6d4b" outcome="Passed" testListId="8c84fa94-04c1-424b-9868-57a2d4851a1d" relativeResultsDirectory="eac7e5d7-3eb3-42f3-aefa-c54c793430e1" />
    <UnitTestResult executionId="52316ab2-d4ea-4d4c-bc56-768f67319c9d" testId="37569378-8754-3760-e0ba-9354ad094878" testName="SoftMedia.Server.Tests.Services.Metadata.MetadataAggregatorTests.PersistGenresAsync_ShouldCreateNewGenres_InSingleBatch" computerName="GAMING" duration="00:00:00.0513370" startTime="2026-04-07T01:19:03.0522453-06:00" endTime="2026-04-07T01:19:03.0522454-06:00" testType="13cdc9d9-ddb5-4fa4-a97d-d965ccfc6d4b" outcome="Passed" testListId="8c84fa94-04c1-424b-9868-57a2d4851a1d" relativeResultsDirectory="52316ab2-d4ea-4d4c-bc56-768f67319c9d" />
    <UnitTestResult executionId="09f2e0c4-5232-49bd-b5ce-23a012cb19e6" testId="ed5ddfa4-d178-cf78-de52-b9716a6a1d26" testName="SoftMedia.Server.Tests.Services.Scanning.BaseMediaScannerTests.ScanContext_DefaultsToRelaxed_WhenSettingMissing" computerName="GAMING" duration="00:00:00.0014998" startTime="2026-04-07T01:19:03.0263646-06:00" endTime="2026-04-07T01:19:03.0263647-06:00" testType="13cdc9d9-ddb5-4fa4-a97d-d965ccfc6d4b" outcome="Passed" testListId="8c84fa94-04c1-424b-9868-57a2d4851a1d" relativeResultsDirectory="09f2e0c4-5232-49bd-b5ce-23a012cb19e6" />
    <UnitTestResult executionId="5ac74856-6f9b-4105-ad0f-144546fca450" testId="d6e7d0e0-c193-d7f9-09c8-be28bbbf2a37" testName="SoftMedia.Server.Tests.Services.Metadata.MetadataAggregatorTests.PersistCastAsync_ShouldReuseExistingPerson" computerName="GAMING" duration="00:00:00.0291238" startTime="2026-04-07T01:19:03.1064814-06:00" endTime="2026-04-07T01:19:03.1064815-06:00" testType="13cdc9d9-ddb5-4fa4-a97d-d965ccfc6d4b" outcome="Passed" testListId="8c84fa94-04c1-424b-9868-57a2d4851a1d" relativeResultsDirectory="5ac74856-6f9b-4105-ad0f-144546fca450" />
    <UnitTestResult executionId="94e8e206-e32c-49bf-94de-9d43abd1fad0" testId="70a598bd-d03d-b33d-607f-212f283d2f81" testName="SoftMedia.Server.Tests.Services.Metadata.MetadataRouterMusicTests.FetchMetadata_Music_ShouldUseMusicBrainzOnly_WhenConfigured" computerName="GAMING" duration="00:00:00.0588605" startTime="2026-04-07T01:19:02.6517894-06:00" endTime="2026-04-07T01:19:02.6517894-06:00" testType="13cdc9d9-ddb5-4fa4-a97d-d965ccfc6d4b" outcome="Passed" testListId="8c84fa94-04c1-424b-9868-57a2d4851a1d" relativeResultsDirectory="94e8e206-e32c-49bf-94de-9d43abd1fad0" />
    <UnitTestResult executionId="88c4bd2e-e89e-44cc-8faf-f64e1904e47b" testId="006b93c1-3438-6b71-04df-ae940263db9c" testName="SoftMedia.Server.Tests.Services.Metadata.OpenLibraryProviderTests.FetchMetadataAsync_ScoresAndSelectsBestMatch" computerName="GAMING" duration="00:00:00.0019587" startTime="2026-04-07T01:19:02.6522703-06:00" endTime="2026-04-07T01:19:02.6522704-06:00" testType="13cdc9d9-ddb5-4fa4-a97d-d965ccfc6d4b" outcome="Passed" testListId="8c84fa94-04c1-424b-9868-57a2d4851a1d" relativeResultsDirectory="88c4bd2e-e89e-44cc-8faf-f64e1904e47b" />
    <UnitTestResult executionId="5b586c3d-00f8-4cc3-871d-67fee7e5eddb" testId="b01e4de8-3aa1-0b55-2106-816cd6547121" testName="SoftMedia.Server.Tests.Services.Metadata.MetadataEnrichmentPolicyTests.NeedsEnrichment_ReturnsTrue_WhenNoPosterKey" computerName="GAMING" duration="00:00:00.0000894" startTime="2026-04-07T01:19:02.6044444-06:00" endTime="2026-04-07T01:19:02.6044444-06:00" testType="13cdc9d9-ddb5-4fa4-a97d-d965ccfc6d4b" outcome="Passed" testListId="8c84fa94-04c1-424b-9868-57a2d4851a1d" relativeResultsDirectory="5b586c3d-00f8-4cc3-871d-67fee7e5eddb" />
  </Results>
  <TestDefinitions>
    <UnitTest name="SoftMedia.Server.Tests.Services.Metadata.MetadataAggregatorTests.EnrichMediaItemAsync_ShouldCallImageExtractor_ForSeriesWithSeasons" storage="c:\users\admin\documents\coding2\softmedia\src\softmedia.server.tests\bin\debug\net8.0\softmedia.server.tests.dll" id="61eedcc0-7777-8a88-49ed-71ed16b47da4">
      <Execution id="04e28716-27e3-4408-9071-44eeab77085e" />
      <TestMethod codeBase="C:\Users\Admin\Documents\coding2\SoftMedia\src\SoftMedia.Server.Tests\bin\Debug\net8.0\SoftMedia.Server.Tests.dll" adapterTypeName="executor://xunit/VsTestRunner2/netcoreapp" className="SoftMedia.Server.Tests.Services.Metadata.MetadataAggregatorTests" name="EnrichMediaItemAsync_ShouldCallImageExtractor_ForSeriesWithSeasons" />
    </UnitTest>
    <UnitTest name="SoftMedia.Server.Tests.Services.Metadata.MetadataEnrichmentPolicyTests.NeedsEnrichment_ReturnsTrue_WhenMetadataJsonIsEmpty" storage="c:\users\admin\documents\coding2\softmedia\src\softmedia.server.tests\bin\debug\net8.0\softmedia.server.tests.dll" id="36ccee62-da67-292c-c564-d135d54164be">
      <Execution id="25c729f3-bef3-4831-a3cc-68e21676da45" />
      <TestMethod codeBase="C:\Users\Admin\Documents\coding2\SoftMedia\src\SoftMedia.Server.Tests\bin\Debug\net8.0\SoftMedia.Server.Tests.dll" adapterTypeName="executor://xunit/VsTestRunner2/netcoreapp" className="SoftMedia.Server.Tests.Services.Metadata.MetadataEnrichmentPolicyTests" name="NeedsEnrichment_ReturnsTrue_WhenMetadataJsonIsEmpty" />
    </UnitTest>
    <UnitTest name="SoftMedia.Server.Tests.Services.Metadata.MetadataRouterMusicTests.FetchMetadata_Music_ShouldUseEmbeddedOnly_WhenConfigured" storage="c:\users\admin\documents\coding2\softmedia\src\softmedia.server.tests\bin\debug\net8.0\softmedia.server.tests.dll" id="538bfd46-9a96-d7dc-dd3e-aacf1f47e340">
      <Execution id="dc9cf81b-a6bb-432e-8ab7-86d847e5617c" />
      <TestMethod codeBase="C:\Users\Admin\Documents\coding2\SoftMedia\src\SoftMedia.Server.Tests\bin\Debug\net8.0\SoftMedia.Server.Tests.dll" adapterTypeName="executor://xunit/VsTestRunner2/netcoreapp" className="SoftMedia.Server.Tests.Services.Metadata.MetadataRouterMusicTests" name="FetchMetadata_Music_ShouldUseEmbeddedOnly_WhenConfigured" />
    </UnitTest>
    <UnitTest name="SoftMedia.Server.Tests.Services.Metadata.EmbeddedMusicProviderTests.FetchMetadataAsync_ProcessesAudioType_WhenScannedTagsPresent" storage="c:\users\admin\documents\coding2\softmedia\src\softmedia.server.tests\bin\debug\net8.0\softmedia.server.tests.dll" id="cc69e876-425b-8b76-e345-f4d676734869">
      <Execution id="e64fb407-31fc-4502-932f-278334903d2b" />
      <TestMethod codeBase="C:\Users\Admin\Documents\coding2\SoftMedia\src\SoftMedia.Server.Tests\bin\Debug\net8.0\SoftMedia.Server.Tests.dll" adapterTypeName="executor://xunit/VsTestRunner2/netcoreapp" className="SoftMedia.Server.Tests.Services.Metadata.EmbeddedMusicProviderTests" name="FetchMetadataAsync_ProcessesAudioType_WhenScannedTagsPresent" />
    </UnitTest>
    <UnitTest name="SoftMedia.Server.Tests.Services.Metadata.MetadataEnrichmentPolicyTests.NeedsEnrichment_Strict_ReturnsTrue_ForAlbumWithNoPosterNoCoverArt" storage="c:\users\admin\documents\coding2\softmedia\src\softmedia.server.tests\bin\debug\net8.0\softmedia.server.tests.dll" id="b0664991-6bdb-94b5-7679-ce40ef187615">
      <Execution id="7817f086-efd2-4bf6-b31c-5caf7dc73630" />
      <TestMethod codeBase="C:\Users\Admin\Documents\coding2\SoftMedia\src\SoftMedia.Server.Tests\bin\Debug\net8.0\SoftMedia.Server.Tests.dll" adapterTypeName="executor://xunit/VsTestRunner2/netcoreapp" className="SoftMedia.Server.Tests.Services.Metadata.MetadataEnrichmentPolicyTests" name="NeedsEnrichment_Strict_ReturnsTrue_ForAlbumWithNoPosterNoCoverArt" />
    </UnitTest>
    <UnitTest name="SoftMedia.Server.Tests.Services.Scanning.BaseMediaScannerTests.ScanLibraryAsync_ProcessesAllFiles_InSingleDirectory" storage="c:\users\admin\documents\coding2\softmedia\src\softmedia.server.tests\bin\debug\net8.0\softmedia.server.tests.dll" id="d0e03b6f-03d5-379f-1456-fa50236177b0">
      <Execution id="b262cd45-29bd-4360-a3de-7fb74a99d278" />
      <TestMethod codeBase="C:\Users\Admin\Documents\coding2\SoftMedia\src\SoftMedia.Server.Tests\bin\Debug\net8.0\SoftMedia.Server.Tests.dll" adapterTypeName="executor://xunit/VsTestRunner2/netcoreapp" className="SoftMedia.Server.Tests.Services.Scanning.BaseMediaScannerTests" name="ScanLibraryAsync_ProcessesAllFiles_InSingleDirectory" />
    </UnitTest>
    <UnitTest name="SoftMedia.Server.Tests.Services.Metadata.MetadataEnrichmentPolicyTests.NeedsEnrichment_ReturnsFalse_WhenRetryExhausted" storage="c:\users\admin\documents\coding2\softmedia\src\softmedia.server.tests\bin\debug\net8.0\softmedia.server.tests.dll" id="9c0283b2-d89a-1582-2316-6294fb94372e">
      <Execution id="c5a95ee3-aaaa-4c95-b2e2-09a9994e4d0b" />
      <TestMethod codeBase="C:\Users\Admin\Documents\coding2\SoftMedia\src\SoftMedia.Server.Tests\bin\Debug\net8.0\SoftMedia.Server.Tests.dll" adapterTypeName="executor://xunit/VsTestRunner2/netcoreapp" className="SoftMedia.Server.Tests.Services.Metadata.MetadataEnrichmentPolicyTests" name="NeedsEnrichment_ReturnsFalse_WhenRetryExhausted" />
    </UnitTest>
    <UnitTest name="SoftMedia.Server.Tests.Services.Background.ImageDownloadQueueServiceTests.ProcessDownload_ShouldCachePoster_AndNotify" storage="c:\users\admin\documents\coding2\softmedia\src\softmedia.server.tests\bin\debug\net8.0\softmedia.server.tests.dll" id="bbb35753-e41c-f7e1-c8a8-480ed1f8cfa1">
      <Execution id="3cb4858a-65fd-40c7-a093-b702a110e1ff" />
      <TestMethod codeBase="C:\Users\Admin\Documents\coding2\SoftMedia\src\SoftMedia.Server.Tests\bin\Debug\net8.0\SoftMedia.Server.Tests.dll" adapterTypeName="executor://xunit/VsTestRunner2/netcoreapp" className="SoftMedia.Server.Tests.Services.Background.ImageDownloadQueueServiceTests" name="ProcessDownload_ShouldCachePoster_AndNotify" />
    </UnitTest>
    <UnitTest name="SoftMedia.Server.Tests.Services.Scanning.BookScannerTests.ProcessFileAsync_RequeuesExistingBook_WhenStrictAndMissingAuthor" storage="c:\users\admin\documents\coding2\softmedia\src\softmedia.server.tests\bin\debug\net8.0\softmedia.server.tests.dll" id="2949cec8-b665-0dfa-8e7c-3f322e13a4f9">
      <Execution id="b241f29f-964c-4a97-948c-a2835bf2861e" />
      <TestMethod codeBase="C:\Users\Admin\Documents\coding2\SoftMedia\src\SoftMedia.Server.Tests\bin\Debug\net8.0\SoftMedia.Server.Tests.dll" adapterTypeName="executor://xunit/VsTestRunner2/netcoreapp" className="SoftMedia.Server.Tests.Services.Scanning.BookScannerTests" name="ProcessFileAsync_RequeuesExistingBook_WhenStrictAndMissingAuthor" />
    </UnitTest>
    <UnitTest name="SoftMedia.Server.Tests.Services.Metadata.MetadataRouterMusicTests.FetchMetadata_Music_ShouldSkipFallback_WhenEmbeddedSufficient" storage="c:\users\admin\documents\coding2\softmedia\src\softmedia.server.tests\bin\debug\net8.0\softmedia.server.tests.dll" id="f0d90b33-a540-42b6-c4cd-cd35f54bd754">
      <Execution id="6907a1b1-b688-48d1-bf0c-1fd2281e6819" />
      <TestMethod codeBase="C:\Users\Admin\Documents\coding2\SoftMedia\src\SoftMedia.Server.Tests\bin\Debug\net8.0\SoftMedia.Server.Tests.dll" adapterTypeName="executor://xunit/VsTestRunner2/netcoreapp" className="SoftMedia.Server.Tests.Services.Metadata.MetadataRouterMusicTests" name="FetchMetadata_Music_ShouldSkipFallback_WhenEmbeddedSufficient" />
    </UnitTest>
    <UnitTest name="SoftMedia.Server.Tests.Services.Metadata.MetadataEnrichmentPolicyTests.NeedsEnrichment_StillReturnsFalse_WhenRetryExhausted_InStrictMode" storage="c:\users\admin\documents\coding2\softmedia\src\softmedia.server.tests\bin\debug\net8.0\softmedia.server.tests.dll" id="e8f999af-573d-4b20-05eb-40550e455c01">
      <Execution id="9aba5f22-60f4-40f0-9df8-c5c01fa175ad" />
      <TestMethod codeBase="C:\Users\Admin\Documents\coding2\SoftMedia\src\SoftMedia.Server.Tests\bin\Debug\net8.0\SoftMedia.Server.Tests.dll" adapterTypeName="executor://xunit/VsTestRunner2/netcoreapp" className="SoftMedia.Server.Tests.Services.Metadata.MetadataEnrichmentPolicyTests" name="NeedsEnrichment_StillReturnsFalse_WhenRetryExhausted_InStrictMode" />
    </UnitTest>
    <UnitTest name="SoftMedia.Server.Tests.Services.Metadata.MetadataEnrichmentPolicyTests.NeedsEnrichment_RelaxedMode_ReturnsTrue_WhenNoPoster" storage="c:\users\admin\documents\coding2\softmedia\src\softmedia.server.tests\bin\debug\net8.0\softmedia.server.tests.dll" id="346ac593-4c31-7dce-acb1-8f3f1d164e18">
      <Execution id="92c26178-d4d8-4f37-9d49-8e15690c165d" />
      <TestMethod codeBase="C:\Users\Admin\Documents\coding2\SoftMedia\src\SoftMedia.Server.Tests\bin\Debug\net8.0\SoftMedia.Server.Tests.dll" adapterTypeName="executor://xunit/VsTestRunner2/netcoreapp" className="SoftMedia.Server.Tests.Services.Metadata.MetadataEnrichmentPolicyTests" name="NeedsEnrichment_RelaxedMode_ReturnsTrue_WhenNoPoster" />
    </UnitTest>
    <UnitTest name="SoftMedia.Server.Tests.Services.Metadata.EmbeddedMusicProviderTests.FetchMetadataAsync_ReturnsNull_ForAlbumType" storage="c:\users\admin\documents\coding2\softmedia\src\softmedia.server.tests\bin\debug\net8.0\softmedia.server.tests.dll" id="c9a1b6ff-5d69-c2c6-4de0-d85d59a0228e">
      <Execution id="1868c634-6270-4eec-8eb7-41bc1e719daf" />
      <TestMethod codeBase="C:\Users\Admin\Documents\coding2\SoftMedia\src\SoftMedia.Server.Tests\bin\Debug\net8.0\SoftMedia.Server.Tests.dll" adapterTypeName="executor://xunit/VsTestRunner2/netcoreapp" className="SoftMedia.Server.Tests.Services.Metadata.EmbeddedMusicProviderTests" name="FetchMetadataAsync_ReturnsNull_ForAlbumType" />
    </UnitTest>
    <UnitTest name="SoftMedia.Server.Tests.Services.Metadata.MetadataRouterTests.FetchMusicMetadata_AlbumSufficient_WhenHasTitleAndArt" storage="c:\users\admin\documents\coding2\softmedia\src\softmedia.server.tests\bin\debug\net8.0\softmedia.server.tests.dll" id="0263c790-e2af-1a06-8b37-bda408d8e0ab">
      <Execution id="597fe40d-b3d2-4179-aa8b-13669babc8f6" />
      <TestMethod codeBase="C:\Users\Admin\Documents\coding2\SoftMedia\src\SoftMedia.Server.Tests\bin\Debug\net8.0\SoftMedia.Server.Tests.dll" adapterTypeName="executor://xunit/VsTestRunner2/netcoreapp" className="SoftMedia.Server.Tests.Services.Metadata.MetadataRouterTests" name="FetchMusicMetadata_AlbumSufficient_WhenHasTitleAndArt" />
    </UnitTest>
    <UnitTest name="SoftMedia.Server.Tests.Services.Metadata.MetadataAggregatorTests.EnrichMediaItemAsync_ShouldPopulateExternalIds" storage="c:\users\admin\documents\coding2\softmedia\src\softmedia.server.tests\bin\debug\net8.0\softmedia.server.tests.dll" id="45d77507-45b1-6c5e-7b74-e60963d7da0f">
      <Execution id="4b9c1655-558b-4760-971a-5bee8cabf592" />
      <TestMethod codeBase="C:\Users\Admin\Documents\coding2\SoftMedia\src\SoftMedia.Server.Tests\bin\Debug\net8.0\SoftMedia.Server.Tests.dll" adapterTypeName="executor://xunit/VsTestRunner2/netcoreapp" className="SoftMedia.Server.Tests.Services.Metadata.MetadataAggregatorTests" name="EnrichMediaItemAsync_ShouldPopulateExternalIds" />
    </UnitTest>
    <UnitTest name="SoftMedia.Server.Tests.Services.Metadata.OpenLibraryProviderTests.FetchMetadataAsync_UsesGenericQuery_WhenNoAuthorInMetadataJson" storage="c:\users\admin\documents\coding2\softmedia\src\softmedia.server.tests\bin\debug\net8.0\softmedia.server.tests.dll" id="ebe51916-4052-6013-1737-4538d224d56b">
      <Execution id="72693e8e-5bae-4929-af25-77171fa95930" />
      <TestMethod codeBase="C:\Users\Admin\Documents\coding2\SoftMedia\src\SoftMedia.Server.Tests\bin\Debug\net8.0\SoftMedia.Server.Tests.dll" adapterTypeName="executor://xunit/VsTestRunner2/netcoreapp" className="SoftMedia.Server.Tests.Services.Metadata.OpenLibraryProviderTests" name="FetchMetadataAsync_UsesGenericQuery_WhenNoAuthorInMetadataJson" />
    </UnitTest>
    <UnitTest name="SoftMedia.Server.Tests.Services.Metadata.MetadataAggregatorTests.EnrichMediaItemAsync_ShouldSkipImages_WhenDeferImageCachingIsTrue" storage="c:\users\admin\documents\coding2\softmedia\src\softmedia.server.tests\bin\debug\net8.0\softmedia.server.tests.dll" id="3d51442f-d5b9-5e85-4a02-9391584f7d51">
      <Execution id="e1735e62-386e-4f29-a4d2-f5e89d28252d" />
      <TestMethod codeBase="C:\Users\Admin\Documents\coding2\SoftMedia\src\SoftMedia.Server.Tests\bin\Debug\net8.0\SoftMedia.Server.Tests.dll" adapterTypeName="executor://xunit/VsTestRunner2/netcoreapp" className="SoftMedia.Server.Tests.Services.Metadata.MetadataAggregatorTests" name="EnrichMediaItemAsync_ShouldSkipImages_WhenDeferImageCachingIsTrue" />
    </UnitTest>
    <UnitTest name="SoftMedia.Server.Tests.Services.Scanning.LibraryScanQueueServiceTests.EnqueueScan_RunsScanViaOrchestrator" storage="c:\users\admin\documents\coding2\softmedia\src\softmedia.server.tests\bin\debug\net8.0\softmedia.server.tests.dll" id="23bba9df-a9be-ff22-ef79-4cebb309c84d">
      <Execution id="6f73ba5f-358f-4ac2-b3fe-13c0bc99f745" />
      <TestMethod codeBase="C:\Users\Admin\Documents\coding2\SoftMedia\src\SoftMedia.Server.Tests\bin\Debug\net8.0\SoftMedia.Server.Tests.dll" adapterTypeName="executor://xunit/VsTestRunner2/netcoreapp" className="SoftMedia.Server.Tests.Services.Scanning.LibraryScanQueueServiceTests" name="EnqueueScan_RunsScanViaOrchestrator" />
    </UnitTest>
    <UnitTest name="SoftMedia.Server.Tests.Helpers.MetadataJsonMergerTests.MergeJson_MergesCorrectly" storage="c:\users\admin\documents\coding2\softmedia\src\softmedia.server.tests\bin\debug\net8.0\softmedia.server.tests.dll" id="7dd5799c-f0fd-308f-a319-04810cc16467">
      <Execution id="ddf5fba5-ce64-45ef-b106-9985872c8e9f" />
      <TestMethod codeBase="C:\Users\Admin\Documents\coding2\SoftMedia\src\SoftMedia.Server.Tests\bin\Debug\net8.0\SoftMedia.Server.Tests.dll" adapterTypeName="executor://xunit/VsTestRunner2/netcoreapp" className="SoftMedia.Server.Tests.Helpers.MetadataJsonMergerTests" name="MergeJson_MergesCorrectly" />
    </UnitTest>
    <UnitTest name="SoftMedia.Server.Tests.Services.Metadata.EmbeddedMusicProviderTests.FetchMetadataAsync_ReturnsNull_ForSeriesType" storage="c:\users\admin\documents\coding2\softmedia\src\softmedia.server.tests\bin\debug\net8.0\softmedia.server.tests.dll" id="2e641f70-69ea-db58-8435-4338dd94c2be">
      <Execution id="b45c6aec-4436-4905-940a-6ec181aa58b7" />
      <TestMethod codeBase="C:\Users\Admin\Documents\coding2\SoftMedia\src\SoftMedia.Server.Tests\bin\Debug\net8.0\SoftMedia.Server.Tests.dll" adapterTypeName="executor://xunit/VsTestRunner2/netcoreapp" className="SoftMedia.Server.Tests.Services.Metadata.EmbeddedMusicProviderTests" name="FetchMetadataAsync_ReturnsNull_ForSeriesType" />
    </UnitTest>
    <UnitTest name="SoftMedia.Server.Tests.Services.Scanning.LibraryScanQueueServiceTests.EnqueueScan_SerializesConcurrentRequests" storage="c:\users\admin\documents\coding2\softmedia\src\softmedia.server.tests\bin\debug\net8.0\softmedia.server.tests.dll" id="a6cd6ea9-7cfb-5dbb-f5f7-185c53522493">
      <Execution id="8d12d054-e92d-4d85-b44f-d3fc6e4369a4" />
      <TestMethod codeBase="C:\Users\Admin\Documents\coding2\SoftMedia\src\SoftMedia.Server.Tests\bin\Debug\net8.0\SoftMedia.Server.Tests.dll" adapterTypeName="executor://xunit/VsTestRunner2/netcoreapp" className="SoftMedia.Server.Tests.Services.Scanning.LibraryScanQueueServiceTests" name="EnqueueScan_SerializesConcurrentRequests" />
    </UnitTest>
    <UnitTest name="SoftMedia.Server.Tests.Services.Metadata.MetadataQueueServiceTests.ProcessItem_NoRetryInRelaxedMode_WhenUnchangedAndHasPoster" storage="c:\users\admin\documents\coding2\softmedia\src\softmedia.server.tests\bin\debug\net8.0\softmedia.server.tests.dll" id="b2b31162-8a48-396a-b039-94565765c5ed">
      <Execution id="c149da7b-5723-41ec-b120-88a2d869161f" />
      <TestMethod codeBase="C:\Users\Admin\Documents\coding2\SoftMedia\src\SoftMedia.Server.Tests\bin\Debug\net8.0\SoftMedia.Server.Tests.dll" adapterTypeName="executor://xunit/VsTestRunner2/netcoreapp" className="SoftMedia.Server.Tests.Services.Metadata.MetadataQueueServiceTests" name="ProcessItem_NoRetryInRelaxedMode_WhenUnchangedAndHasPoster" />
    </UnitTest>
    <UnitTest name="SoftMedia.Server.Tests.Services.Metadata.MetadataRouterTests.FetchMusicMetadata_FallbackMergesGaps" storage="c:\users\admin\documents\coding2\softmedia\src\softmedia.server.tests\bin\debug\net8.0\softmedia.server.tests.dll" id="7102269a-8917-5d43-25e9-5052fe45ea57">
      <Execution id="d129f119-591a-4d43-bf87-ee0c6f14a968" />
      <TestMethod codeBase="C:\Users\Admin\Documents\coding2\SoftMedia\src\SoftMedia.Server.Tests\bin\Debug\net8.0\SoftMedia.Server.Tests.dll" adapterTypeName="executor://xunit/VsTestRunner2/netcoreapp" className="SoftMedia.Server.Tests.Services.Metadata.MetadataRouterTests" name="FetchMusicMetadata_FallbackMergesGaps" />
    </UnitTest>
    <UnitTest name="SoftMedia.Server.Tests.Services.Metadata.MetadataAggregatorTests.EnrichMediaItemAsync_ShouldCallImageExtractor_WhenPosterUrlPresent" storage="c:\users\admin\documents\coding2\softmedia\src\softmedia.server.tests\bin\debug\net8.0\softmedia.server.tests.dll" id="c3cd53d0-0549-ef6e-345a-0b023b6ae691">
      <Execution id="29161d88-e2f2-494f-8498-50e4dd4b55fd" />
      <TestMethod codeBase="C:\Users\Admin\Documents\coding2\SoftMedia\src\SoftMedia.Server.Tests\bin\Debug\net8.0\SoftMedia.Server.Tests.dll" adapterTypeName="executor://xunit/VsTestRunner2/netcoreapp" className="SoftMedia.Server.Tests.Services.Metadata.MetadataAggregatorTests" name="EnrichMediaItemAsync_ShouldCallImageExtractor_WhenPosterUrlPresent" />
    </UnitTest>
    <UnitTest name="SoftMedia.Server.Tests.Services.Scanning.BaseMediaScannerTests.ScanLibraryAsync_ProcessesDirectoriesInParallel" storage="c:\users\admin\documents\coding2\softmedia\src\softmedia.server.tests\bin\debug\net8.0\softmedia.server.tests.dll" id="bd4248eb-b0d1-661f-0395-9277e60a23a4">
      <Execution id="65df168a-2da3-4220-b217-5d96691127df" />
      <TestMethod codeBase="C:\Users\Admin\Documents\coding2\SoftMedia\src\SoftMedia.Server.Tests\bin\Debug\net8.0\SoftMedia.Server.Tests.dll" adapterTypeName="executor://xunit/VsTestRunner2/netcoreapp" className="SoftMedia.Server.Tests.Services.Scanning.BaseMediaScannerTests" name="ScanLibraryAsync_ProcessesDirectoriesInParallel" />
    </UnitTest>
    <UnitTest name="SoftMedia.Server.Tests.Helpers.MetadataJsonMergerTests.Merge_WithValidValues_OverwritesExisting" storage="c:\users\admin\documents\coding2\softmedia\src\softmedia.server.tests\bin\debug\net8.0\softmedia.server.tests.dll" id="8523c8ef-4416-e58b-ebf7-fad5fac7d4b1">
      <Execution id="38355470-3a74-4900-8d2d-94b73b7485df" />
      <TestMethod codeBase="C:\Users\Admin\Documents\coding2\SoftMedia\src\SoftMedia.Server.Tests\bin\Debug\net8.0\SoftMedia.Server.Tests.dll" adapterTypeName="executor://xunit/VsTestRunner2/netcoreapp" className="SoftMedia.Server.Tests.Helpers.MetadataJsonMergerTests" name="Merge_WithValidValues_OverwritesExisting" />
    </UnitTest>
    <UnitTest name="SoftMedia.Server.Tests.Helpers.MetadataJsonMergerTests.Merge_PreservesArraysAndObjects" storage="c:\users\admin\documents\coding2\softmedia\src\softmedia.server.tests\bin\debug\net8.0\softmedia.server.tests.dll" id="d9906e35-a93a-1b05-a698-91999e6aeaa0">
      <Execution id="314b4781-4312-450e-8fb1-048f8482a69e" />
      <TestMethod codeBase="C:\Users\Admin\Documents\coding2\SoftMedia\src\SoftMedia.Server.Tests\bin\Debug\net8.0\SoftMedia.Server.Tests.dll" adapterTypeName="executor://xunit/VsTestRunner2/netcoreapp" className="SoftMedia.Server.Tests.Helpers.MetadataJsonMergerTests" name="Merge_PreservesArraysAndObjects" />
    </UnitTest>
    <UnitTest name="SoftMedia.Server.Tests.Services.Metadata.MetadataEnrichmentPolicyTests.NeedsEnrichment_ReturnsFalse_WhenPosterHasValidUrl" storage="c:\users\admin\documents\coding2\softmedia\src\softmedia.server.tests\bin\debug\net8.0\softmedia.server.tests.dll" id="8b717efe-8428-7ca2-6cca-8a634e190146">
      <Execution id="89277d5d-c396-4c54-b25a-4bffdf182168" />
      <TestMethod codeBase="C:\Users\Admin\Documents\coding2\SoftMedia\src\SoftMedia.Server.Tests\bin\Debug\net8.0\SoftMedia.Server.Tests.dll" adapterTypeName="executor://xunit/VsTestRunner2/netcoreapp" className="SoftMedia.Server.Tests.Services.Metadata.MetadataEnrichmentPolicyTests" name="NeedsEnrichment_ReturnsFalse_WhenPosterHasValidUrl" />
    </UnitTest>
    <UnitTest name="SoftMedia.Server.Tests.Services.Scanning.BaseMediaScannerTests.ScanContext_ReadsStrictEnrichment_FromSettingsOnce" storage="c:\users\admin\documents\coding2\softmedia\src\softmedia.server.tests\bin\debug\net8.0\softmedia.server.tests.dll" id="84864961-698f-4367-ac1c-47a44519819b">
      <Execution id="ca65282e-6560-4f00-ab1a-5c56f0f14b86" />
      <TestMethod codeBase="C:\Users\Admin\Documents\coding2\SoftMedia\src\SoftMedia.Server.Tests\bin\Debug\net8.0\SoftMedia.Server.Tests.dll" adapterTypeName="executor://xunit/VsTestRunner2/netcoreapp" className="SoftMedia.Server.Tests.Services.Scanning.BaseMediaScannerTests" name="ScanContext_ReadsStrictEnrichment_FromSettingsOnce" />
    </UnitTest>
    <UnitTest name="SoftMedia.Server.Tests.Services.Scanning.GameScannerTests.ProcessFileAsync_SkipsExistingGame_WhenRelaxedAndHasPoster" storage="c:\users\admin\documents\coding2\softmedia\src\softmedia.server.tests\bin\debug\net8.0\softmedia.server.tests.dll" id="07fa2d24-bf21-3d95-a660-c5415fff73ef">
      <Execution id="a924662c-4619-4fdb-983a-b00de8bb32ed" />
      <TestMethod codeBase="C:\Users\Admin\Documents\coding2\SoftMedia\src\SoftMedia.Server.Tests\bin\Debug\net8.0\SoftMedia.Server.Tests.dll" adapterTypeName="executor://xunit/VsTestRunner2/netcoreapp" className="SoftMedia.Server.Tests.Services.Scanning.GameScannerTests" name="ProcessFileAsync_SkipsExistingGame_WhenRelaxedAndHasPoster" />
    </UnitTest>
    <UnitTest name="SoftMedia.Server.Tests.Services.Metadata.MetadataEnrichmentPolicyTests.NeedsEnrichment_ReturnsTrue_WhenNoPosterKey" storage="c:\users\admin\documents\coding2\softmedia\src\softmedia.server.tests\bin\debug\net8.0\softmedia.server.tests.dll" id="b01e4de8-3aa1-0b55-2106-816cd6547121">
      <Execution id="5b586c3d-00f8-4cc3-871d-67fee7e5eddb" />
      <TestMethod codeBase="C:\Users\Admin\Documents\coding2\SoftMedia\src\SoftMedia.Server.Tests\bin\Debug\net8.0\SoftMedia.Server.Tests.dll" adapterTypeName="executor://xunit/VsTestRunner2/netcoreapp" className="SoftMedia.Server.Tests.Services.Metadata.MetadataEnrichmentPolicyTests" name="NeedsEnrichment_ReturnsTrue_WhenNoPosterKey" />
    </UnitTest>
    <UnitTest name="SoftMedia.Server.Tests.Services.Metadata.MetadataRouterMusicTests.FetchMetadata_Music_ShouldFallbackToMusicBrainz_WhenEmbeddedInsufficient" storage="c:\users\admin\documents\coding2\softmedia\src\softmedia.server.tests\bin\debug\net8.0\softmedia.server.tests.dll" id="eeb2e6cf-02cb-3b4d-7671-ed2f7106e5f7">
      <Execution id="0732cecf-b55b-4663-b223-9fd003aa9854" />
      <TestMethod codeBase="C:\Users\Admin\Documents\coding2\SoftMedia\src\SoftMedia.Server.Tests\bin\Debug\net8.0\SoftMedia.Server.Tests.dll" adapterTypeName="executor://xunit/VsTestRunner2/netcoreapp" className="SoftMedia.Server.Tests.Services.Metadata.MetadataRouterMusicTests" name="FetchMetadata_Music_ShouldFallbackToMusicBrainz_WhenEmbeddedInsufficient" />
    </UnitTest>
    <UnitTest name="SoftMedia.Server.Tests.Services.Metadata.MetadataRouterTests.FetchMetadata_HandlesKeyedProvider" storage="c:\users\admin\documents\coding2\softmedia\src\softmedia.server.tests\bin\debug\net8.0\softmedia.server.tests.dll" id="6c829d4e-3816-07ac-602c-07db6995002e">
      <Execution id="eac7e5d7-3eb3-42f3-aefa-c54c793430e1" />
      <TestMethod codeBase="C:\Users\Admin\Documents\coding2\SoftMedia\src\SoftMedia.Server.Tests\bin\Debug\net8.0\SoftMedia.Server.Tests.dll" adapterTypeName="executor://xunit/VsTestRunner2/netcoreapp" className="SoftMedia.Server.Tests.Services.Metadata.MetadataRouterTests" name="FetchMetadata_HandlesKeyedProvider" />
    </UnitTest>
    <UnitTest name="SoftMedia.Server.Tests.Services.Scanning.BaseMediaScannerTests.ScanContext_DefaultsToRelaxed_WhenSettingMissing" storage="c:\users\admin\documents\coding2\softmedia\src\softmedia.server.tests\bin\debug\net8.0\softmedia.server.tests.dll" id="ed5ddfa4-d178-cf78-de52-b9716a6a1d26">
      <Execution id="09f2e0c4-5232-49bd-b5ce-23a012cb19e6" />
      <TestMethod codeBase="C:\Users\Admin\Documents\coding2\SoftMedia\src\SoftMedia.Server.Tests\bin\Debug\net8.0\SoftMedia.Server.Tests.dll" adapterTypeName="executor://xunit/VsTestRunner2/netcoreapp" className="SoftMedia.Server.Tests.Services.Scanning.BaseMediaScannerTests" name="ScanContext_DefaultsToRelaxed_WhenSettingMissing" />
    </UnitTest>
    <UnitTest name="SoftMedia.Server.Tests.Services.Metadata.OpenLibraryProviderTests.FetchMetadataAsync_ScoresAndSelectsBestMatch" storage="c:\users\admin\documents\coding2\softmedia\src\softmedia.server.tests\bin\debug\net8.0\softmedia.server.tests.dll" id="006b93c1-3438-6b71-04df-ae940263db9c">
      <Execution id="88c4bd2e-e89e-44cc-8faf-f64e1904e47b" />
      <TestMethod codeBase="C:\Users\Admin\Documents\coding2\SoftMedia\src\SoftMedia.Server.Tests\bin\Debug\net8.0\SoftMedia.Server.Tests.dll" adapterTypeName="executor://xunit/VsTestRunner2/netcoreapp" className="SoftMedia.Server.Tests.Services.Metadata.OpenLibraryProviderTests" name="FetchMetadataAsync_ScoresAndSelectsBestMatch" />
    </UnitTest>
    <UnitTest name="SoftMedia.Server.Tests.Services.Metadata.MetadataAggregatorTests.PersistGenresAsync_DiffBased_ShouldOnlyAddMissing" storage="c:\users\admin\documents\coding2\softmedia\src\softmedia.server.tests\bin\debug\net8.0\softmedia.server.tests.dll" id="1a0838f3-050c-3dac-c8fe-c909ec89c395">
      <Execution id="7885d6eb-796c-49ec-9491-73ec88c07b74" />
      <TestMethod codeBase="C:\Users\Admin\Documents\coding2\SoftMedia\src\SoftMedia.Server.Tests\bin\Debug\net8.0\SoftMedia.Server.Tests.dll" adapterTypeName="executor://xunit/VsTestRunner2/netcoreapp" className="SoftMedia.Server.Tests.Services.Metadata.MetadataAggregatorTests" name="PersistGenresAsync_DiffBased_ShouldOnlyAddMissing" />
    </UnitTest>
    <UnitTest name="SoftMedia.Server.Tests.Services.Background.ImageDownloadQueueServiceTests.ProcessDownload_ShouldCacheSeasonPoster_AndNotify" storage="c:\users\admin\documents\coding2\softmedia\src\softmedia.server.tests\bin\debug\net8.0\softmedia.server.tests.dll" id="9d920564-919d-0bf7-d30f-62d78e83791f">
      <Execution id="52ab09d3-8404-4032-821f-deec125aeccd" />
      <TestMethod codeBase="C:\Users\Admin\Documents\coding2\SoftMedia\src\SoftMedia.Server.Tests\bin\Debug\net8.0\SoftMedia.Server.Tests.dll" adapterTypeName="executor://xunit/VsTestRunner2/netcoreapp" className="SoftMedia.Server.Tests.Services.Background.ImageDownloadQueueServiceTests" name="ProcessDownload_ShouldCacheSeasonPoster_AndNotify" />
    </UnitTest>
    <UnitTest name="SoftMedia.Server.Tests.Services.Metadata.MetadataRouterTests.FetchMetadata_RoutesToCorrectProviderByType" storage="c:\users\admin\documents\coding2\softmedia\src\softmedia.server.tests\bin\debug\net8.0\softmedia.server.tests.dll" id="e095c894-46c5-3461-3d17-568d3e2b1c49">
      <Execution id="f4df593c-2aab-4640-a22c-f9a010672f44" />
      <TestMethod codeBase="C:\Users\Admin\Documents\coding2\SoftMedia\src\SoftMedia.Server.Tests\bin\Debug\net8.0\SoftMedia.Server.Tests.dll" adapterTypeName="executor://xunit/VsTestRunner2/netcoreapp" className="SoftMedia.Server.Tests.Services.Metadata.MetadataRouterTests" name="FetchMetadata_RoutesToCorrectProviderByType" />
    </UnitTest>
    <UnitTest name="SoftMedia.Server.Tests.Services.Metadata.MetadataQueueServiceTests.ProcessQueue_ShouldEnrichItem_AndNotify" storage="c:\users\admin\documents\coding2\softmedia\src\softmedia.server.tests\bin\debug\net8.0\softmedia.server.tests.dll" id="d317307a-0d71-2626-3a79-c8d8780b615d">
      <Execution id="0a7c0fae-4822-4bed-9f7e-36e05350601c" />
      <TestMethod codeBase="C:\Users\Admin\Documents\coding2\SoftMedia\src\SoftMedia.Server.Tests\bin\Debug\net8.0\SoftMedia.Server.Tests.dll" adapterTypeName="executor://xunit/VsTestRunner2/netcoreapp" className="SoftMedia.Server.Tests.Services.Metadata.MetadataQueueServiceTests" name="ProcessQueue_ShouldEnrichItem_AndNotify" />
    </UnitTest>
    <UnitTest name="SoftMedia.Server.Tests.Services.Metadata.MetadataRouterTests.FetchMusicMetadata_AlbumInsufficient_WhenMissingArt" storage="c:\users\admin\documents\coding2\softmedia\src\softmedia.server.tests\bin\debug\net8.0\softmedia.server.tests.dll" id="aa6c062d-2625-a45f-1ebf-f47873ef488f">
      <Execution id="c1c5e096-9157-4bcc-8d2a-0c19403fb7c2" />
      <TestMethod codeBase="C:\Users\Admin\Documents\coding2\SoftMedia\src\SoftMedia.Server.Tests\bin\Debug\net8.0\SoftMedia.Server.Tests.dll" adapterTypeName="executor://xunit/VsTestRunner2/netcoreapp" className="SoftMedia.Server.Tests.Services.Metadata.MetadataRouterTests" name="FetchMusicMetadata_AlbumInsufficient_WhenMissingArt" />
    </UnitTest>
    <UnitTest name="SoftMedia.Server.Tests.Services.Metadata.MetadataEnrichmentPolicyTests.NeedsEnrichment_Relaxed_ReturnsFalse_ForMovieWithPosterButNoDescription" storage="c:\users\admin\documents\coding2\softmedia\src\softmedia.server.tests\bin\debug\net8.0\softmedia.server.tests.dll" id="f8764f98-1f28-0471-7496-261c64014e50">
      <Execution id="5f71a59b-544c-4cda-8d44-b4af35a834e7" />
      <TestMethod codeBase="C:\Users\Admin\Documents\coding2\SoftMedia\src\SoftMedia.Server.Tests\bin\Debug\net8.0\SoftMedia.Server.Tests.dll" adapterTypeName="executor://xunit/VsTestRunner2/netcoreapp" className="SoftMedia.Server.Tests.Services.Metadata.MetadataEnrichmentPolicyTests" name="NeedsEnrichment_Relaxed_ReturnsFalse_ForMovieWithPosterButNoDescription" />
    </UnitTest>
    <UnitTest name="SoftMedia.Server.Tests.Services.Metadata.MetadataAggregatorTests.EnrichMediaItemAsync_ShouldPromotePosterUrl" storage="c:\users\admin\documents\coding2\softmedia\src\softmedia.server.tests\bin\debug\net8.0\softmedia.server.tests.dll" id="d2ba2e7e-0b95-0f2e-a371-ddf9a1c49552">
      <Execution id="0adfa664-a5ab-401a-8d72-d4f5fb535e02" />
      <TestMethod codeBase="C:\Users\Admin\Documents\coding2\SoftMedia\src\SoftMedia.Server.Tests\bin\Debug\net8.0\SoftMedia.Server.Tests.dll" adapterTypeName="executor://xunit/VsTestRunner2/netcoreapp" className="SoftMedia.Server.Tests.Services.Metadata.MetadataAggregatorTests" name="EnrichMediaItemAsync_ShouldPromotePosterUrl" />
    </UnitTest>
    <UnitTest name="SoftMedia.Server.Tests.Services.Metadata.MetadataRouterMusicTests.FetchMetadata_Music_ShouldUseMusicBrainzOnly_WhenConfigured" storage="c:\users\admin\documents\coding2\softmedia\src\softmedia.server.tests\bin\debug\net8.0\softmedia.server.tests.dll" id="70a598bd-d03d-b33d-607f-212f283d2f81">
      <Execution id="94e8e206-e32c-49bf-94de-9d43abd1fad0" />
      <TestMethod codeBase="C:\Users\Admin\Documents\coding2\SoftMedia\src\SoftMedia.Server.Tests\bin\Debug\net8.0\SoftMedia.Server.Tests.dll" adapterTypeName="executor://xunit/VsTestRunner2/netcoreapp" className="SoftMedia.Server.Tests.Services.Metadata.MetadataRouterMusicTests" name="FetchMetadata_Music_ShouldUseMusicBrainzOnly_WhenConfigured" />
    </UnitTest>
    <UnitTest name="SoftMedia.Server.Tests.Services.Metadata.MetadataEnrichmentPolicyTests.NeedsEnrichment_Strict_ReturnsTrue_ForMovieWithPosterButNoDescription" storage="c:\users\admin\documents\coding2\softmedia\src\softmedia.server.tests\bin\debug\net8.0\softmedia.server.tests.dll" id="0ff9e858-1468-d2ed-6cd6-0eb12681a3ef">
      <Execution id="f0c167f8-dc46-4678-9fc5-f1bc55aa44e8" />
      <TestMethod codeBase="C:\Users\Admin\Documents\coding2\SoftMedia\src\SoftMedia.Server.Tests\bin\Debug\net8.0\SoftMedia.Server.Tests.dll" adapterTypeName="executor://xunit/VsTestRunner2/netcoreapp" className="SoftMedia.Server.Tests.Services.Metadata.MetadataEnrichmentPolicyTests" name="NeedsEnrichment_Strict_ReturnsTrue_ForMovieWithPosterButNoDescription" />
    </UnitTest>
    <UnitTest name="SoftMedia.Server.Tests.Services.Metadata.MetadataEnrichmentPolicyTests.NeedsEnrichment_Strict_ReturnsFalse_ForBookWithPosterAndAuthor" storage="c:\users\admin\documents\coding2\softmedia\src\softmedia.server.tests\bin\debug\net8.0\softmedia.server.tests.dll" id="c86bdea4-d90f-4d62-47da-d49551285469">
      <Execution id="4bb4bdb5-264b-4d22-9444-0afbe648198a" />
      <TestMethod codeBase="C:\Users\Admin\Documents\coding2\SoftMedia\src\SoftMedia.Server.Tests\bin\Debug\net8.0\SoftMedia.Server.Tests.dll" adapterTypeName="executor://xunit/VsTestRunner2/netcoreapp" className="SoftMedia.Server.Tests.Services.Metadata.MetadataEnrichmentPolicyTests" name="NeedsEnrichment_Strict_ReturnsFalse_ForBookWithPosterAndAuthor" />
    </UnitTest>
    <UnitTest name="SoftMedia.Server.Tests.Services.Scanning.BookScannerTests.ProcessFileAsync_ShouldCreateNewBook_WhenNotExists" storage="c:\users\admin\documents\coding2\softmedia\src\softmedia.server.tests\bin\debug\net8.0\softmedia.server.tests.dll" id="02946d08-0061-3681-074b-96bf536e7e35">
      <Execution id="c7e2d396-0557-4e66-9375-8d1b7deb2b51" />
      <TestMethod codeBase="C:\Users\Admin\Documents\coding2\SoftMedia\src\SoftMedia.Server.Tests\bin\Debug\net8.0\SoftMedia.Server.Tests.dll" adapterTypeName="executor://xunit/VsTestRunner2/netcoreapp" className="SoftMedia.Server.Tests.Services.Scanning.BookScannerTests" name="ProcessFileAsync_ShouldCreateNewBook_WhenNotExists" />
    </UnitTest>
    <UnitTest name="SoftMedia.Server.Tests.Helpers.MetadataJsonMergerTests.MergeJson_WithNullExisting_ReturnsIncomingData" storage="c:\users\admin\documents\coding2\softmedia\src\softmedia.server.tests\bin\debug\net8.0\softmedia.server.tests.dll" id="69da3b67-48fb-c9f3-970a-1b16e726e5ec">
      <Execution id="12202071-3f65-4703-83be-791ae32ac01d" />
      <TestMethod codeBase="C:\Users\Admin\Documents\coding2\SoftMedia\src\SoftMedia.Server.Tests\bin\Debug\net8.0\SoftMedia.Server.Tests.dll" adapterTypeName="executor://xunit/VsTestRunner2/netcoreapp" className="SoftMedia.Server.Tests.Helpers.MetadataJsonMergerTests" name="MergeJson_WithNullExisting_ReturnsIncomingData" />
    </UnitTest>
    <UnitTest name="SoftMedia.Server.Tests.Services.Metadata.OpenLibraryProviderTests.FetchMetadataAsync_UsesAuthorParam_WhenAuthorInMetadataJson" storage="c:\users\admin\documents\coding2\softmedia\src\softmedia.server.tests\bin\debug\net8.0\softmedia.server.tests.dll" id="5e3240d1-4b87-d1cf-db41-d553e123dff8">
      <Execution id="a965156c-f78f-4798-b76d-6c359e64b588" />
      <TestMethod codeBase="C:\Users\Admin\Documents\coding2\SoftMedia\src\SoftMedia.Server.Tests\bin\Debug\net8.0\SoftMedia.Server.Tests.dll" adapterTypeName="executor://xunit/VsTestRunner2/netcoreapp" className="SoftMedia.Server.Tests.Services.Metadata.OpenLibraryProviderTests" name="FetchMetadataAsync_UsesAuthorParam_WhenAuthorInMetadataJson" />
    </UnitTest>
    <UnitTest name="SoftMedia.Server.Tests.Services.Scanning.BookScannerTests.ProcessFileAsync_SkipsExistingBook_WhenRelaxedAndHasPoster" storage="c:\users\admin\documents\coding2\softmedia\src\softmedia.server.tests\bin\debug\net8.0\softmedia.server.tests.dll" id="85201ea8-9255-9f73-776d-28135cdedc4e">
      <Execution id="3ac16a16-cc36-479e-879a-accfb8fd3c31" />
      <TestMethod codeBase="C:\Users\Admin\Documents\coding2\SoftMedia\src\SoftMedia.Server.Tests\bin\Debug\net8.0\SoftMedia.Server.Tests.dll" adapterTypeName="executor://xunit/VsTestRunner2/netcoreapp" className="SoftMedia.Server.Tests.Services.Scanning.BookScannerTests" name="ProcessFileAsync_SkipsExistingBook_WhenRelaxedAndHasPoster" />
    </UnitTest>
    <UnitTest name="SoftMedia.Server.Tests.Services.Metadata.MetadataEnrichmentPolicyTests.NeedsEnrichment_ReturnsTrue_WhenMetadataJsonIsNull" storage="c:\users\admin\documents\coding2\softmedia\src\softmedia.server.tests\bin\debug\net8.0\softmedia.server.tests.dll" id="4bf810ec-ea7d-27e2-6d56-ed78914858dc">
      <Execution id="bd0bbe94-e6eb-43f7-9ada-d261966946a1" />
      <TestMethod codeBase="C:\Users\Admin\Documents\coding2\SoftMedia\src\SoftMedia.Server.Tests\bin\Debug\net8.0\SoftMedia.Server.Tests.dll" adapterTypeName="executor://xunit/VsTestRunner2/netcoreapp" className="SoftMedia.Server.Tests.Services.Metadata.MetadataEnrichmentPolicyTests" name="NeedsEnrichment_ReturnsTrue_WhenMetadataJsonIsNull" />
    </UnitTest>
    <UnitTest name="SoftMedia.Server.Tests.Services.Metadata.MetadataAggregatorTests.EnrichMediaItemAsync_ShouldNotOverwritePosterUrl_WhenNull" storage="c:\users\admin\documents\coding2\softmedia\src\softmedia.server.tests\bin\debug\net8.0\softmedia.server.tests.dll" id="7c4c809a-0ee0-1982-4739-61560a93bce1">
      <Execution id="54acf5cd-dc69-4d25-82bb-cf79a0d0554d" />
      <TestMethod codeBase="C:\Users\Admin\Documents\coding2\SoftMedia\src\SoftMedia.Server.Tests\bin\Debug\net8.0\SoftMedia.Server.Tests.dll" adapterTypeName="executor://xunit/VsTestRunner2/netcoreapp" className="SoftMedia.Server.Tests.Services.Metadata.MetadataAggregatorTests" name="EnrichMediaItemAsync_ShouldNotOverwritePosterUrl_WhenNull" />
    </UnitTest>
    <UnitTest name="SoftMedia.Server.Tests.Services.Scanning.GameScannerTests.ProcessFileAsync_CreatesNewGame_WhenNotExists" storage="c:\users\admin\documents\coding2\softmedia\src\softmedia.server.tests\bin\debug\net8.0\softmedia.server.tests.dll" id="bc58c41e-f7b3-0567-69e0-6b25994ded9c">
      <Execution id="1b0d77b6-0e4a-4219-a702-671de954dc37" />
      <TestMethod codeBase="C:\Users\Admin\Documents\coding2\SoftMedia\src\SoftMedia.Server.Tests\bin\Debug\net8.0\SoftMedia.Server.Tests.dll" adapterTypeName="executor://xunit/VsTestRunner2/netcoreapp" className="SoftMedia.Server.Tests.Services.Scanning.GameScannerTests" name="ProcessFileAsync_CreatesNewGame_WhenNotExists" />
    </UnitTest>
    <UnitTest name="SoftMedia.Server.Tests.Services.Metadata.MetadataAggregatorTests.PersistGenresAsync_ShouldCreateNewGenres_InSingleBatch" storage="c:\users\admin\documents\coding2\softmedia\src\softmedia.server.tests\bin\debug\net8.0\softmedia.server.tests.dll" id="37569378-8754-3760-e0ba-9354ad094878">
      <Execution id="52316ab2-d4ea-4d4c-bc56-768f67319c9d" />
      <TestMethod codeBase="C:\Users\Admin\Documents\coding2\SoftMedia\src\SoftMedia.Server.Tests\bin\Debug\net8.0\SoftMedia.Server.Tests.dll" adapterTypeName="executor://xunit/VsTestRunner2/netcoreapp" className="SoftMedia.Server.Tests.Services.Metadata.MetadataAggregatorTests" name="PersistGenresAsync_ShouldCreateNewGenres_InSingleBatch" />
    </UnitTest>
    <UnitTest name="SoftMedia.Server.Tests.Services.Metadata.MetadataEnrichmentPolicyTests.NeedsEnrichment_Strict_ReturnsFalse_ForArtistWithTitle" storage="c:\users\admin\documents\coding2\softmedia\src\softmedia.server.tests\bin\debug\net8.0\softmedia.server.tests.dll" id="13506277-1472-23b9-b56b-9ef77de7fd74">
      <Execution id="2471791e-463d-431c-be9a-c995df85c43e" />
[...]
    </UnitTest>
    <UnitTest name="SoftMedia.Server.Tests.Services.Metadata.EmbeddedMusicProviderTests.FetchMetadataAsync_ReturnsNull_ForArtistType" storage="c:\users\admin\documents\coding2\softmedia\src\softmedia.server.tests\bin\debug\net8.0\softmedia.server.tests.dll" id="ab1525f6-a577-b848-1423-cf82f989906f">
      <Execution id="c005b2c2-93b6-4744-80b0-4d980f43cac3" />
      <TestMethod codeBase="C:\Users\Admin\Documents\coding2\SoftMedia\src\SoftMedia.Server.Tests\bin\Debug\net8.0\SoftMedia.Server.Tests.dll" adapterTypeName="executor://xunit/VsTestRunner2/netcoreapp" className="SoftMedia.Server.Tests.Services.Metadata.EmbeddedMusicProviderTests" name="FetchMetadataAsync_ReturnsNull_ForArtistType" />
    </UnitTest>
    <UnitTest name="SoftMedia.Server.Tests.Services.Metadata.MetadataEnrichmentPolicyTests.NeedsEnrichment_StrictMode_Book_ReturnsFalse_WhenPosterAndPublisherPresent" storage="c:\users\admin\documents\coding2\softmedia\src\softmedia.server.tests\bin\debug\net8.0\softmedia.server.tests.dll" id="c0b165ed-5ed4-f5f4-fe30-a3a084037a73">
      <Execution id="5b11f9c6-fae9-4951-bb04-89c1d6903cbe" />
      <TestMethod codeBase="C:\Users\Admin\Documents\coding2\SoftMedia\src\SoftMedia.Server.Tests\bin\Debug\net8.0\SoftMedia.Server.Tests.dll" adapterTypeName="executor://xunit/VsTestRunner2/netcoreapp" className="SoftMedia.Server.Tests.Services.Metadata.MetadataEnrichmentPolicyTests" name="NeedsEnrichment_StrictMode_Book_ReturnsFalse_WhenPosterAndPublisherPresent" />
    </UnitTest>
    <UnitTest name="SoftMedia.Server.Tests.Services.Metadata.MetadataEnrichmentPolicyTests.NeedsEnrichment_ReturnsTrue_WhenPosterIsNull" storage="c:\users\admin\documents\coding2\softmedia\src\softmedia.server.tests\bin\debug\net8.0\softmedia.server.tests.dll" id="419f2519-3cf1-aec1-19f6-a4db4935bd14">
      <Execution id="0ab2d97e-0747-4b5b-b2e5-f55d1b5f9ae7" />
      <TestMethod codeBase="C:\Users\Admin\Documents\coding2\SoftMedia\src\SoftMedia.Server.Tests\bin\Debug\net8.0\SoftMedia.Server.Tests.dll" adapterTypeName="executor://xunit/VsTestRunner2/netcoreapp" className="SoftMedia.Server.Tests.Services.Metadata.MetadataEnrichmentPolicyTests" name="NeedsEnrichment_ReturnsTrue_WhenPosterIsNull" />
    </UnitTest>
    <UnitTest name="SoftMedia.Server.Tests.Services.Metadata.MetadataRouterTests.FetchMusicMetadata_ArtistSufficient_WhenHasTitle" storage="c:\users\admin\documents\coding2\softmedia\src\softmedia.server.tests\bin\debug\net8.0\softmedia.server.tests.dll" id="96f961b5-ed45-2570-7994-6c99e73e7a00">
      <Execution id="84b29add-fedb-4247-992a-c3ba33d4dc15" />
      <TestMethod codeBase="C:\Users\Admin\Documents\coding2\SoftMedia\src\SoftMedia.Server.Tests\bin\Debug\net8.0\SoftMedia.Server.Tests.dll" adapterTypeName="executor://xunit/VsTestRunner2/netcoreapp" className="SoftMedia.Server.Tests.Services.Metadata.MetadataRouterTests" name="FetchMusicMetadata_ArtistSufficient_WhenHasTitle" />
    </UnitTest>
    <UnitTest name="SoftMedia.Server.Tests.Services.Metadata.MetadataEnrichmentPolicyTests.NeedsEnrichment_ReturnsFalse_WhenRetryExhaustedAndNoPoster" storage="c:\users\admin\documents\coding2\softmedia\src\softmedia.server.tests\bin\debug\net8.0\softmedia.server.tests.dll" id="512e6662-8e3a-3ed9-fdaf-433f938a5acf">
      <Execution id="69547e79-cf71-4ba8-830a-f9d507c22da0" />
      <TestMethod codeBase="C:\Users\Admin\Documents\coding2\SoftMedia\src\SoftMedia.Server.Tests\bin\Debug\net8.0\SoftMedia.Server.Tests.dll" adapterTypeName="executor://xunit/VsTestRunner2/netcoreapp" className="SoftMedia.Server.Tests.Services.Metadata.MetadataEnrichmentPolicyTests" name="NeedsEnrichment_ReturnsFalse_WhenRetryExhaustedAndNoPoster" />
    </UnitTest>
    <UnitTest name="SoftMedia.Server.Tests.Helpers.MetadataJsonMergerTests.Merge_EmptyIntoEmpty_ReturnsEmpty" storage="c:\users\admin\documents\coding2\softmedia\src\softmedia.server.tests\bin\debug\net8.0\softmedia.server.tests.dll" id="ed3c06c6-309c-bc4f-2168-dfdb71b9e40c">
      <Execution id="de61cd6c-475f-42bb-913f-2a126a0b84f8" />
      <TestMethod codeBase="C:\Users\Admin\Documents\coding2\SoftMedia\src\SoftMedia.Server.Tests\bin\Debug\net8.0\SoftMedia.Server.Tests.dll" adapterTypeName="executor://xunit/VsTestRunner2/netcoreapp" className="SoftMedia.Server.Tests.Helpers.MetadataJsonMergerTests" name="Merge_EmptyIntoEmpty_ReturnsEmpty" />
    </UnitTest>
    <UnitTest name="SoftMedia.Server.Tests.Services.Scanning.BookScannerTests.ProcessFileAsync_ShouldSkip_WhenBookAlreadyExists" storage="c:\users\admin\documents\coding2\softmedia\src\softmedia.server.tests\bin\debug\net8.0\softmedia.server.tests.dll" id="9c95c60d-3d68-2957-42ad-4db4a4664061">
      <Execution id="322ab8c1-5e98-4cc2-8e78-d678bcd70070" />
      <TestMethod codeBase="C:\Users\Admin\Documents\coding2\SoftMedia\src\SoftMedia.Server.Tests\bin\Debug\net8.0\SoftMedia.Server.Tests.dll" adapterTypeName="executor://xunit/VsTestRunner2/netcoreapp" className="SoftMedia.Server.Tests.Services.Scanning.BookScannerTests" name="ProcessFileAsync_ShouldSkip_WhenBookAlreadyExists" />
    </UnitTest>
    <UnitTest name="SoftMedia.Server.Tests.Services.Metadata.MetadataEnrichmentPolicyTests.NeedsEnrichment_Strict_ReturnsFalse_ForAlbumWithCoverArtPath" storage="c:\users\admin\documents\coding2\softmedia\src\softmedia.server.tests\bin\debug\net8.0\softmedia.server.tests.dll" id="c6df6252-9bc1-ec4b-41fa-9d756c71fe19">
      <Execution id="9529cf8f-8d10-4389-9063-ca345e4d49cb" />
      <TestMethod codeBase="C:\Users\Admin\Documents\coding2\SoftMedia\src\SoftMedia.Server.Tests\bin\Debug\net8.0\SoftMedia.Server.Tests.dll" adapterTypeName="executor://xunit/VsTestRunner2/netcoreapp" className="SoftMedia.Server.Tests.Services.Metadata.MetadataEnrichmentPolicyTests" name="NeedsEnrichment_Strict_ReturnsFalse_ForAlbumWithCoverArtPath" />
    </UnitTest>
    <UnitTest name="SoftMedia.Server.Tests.Services.Metadata.MetadataRouterTests.FetchMusicMetadata_TrackInsufficient_WhenMissingArtist" storage="c:\users\admin\documents\coding2\softmedia\src\softmedia.server.tests\bin\debug\net8.0\softmedia.server.tests.dll" id="bc98138c-5189-6e6a-4a54-e37ef1dcab51">
      <Execution id="883247e8-0092-42f5-adfb-d4d8abd9730a" />
      <TestMethod codeBase="C:\Users\Admin\Documents\coding2\SoftMedia\src\SoftMedia.Server.Tests\bin\Debug\net8.0\SoftMedia.Server.Tests.dll" adapterTypeName="executor://xunit/VsTestRunner2/netcoreapp" className="SoftMedia.Server.Tests.Services.Metadata.MetadataRouterTests" name="FetchMusicMetadata_TrackInsufficient_WhenMissingArtist" />
    </UnitTest>
    <UnitTest name="SoftMedia.Server.Tests.Services.Metadata.MetadataAggregatorTests.PersistCastAsync_ShouldReuseExistingPerson" storage="c:\users\admin\documents\coding2\softmedia\src\softmedia.server.tests\bin\debug\net8.0\softmedia.server.tests.dll" id="d6e7d0e0-c193-d7f9-09c8-be28bbbf2a37">
      <Execution id="5ac74856-6f9b-4105-ad0f-144546fca450" />
      <TestMethod codeBase="C:\Users\Admin\Documents\coding2\SoftMedia\src\SoftMedia.Server.Tests\bin\Debug\net8.0\SoftMedia.Server.Tests.dll" adapterTypeName="executor://xunit/VsTestRunner2/netcoreapp" className="SoftMedia.Server.Tests.Services.Metadata.MetadataAggregatorTests" name="PersistCastAsync_ShouldReuseExistingPerson" />
    </UnitTest>
  </TestDefinitions>
  <TestEntries>
    <TestEntry testId="ebe51916-4052-6013-1737-4538d224d56b" executionId="72693e8e-5bae-4929-af25-77171fa95930" testListId="8c84fa94-04c1-424b-9868-57a2d4851a1d" />
    <TestEntry testId="aa6c062d-2625-a45f-1ebf-f47873ef488f" executionId="c1c5e096-9157-4bcc-8d2a-0c19403fb7c2" testListId="8c84fa94-04c1-424b-9868-57a2d4851a1d" />
    <TestEntry testId="7c4c809a-0ee0-1982-4739-61560a93bce1" executionId="54acf5cd-dc69-4d25-82bb-cf79a0d0554d" testListId="8c84fa94-04c1-424b-9868-57a2d4851a1d" />
    <TestEntry testId="bbb35753-e41c-f7e1-c8a8-480ed1f8cfa1" executionId="3cb4858a-65fd-40c7-a093-b702a110e1ff" testListId="8c84fa94-04c1-424b-9868-57a2d4851a1d" />
    <TestEntry testId="f0d90b33-a540-42b6-c4cd-cd35f54bd754" executionId="6907a1b1-b688-48d1-bf0c-1fd2281e6819" testListId="8c84fa94-04c1-424b-9868-57a2d4851a1d" />
    <TestEntry testId="f8764f98-1f28-0471-7496-261c64014e50" executionId="5f71a59b-544c-4cda-8d44-b4af35a834e7" testListId="8c84fa94-04c1-424b-9868-57a2d4851a1d" />
    <TestEntry testId="9c0283b2-d89a-1582-2316-6294fb94372e" executionId="c5a95ee3-aaaa-4c95-b2e2-09a9994e4d0b" testListId="8c84fa94-04c1-424b-9868-57a2d4851a1d" />
    <TestEntry testId="a6cd6ea9-7cfb-5dbb-f5f7-185c53522493" executionId="8d12d054-e92d-4d85-b44f-d3fc6e4369a4" testListId="8c84fa94-04c1-424b-9868-57a2d4851a1d" />
    <TestEntry testId="b940c0b8-5d83-6da9-0837-fc813df053f6" executionId="557b6c44-f5ea-41ff-89d8-52c03e722bfe" testListId="8c84fa94-04c1-424b-9868-57a2d4851a1d" />
    <TestEntry testId="538bfd46-9a96-d7dc-dd3e-aacf1f47e340" executionId="dc9cf81b-a6bb-432e-8ab7-86d847e5617c" testListId="8c84fa94-04c1-424b-9868-57a2d4851a1d" />
    <TestEntry testId="9c95c60d-3d68-2957-42ad-4db4a4664061" executionId="322ab8c1-5e98-4cc2-8e78-d678bcd70070" testListId="8c84fa94-04c1-424b-9868-57a2d4851a1d" />
    <TestEntry testId="c9a1b6ff-5d69-c2c6-4de0-d85d59a0228e" executionId="1868c634-6270-4eec-8eb7-41bc1e719daf" testListId="8c84fa94-04c1-424b-9868-57a2d4851a1d" />
    <TestEntry testId="c3cd53d0-0549-ef6e-345a-0b023b6ae691" executionId="29161d88-e2f2-494f-8498-50e4dd4b55fd" testListId="8c84fa94-04c1-424b-9868-57a2d4851a1d" />
    <TestEntry testId="5e3240d1-4b87-d1cf-db41-d553e123dff8" executionId="a965156c-f78f-4798-b76d-6c359e64b588" testListId="8c84fa94-04c1-424b-9868-57a2d4851a1d" />
    <TestEntry testId="0263c790-e2af-1a06-8b37-bda408d8e0ab" executionId="597fe40d-b3d2-4179-aa8b-13669babc8f6" testListId="8c84fa94-04c1-424b-9868-57a2d4851a1d" />
    <TestEntry testId="419f2519-3cf1-aec1-19f6-a4db4935bd14" executionId="0ab2d97e-0747-4b5b-b2e5-f55d1b5f9ae7" testListId="8c84fa94-04c1-424b-9868-57a2d4851a1d" />
    <TestEntry testId="d2ba2e7e-0b95-0f2e-a371-ddf9a1c49552" executionId="0adfa664-a5ab-401a-8d72-d4f5fb535e02" testListId="8c84fa94-04c1-424b-9868-57a2d4851a1d" />
    <TestEntry testId="bd4248eb-b0d1-661f-0395-9277e60a23a4" executionId="65df168a-2da3-4220-b217-5d96691127df" testListId="8c84fa94-04c1-424b-9868-57a2d4851a1d" />
    <TestEntry testId="07fa2d24-bf21-3d95-a660-c5415fff73ef" executionId="a924662c-4619-4fdb-983a-b00de8bb32ed" testListId="8c84fa94-04c1-424b-9868-57a2d4851a1d" />
    <TestEntry testId="c0b165ed-5ed4-f5f4-fe30-a3a084037a73" executionId="5b11f9c6-fae9-4951-bb04-89c1d6903cbe" testListId="8c84fa94-04c1-424b-9868-57a2d4851a1d" />
    <TestEntry testId="cc69e876-425b-8b76-e345-f4d676734869" executionId="e64fb407-31fc-4502-932f-278334903d2b" testListId="8c84fa94-04c1-424b-9868-57a2d4851a1d" />
    <TestEntry testId="69da3b67-48fb-c9f3-970a-1b16e726e5ec" executionId="12202071-3f65-4703-83be-791ae32ac01d" testListId="8c84fa94-04c1-424b-9868-57a2d4851a1d" />
    <TestEntry testId="7102269a-8917-5d43-25e9-5052fe45ea57" executionId="d129f119-591a-4d43-bf87-ee0c6f14a968" testListId="8c84fa94-04c1-424b-9868-57a2d4851a1d" />
    <TestEntry testId="45d77507-45b1-6c5e-7b74-e60963d7da0f" executionId="4b9c1655-558b-4760-971a-5bee8cabf592" testListId="8c84fa94-04c1-424b-9868-57a2d4851a1d" />
    <TestEntry testId="e095c894-46c5-3461-3d17-568d3e2b1c49" executionId="f4df593c-2aab-4640-a22c-f9a010672f44" testListId="8c84fa94-04c1-424b-9868-57a2d4851a1d" />
    <TestEntry testId="b2b31162-8a48-396a-b039-94565765c5ed" executionId="c149da7b-5723-41ec-b120-88a2d869161f" testListId="8c84fa94-04c1-424b-9868-57a2d4851a1d" />
    <TestEntry testId="8b717efe-8428-7ca2-6cca-8a634e190146" executionId="89277d5d-c396-4c54-b25a-4bffdf182168" testListId="8c84fa94-04c1-424b-9868-57a2d4851a1d" />
    <TestEntry testId="e8f999af-573d-4b20-05eb-40550e455c01" executionId="9aba5f22-60f4-40f0-9df8-c5c01fa175ad" testListId="8c84fa94-04c1-424b-9868-57a2d4851a1d" />
    <TestEntry testId="b0664991-6bdb-94b5-7679-ce40ef187615" executionId="7817f086-efd2-4bf6-b31c-5caf7dc73630" testListId="8c84fa94-04c1-424b-9868-57a2d4851a1d" />
    <TestEntry testId="bc58c41e-f7b3-0567-69e0-6b25994ded9c" executionId="1b0d77b6-0e4a-4219-a702-671de954dc37" testListId="8c84fa94-04c1-424b-9868-57a2d4851a1d" />
    <TestEntry testId="d0e03b6f-03d5-379f-1456-fa50236177b0" executionId="b262cd45-29bd-4360-a3de-7fb74a99d278" testListId="8c84fa94-04c1-424b-9868-57a2d4851a1d" />
    <TestEntry testId="3e2bc403-a82a-7656-8908-6fd95909391a" executionId="46329a9e-0d10-463c-beef-073761d256ba" testListId="8c84fa94-04c1-424b-9868-57a2d4851a1d" />
    <TestEntry testId="4bf810ec-ea7d-27e2-6d56-ed78914858dc" executionId="bd0bbe94-e6eb-43f7-9ada-d261966946a1" testListId="8c84fa94-04c1-424b-9868-57a2d4851a1d" />
    <TestEntry testId="8523c8ef-4416-e58b-ebf7-fad5fac7d4b1" executionId="38355470-3a74-4900-8d2d-94b73b7485df" testListId="8c84fa94-04c1-424b-9868-57a2d4851a1d" />
    <TestEntry testId="2e641f70-69ea-db58-8435-4338dd94c2be" executionId="b45c6aec-4436-4905-940a-6ec181aa58b7" testListId="8c84fa94-04c1-424b-9868-57a2d4851a1d" />
    <TestEntry testId="36ccee62-da67-292c-c564-d135d54164be" executionId="25c729f3-bef3-4831-a3cc-68e21676da45" testListId="8c84fa94-04c1-424b-9868-57a2d4851a1d" />
    <TestEntry testId="ab1525f6-a577-b848-1423-cf82f989906f" executionId="c005b2c2-93b6-4744-80b0-4d980f43cac3" testListId="8c84fa94-04c1-424b-9868-57a2d4851a1d" />
    <TestEntry testId="9d920564-919d-0bf7-d30f-62d78e83791f" executionId="52ab09d3-8404-4032-821f-deec125aeccd" testListId="8c84fa94-04c1-424b-9868-57a2d4851a1d" />
    <TestEntry testId="02946d08-0061-3681-074b-96bf536e7e35" executionId="c7e2d396-0557-4e66-9375-8d1b7deb2b51" testListId="8c84fa94-04c1-424b-9868-57a2d4851a1d" />
    <TestEntry testId="0ff9e858-1468-d2ed-6cd6-0eb12681a3ef" executionId="f0c167f8-dc46-4678-9fc5-f1bc55aa44e8" testListId="8c84fa94-04c1-424b-9868-57a2d4851a1d" />
    <TestEntry testId="b8a9d3db-7c9c-1070-3df4-6d9fe2b93407" executionId="892525d6-dce8-43f4-bc6e-f5b4e822b22a" testListId="8c84fa94-04c1-424b-9868-57a2d4851a1d" />
    <TestEntry testId="13506277-1472-23b9-b56b-9ef77de7fd74" executionId="2471791e-463d-431c-be9a-c995df85c43e" testListId="8c84fa94-04c1-424b-9868-57a2d4851a1d" />
    <TestEntry testId="61eedcc0-7777-8a88-49ed-71ed16b47da4" executionId="04e28716-27e3-4408-9071-44eeab77085e" testListId="8c84fa94-04c1-424b-9868-57a2d4851a1d" />
    <TestEntry testId="512e6662-8e3a-3ed9-fdaf-433f938a5acf" executionId="69547e79-cf71-4ba8-830a-f9d507c22da0" testListId="8c84fa94-04c1-424b-9868-57a2d4851a1d" />
    <TestEntry testId="056abab5-47f0-df86-1c97-51a9723a0bfd" executionId="b2d10062-99d9-4e94-b890-3d43429b1d9f" testListId="8c84fa94-04c1-424b-9868-57a2d4851a1d" />
    <TestEntry testId="d9906e35-a93a-1b05-a698-91999e6aeaa0" executionId="314b4781-4312-450e-8fb1-048f8482a69e" testListId="8c84fa94-04c1-424b-9868-57a2d4851a1d" />
    <TestEntry testId="b11d5cd8-524f-052c-8ca8-0d8eb75aa1c0" executionId="4bbc97a7-be70-49eb-832e-40c8046f5b70" testListId="8c84fa94-04c1-424b-9868-57a2d4851a1d" />
    <TestEntry testId="85201ea8-9255-9f73-776d-28135cdedc4e" executionId="3ac16a16-cc36-479e-879a-accfb8fd3c31" testListId="8c84fa94-04c1-424b-9868-57a2d4851a1d" />
    <TestEntry testId="84864961-698f-4367-ac1c-47a44519819b" executionId="ca65282e-6560-4f00-ab1a-5c56f0f14b86" testListId="8c84fa94-04c1-424b-9868-57a2d4851a1d" />
    <TestEntry testId="96f961b5-ed45-2570-7994-6c99e73e7a00" executionId="84b29add-fedb-4247-992a-c3ba33d4dc15" testListId="8c84fa94-04c1-424b-9868-57a2d4851a1d" />
    <TestEntry testId="c374eb9f-57f3-6533-17af-4435395cde0c" executionId="6a887e4c-8193-4cdd-bd6a-b10b095107ae" testListId="8c84fa94-04c1-424b-9868-57a2d4851a1d" />
    <TestEntry testId="bc98138c-5189-6e6a-4a54-e37ef1dcab51" executionId="883247e8-0092-42f5-adfb-d4d8abd9730a" testListId="8c84fa94-04c1-424b-9868-57a2d4851a1d" />
    <TestEntry testId="c6df6252-9bc1-ec4b-41fa-9d756c71fe19" executionId="9529cf8f-8d10-4389-9063-ca345e4d49cb" testListId="8c84fa94-04c1-424b-9868-57a2d4851a1d" />
    <TestEntry testId="1a0838f3-050c-3dac-c8fe-c909ec89c395" executionId="7885d6eb-796c-49ec-9491-73ec88c07b74" testListId="8c84fa94-04c1-424b-9868-57a2d4851a1d" />
    <TestEntry testId="2949cec8-b665-0dfa-8e7c-3f322e13a4f9" executionId="b241f29f-964c-4a97-948c-a2835bf2861e" testListId="8c84fa94-04c1-424b-9868-57a2d4851a1d" />
    <TestEntry testId="54111bb1-d0d7-bdc4-c214-a99507052500" executionId="26281d42-a9d6-4eb7-b7e8-1ff9aed6411d" testListId="8c84fa94-04c1-424b-9868-57a2d4851a1d" />
    <TestEntry testId="3d51442f-d5b9-5e85-4a02-9391584f7d51" executionId="e1735e62-386e-4f29-a4d2-f5e89d28252d" testListId="8c84fa94-04c1-424b-9868-57a2d4851a1d" />
    <TestEntry testId="c86bdea4-d90f-4d62-47da-d49551285469" executionId="4bb4bdb5-264b-4d22-9444-0afbe648198a" testListId="8c84fa94-04c1-424b-9868-57a2d4851a1d" />
    <TestEntry testId="d317307a-0d71-2626-3a79-c8d8780b615d" executionId="0a7c0fae-4822-4bed-9f7e-36e05350601c" testListId="8c84fa94-04c1-424b-9868-57a2d4851a1d" />
    <TestEntry testId="346ac593-4c31-7dce-acb1-8f3f1d164e18" executionId="92c26178-d4d8-4f37-9d49-8e15690c165d" testListId="8c84fa94-04c1-424b-9868-57a2d4851a1d" />
    <TestEntry testId="23bba9df-a9be-ff22-ef79-4cebb309c84d" executionId="6f73ba5f-358f-4ac2-b3fe-13c0bc99f745" testListId="8c84fa94-04c1-424b-9868-57a2d4851a1d" />
    <TestEntry testId="7dd5799c-f0fd-308f-a319-04810cc16467" executionId="ddf5fba5-ce64-45ef-b106-9985872c8e9f" testListId="8c84fa94-04c1-424b-9868-57a2d4851a1d" />
    <TestEntry testId="ed3c06c6-309c-bc4f-2168-dfdb71b9e40c" executionId="de61cd6c-475f-42bb-913f-2a126a0b84f8" testListId="8c84fa94-04c1-424b-9868-57a2d4851a1d" />
    <TestEntry testId="eeb2e6cf-02cb-3b4d-7671-ed2f7106e5f7" executionId="0732cecf-b55b-4663-b223-9fd003aa9854" testListId="8c84fa94-04c1-424b-9868-57a2d4851a1d" />
    <TestEntry testId="6c829d4e-3816-07ac-602c-07db6995002e" executionId="eac7e5d7-3eb3-42f3-aefa-c54c793430e1" testListId="8c84fa94-04c1-424b-9868-57a2d4851a1d" />
    <TestEntry testId="37569378-8754-3760-e0ba-9354ad094878" executionId="52316ab2-d4ea-4d4c-bc56-768f67319c9d" testListId="8c84fa94-04c1-424b-9868-57a2d4851a1d" />
    <TestEntry testId="ed5ddfa4-d178-cf78-de52-b9716a6a1d26" executionId="09f2e0c4-5232-49bd-b5ce-23a012cb19e6" testListId="8c84fa94-04c1-424b-9868-57a2d4851a1d" />
    <TestEntry testId="d6e7d0e0-c193-d7f9-09c8-be28bbbf2a37" executionId="5ac74856-6f9b-4105-ad0f-144546fca450" testListId="8c84fa94-04c1-424b-9868-57a2d4851a1d" />
    <TestEntry testId="70a598bd-d03d-b33d-607f-212f283d2f81" executionId="94e8e206-e32c-49bf-94de-9d43abd1fad0" testListId="8c84fa94-04c1-424b-9868-57a2d4851a1d" />
    <TestEntry testId="006b93c1-3438-6b71-04df-ae940263db9c" executionId="88c4bd2e-e89e-44cc-8faf-f64e1904e47b" testListId="8c84fa94-04c1-424b-9868-57a2d4851a1d" />
    <TestEntry testId="b01e4de8-3aa1-0b55-2106-816cd6547121" executionId="5b586c3d-00f8-4cc3-871d-67fee7e5eddb" testListId="8c84fa94-04c1-424b-9868-57a2d4851a1d" />
  </TestEntries>
  <TestLists>
    <TestList name="Results Not in a List" id="8c84fa94-04c1-424b-9868-57a2d4851a1d" />
    <TestList name="All Loaded Results" id="19431567-8539-422a-85d7-44ee4e166bda" />
  </TestLists>
  <ResultSummary outcome="Completed">
    <Counters total="71" executed="71" passed="71" failed="0" error="0" timeout="0" aborted="0" inconclusive="0" passedButRunAborted="0" notRunnable="0" notExecuted="0" disconnected="0" warning="0" completed="0" inProgress="0" pending="0" />
    <Output>
      <StdOut>[xUnit.net 00:00:00.00] xUnit.net VSTest Adapter v2.8.2+699d445a1a (64-bit .NET 8.0.13)&#xD;
[xUnit.net 00:00:00.04]   Discovering: SoftMedia.Server.Tests&#xD;
[xUnit.net 00:00:00.06]   Discovered:  SoftMedia.Server.Tests&#xD;
[xUnit.net 00:00:00.07]   Starting:    SoftMedia.Server.Tests&#xD;
[xUnit.net 00:00:01.72]   Finished:    SoftMedia.Server.Tests&#xD;
</StdOut>
    </Output>
  </ResultSummary>
</TestRun>