<?xml version="1.0" encoding="utf-8"?>
<TestRun id="348f093d-9b01-42c2-bb0f-9b2bfe59ebd2" name="Admin@GAMING 2026-03-08 16:02:52" runUser="GAMING\Admin" xmlns="http://microsoft.com/schemas/VisualStudio/TeamTest/2010">
  <Times creation="2026-03-08T16:02:52.3640827-06:00" queuing="2026-03-08T16:02:52.3640828-06:00" start="2026-03-08T16:02:51.9249314-06:00" finish="2026-03-08T16:02:52.3755916-06:00" />
  <TestSettings name="default" id="61c89812-cde0-4f65-ad10-8d15992cb829">
    <Deployment runDeploymentRoot="Admin_GAMING_2026-03-08_16_02_52" />
  </TestSettings>
  <Results>
    <UnitTestResult executionId="b4fb80df-a17c-4111-9d21-c9154471dd62" testId="5fc8eb30-fd5d-8be9-0810-1792ce6fb2f7" testName="SoftMedia.Server.Tests.TempDbCheck.RunAggregatorToSeeError" computerName="GAMING" duration="00:00:00.0642128" startTime="2026-03-08T16:02:52.3091953-06:00" endTime="2026-03-08T16:02:52.3092043-06:00" testType="13cdc9d9-ddb5-4fa4-a97d-d965ccfc6d4b" outcome="Failed" testListId="8c84fa94-04c1-424b-9868-57a2d4851a1d" relativeResultsDirectory="b4fb80df-a17c-4111-9d21-c9154471dd62">
      <Output>
        <ErrorInfo>
          <Message>System.InvalidOperationException : Unable to resolve service for type 'SoftMedia.Server.Services.Infrastructure.ISettingsService' while attempting to activate 'SoftMedia.Server.Services.Metadata.MetadataAggregator'.</Message>
          <StackTrace>   at Microsoft.Extensions.DependencyInjection.ServiceLookup.CallSiteFactory.CreateArgumentCallSites(ServiceIdentifier serviceIdentifier, Type implementationType, CallSiteChain callSiteChain, ParameterInfo[] parameters, Boolean throwIfCallSiteNotFound)&#xD;
   at Microsoft.Extensions.DependencyInjection.ServiceLookup.CallSiteFactory.CreateConstructorCallSite(ResultCache lifetime, ServiceIdentifier serviceIdentifier, Type implementationType, CallSiteChain callSiteChain)&#xD;
   at Microsoft.Extensions.DependencyInjection.ServiceLookup.CallSiteFactory.TryCreateExact(ServiceDescriptor descriptor, ServiceIdentifier serviceIdentifier, CallSiteChain callSiteChain, Int32 slot)&#xD;
   at Microsoft.Extensions.DependencyInjection.ServiceLookup.CallSiteFactory.TryCreateExact(ServiceIdentifier serviceIdentifier, CallSiteChain callSiteChain)&#xD;
   at Microsoft.Extensions.DependencyInjection.ServiceLookup.CallSiteFactory.CreateCallSite(ServiceIdentifier serviceIdentifier, CallSiteChain callSiteChain)&#xD;
   at Microsoft.Extensions.DependencyInjection.ServiceLookup.CallSiteFactory.GetCallSite(ServiceIdentifier serviceIdentifier, CallSiteChain callSiteChain)&#xD;
   at Microsoft.Extensions.DependencyInjection.ServiceProvider.CreateServiceAccessor(ServiceIdentifier serviceIdentifier)&#xD;
   at System.Collections.Concurrent.ConcurrentDictionary`2.GetOrAdd(TKey key, Func`2 valueFactory)&#xD;
   at Microsoft.Extensions.DependencyInjection.ServiceProvider.GetService(ServiceIdentifier serviceIdentifier, ServiceProviderEngineScope serviceProviderEngineScope)&#xD;
   at Microsoft.Extensions.DependencyInjection.ServiceLookup.ServiceProviderEngineScope.GetService(Type serviceType)&#xD;
   at Microsoft.Extensions.DependencyInjection.ServiceProviderServiceExtensions.GetRequiredService(IServiceProvider provider, Type serviceType)&#xD;
   at Microsoft.Extensions.DependencyInjection.ServiceProviderServiceExtensions.GetRequiredService[T](IServiceProvider provider)&#xD;
   at SoftMedia.Server.Tests.TempDbCheck.RunAggregatorToSeeError() in C:\Users\Admin\Documents\coding2\SoftMedia\src\SoftMedia.Server.Tests\TempDbCheck.cs:line 45&#xD;
--- End of stack trace from previous location ---</StackTrace>
        </ErrorInfo>
      </Output>
    </UnitTestResult>
  </Results>
  <TestDefinitions>
    <UnitTest name="SoftMedia.Server.Tests.TempDbCheck.RunAggregatorToSeeError" storage="c:\users\admin\documents\coding2\softmedia\src\softmedia.server.tests\bin\debug\net8.0\softmedia.server.tests.dll" id="5fc8eb30-fd5d-8be9-0810-1792ce6fb2f7">
      <Execution id="b4fb80df-a17c-4111-9d21-c9154471dd62" />
      <TestMethod codeBase="C:\Users\Admin\Documents\coding2\SoftMedia\src\SoftMedia.Server.Tests\bin\Debug\net8.0\SoftMedia.Server.Tests.dll" adapterTypeName="executor://xunit/VsTestRunner2/netcoreapp" className="SoftMedia.Server.Tests.TempDbCheck" name="RunAggregatorToSeeError" />
    </UnitTest>
  </TestDefinitions>
  <TestEntries>
    <TestEntry testId="5fc8eb30-fd5d-8be9-0810-1792ce6fb2f7" executionId="b4fb80df-a17c-4111-9d21-c9154471dd62" testListId="8c84fa94-04c1-424b-9868-57a2d4851a1d" />
  </TestEntries>
  <TestLists>
    <TestList name="Results Not in a List" id="8c84fa94-04c1-424b-9868-57a2d4851a1d" />
    <TestList name="All Loaded Results" id="19431567-8539-422a-85d7-44ee4e166bda" />
  </TestLists>
  <ResultSummary outcome="Failed">
    <Counters total="1" executed="1" passed="0" failed="1" error="0" timeout="0" aborted="0" inconclusive="0" passedButRunAborted="0" notRunnable="0" notExecuted="0" disconnected="0" warning="0" completed="0" inProgress="0" pending="0" />
    <Output>
      <StdOut>[xUnit.net 00:00:00.00] xUnit.net VSTest Adapter v2.8.2+699d445a1a (64-bit .NET 8.0.13)&#xD;
[xUnit.net 00:00:00.04]   Discovering: SoftMedia.Server.Tests&#xD;
[xUnit.net 00:00:00.06]   Discovered:  SoftMedia.Server.Tests&#xD;
[xUnit.net 00:00:00.07]   Starting:    SoftMedia.Server.Tests&#xD;
[xUnit.net 00:00:00.16]       System.InvalidOperationException : Unable to resolve service for type 'SoftMedia.Server.Services.Infrastructure.ISettingsService' while attempting to activate 'SoftMedia.Server.Services.Metadata.MetadataAggregator'.&#xD;
[xUnit.net 00:00:00.16]       Stack Trace:&#xD;
[xUnit.net 00:00:00.16]            at Microsoft.Extensions.DependencyInjection.ServiceLookup.CallSiteFactory.CreateArgumentCallSites(ServiceIdentifier serviceIdentifier, Type implementationType, CallSiteChain callSiteChain, ParameterInfo[] parameters, Boolean throwIfCallSiteNotFound)&#xD;
[xUnit.net 00:00:00.16]            at Microsoft.Extensions.DependencyInjection.ServiceLookup.CallSiteFactory.CreateConstructorCallSite(ResultCache lifetime, ServiceIdentifier serviceIdentifier, Type implementationType, CallSiteChain callSiteChain)&#xD;
[xUnit.net 00:00:00.16]            at Microsoft.Extensions.DependencyInjection.ServiceLookup.CallSiteFactory.TryCreateExact(ServiceDescriptor descriptor, ServiceIdentifier serviceIdentifier, CallSiteChain callSiteChain, Int32 slot)&#xD;
[xUnit.net 00:00:00.16]            at Microsoft.Extensions.DependencyInjection.ServiceLookup.CallSiteFactory.TryCreateExact(ServiceIdentifier serviceIdentifier, CallSiteChain callSiteChain)&#xD;
[xUnit.net 00:00:00.16]            at Microsoft.Extensions.DependencyInjection.ServiceLookup.CallSiteFactory.CreateCallSite(ServiceIdentifier serviceIdentifier, CallSiteChain callSiteChain)&#xD;
[xUnit.net 00:00:00.16]            at Microsoft.Extensions.DependencyInjection.ServiceLookup.CallSiteFactory.GetCallSite(ServiceIdentifier serviceIdentifier, CallSiteChain callSiteChain)&#xD;
[xUnit.net 00:00:00.16]            at Microsoft.Extensions.DependencyInjection.ServiceProvider.CreateServiceAccessor(ServiceIdentifier serviceIdentifier)&#xD;
[xUnit.net 00:00:00.16]            at System.Collections.Concurrent.ConcurrentDictionary`2.GetOrAdd(TKey key, Func`2 valueFactory)&#xD;
[xUnit.net 00:00:00.16]            at Microsoft.Extensions.DependencyInjection.ServiceProvider.GetService(ServiceIdentifier serviceIdentifier, ServiceProviderEngineScope serviceProviderEngineScope)&#xD;
[xUnit.net 00:00:00.16]            at Microsoft.Extensions.DependencyInjection.ServiceLookup.ServiceProviderEngineScope.GetService(Type serviceType)&#xD;
[xUnit.net 00:00:00.16]            at Microsoft.Extensions.DependencyInjection.ServiceProviderServiceExtensions.GetRequiredService(IServiceProvider provider, Type serviceType)&#xD;
[xUnit.net 00:00:00.16]            at Microsoft.Extensions.DependencyInjection.ServiceProviderServiceExtensions.GetRequiredService[T](IServiceProvider provider)&#xD;
[xUnit.net 00:00:00.16]         C:\Users\Admin\Documents\coding2\SoftMedia\src\SoftMedia.Server.Tests\TempDbCheck.cs(45,0): at SoftMedia.Server.Tests.TempDbCheck.RunAggregatorToSeeError()&#xD;
[xUnit.net 00:00:00.16]         --- End of stack trace from previous location ---&#xD;
[xUnit.net 00:00:00.16]   Finished:    SoftMedia.Server.Tests&#xD;
</StdOut>
    </Output>
    <RunInfos>
      <RunInfo computerName="GAMING" outcome="Error" timestamp="2026-03-08T16:02:52.3078849-06:00">
        <Text>[xUnit.net 00:00:00.16]     SoftMedia.Server.Tests.TempDbCheck.RunAggregatorToSeeError [FAIL]</Text>
      </RunInfo>
    </RunInfos>
  </ResultSummary>
</TestRun>