<?xml version="1.0" encoding="utf-8"?>
<TestRun id="0207e344-2887-44c8-9bf8-8901cbb35f56" name="Admin@GAMING 2026-04-06 20:16:41" runUser="GAMING\Admin" xmlns="http://microsoft.com/schemas/VisualStudio/TeamTest/2010">
  <Times creation="2026-04-06T20:16:41.9498079-06:00" queuing="2026-04-06T20:16:41.9498080-06:00" start="2026-04-06T20:16:41.5058824-06:00" finish="2026-04-06T20:16:42.8764671-06:00" />
  <TestSettings name="default" id="1560b3eb-9598-4770-ad92-6d43bc84ed4c">
    <Deployment runDeploymentRoot="Admin_GAMING_2026-04-06_20_16_41" />
  </TestSettings>
  <Results>
    <UnitTestResult executionId="6eda5668-d9f9-4077-8224-5047eff7b09c" testId="168c9195-c0f9-1283-bfe9-b92f30795099" testName="SoftMedia.Tests.Services.FFmpegServiceTests.IsTranscodingDisabledAsync_ReturnsFalse_OnInvalidValue" computerName="GAMING" duration="00:00:00.0534129" startTime="2026-04-06T20:16:41.9330482-06:00" endTime="2026-04-06T20:16:41.9330483-06:00" testType="13cdc9d9-ddb5-4fa4-a97d-d965ccfc6d4b" outcome="Passed" testListId="8c84fa94-04c1-424b-9868-57a2d4851a1d" relativeResultsDirectory="6eda5668-d9f9-4077-8224-5047eff7b09c" />
    <UnitTestResult executionId="f2bcbf00-fe7e-47a9-ba5f-e0cb2da41604" testId="623cdd29-a9ed-be04-b70c-22844a874a0a" testName="SoftMedia.Tests.Services.PasswordHasherTests.VerifyPassword_ReturnsTrue_ForCorrectPassword" computerName="GAMING" duration="00:00:00.4480315" startTime="2026-04-06T20:16:42.7594292-06:00" endTime="2026-04-06T20:16:42.7594297-06:00" testType="13cdc9d9-ddb5-4fa4-a97d-d965ccfc6d4b" outcome="Passed" testListId="8c84fa94-04c1-424b-9868-57a2d4851a1d" relativeResultsDirectory="f2bcbf00-fe7e-47a9-ba5f-e0cb2da41604" />
    <UnitTestResult executionId="cfd8081a-704e-40f8-bb8d-60f10c1625e0" testId="b393d623-ce6c-4982-2911-2655f015f873" testName="SoftMedia.Tests.Services.FFmpegServiceTests.IsTranscodingDisabledAsync_ReturnsFalse_WhenEnabled" computerName="GAMING" duration="00:00:00.0006969" startTime="2026-04-06T20:16:41.9472458-06:00" endTime="2026-04-06T20:16:41.9472459-06:00" testType="13cdc9d9-ddb5-4fa4-a97d-d965ccfc6d4b" outcome="Passed" testListId="8c84fa94-04c1-424b-9868-57a2d4851a1d" relativeResultsDirectory="cfd8081a-704e-40f8-bb8d-60f10c1625e0" />
    <UnitTestResult executionId="76fc15ed-54e2-4188-8aa6-a26f196c9166" testId="74ea743b-16b3-efdc-70bc-2580970c2239" testName="SoftMedia.Tests.Integration.UserMediaInteractionIntegrationTests.ToggleFavoriteAsync_UpdatesExisting" computerName="GAMING" duration="00:00:00.0012918" startTime="2026-04-06T20:16:42.5547701-06:00" endTime="2026-04-06T20:16:42.5547702-06:00" testType="13cdc9d9-ddb5-4fa4-a97d-d965ccfc6d4b" outcome="Passed" testListId="8c84fa94-04c1-424b-9868-57a2d4851a1d" relativeResultsDirectory="76fc15ed-54e2-4188-8aa6-a26f196c9166" />
    <UnitTestResult executionId="ffabcc13-0ccd-4124-879c-ece9c8d08b2f" testId="3c975109-591e-a76d-a626-1c8e98903049" testName="SoftMedia.Tests.Services.FFmpegServiceTests.IsTranscodingDisabledAsync_ReturnsTrue_WhenDisabled" computerName="GAMING" duration="00:00:00.0011226" startTime="2026-04-06T20:16:41.9389586-06:00" endTime="2026-04-06T20:16:41.9389587-06:00" testType="13cdc9d9-ddb5-4fa4-a97d-d965ccfc6d4b" outcome="Passed" testListId="8c84fa94-04c1-424b-9868-57a2d4851a1d" relativeResultsDirectory="ffabcc13-0ccd-4124-879c-ece9c8d08b2f" />
    <UnitTestResult executionId="886c5b36-0290-4dbd-bb08-c3c0c31e08b7" testId="7dab2800-5cc1-2019-caaf-e7febc1cba08" testName="SoftMedia.Tests.Services.FFmpegServiceTests.ProbeMediaAsync_ReturnsCorrectMetadata" computerName="GAMING" duration="00:00:00.0122550" startTime="2026-04-06T20:16:41.9465003-06:00" endTime="2026-04-06T20:16:41.9465004-06:00" testType="13cdc9d9-ddb5-4fa4-a97d-d965ccfc6d4b" outcome="Passed" testListId="8c84fa94-04c1-424b-9868-57a2d4851a1d" relativeResultsDirectory="886c5b36-0290-4dbd-bb08-c3c0c31e08b7" />
    <UnitTestResult executionId="b624a7dc-7d58-4608-9a13-025e56c2ce1f" testId="80c1bb01-59e0-82d9-6971-840c0ef98fc6" testName="SoftMedia.Tests.Services.FFmpegServiceTests.ProbeMediaAsync_ReturnsNull_OnFailure" computerName="GAMING" duration="00:00:00.0010678" startTime="2026-04-06T20:16:41.9483865-06:00" endTime="2026-04-06T20:16:41.9483866-06:00" testType="13cdc9d9-ddb5-4fa4-a97d-d965ccfc6d4b" outcome="Passed" testListId="8c84fa94-04c1-424b-9868-57a2d4851a1d" relativeResultsDirectory="b624a7dc-7d58-4608-9a13-025e56c2ce1f" />
    <UnitTestResult executionId="b3abc747-a6da-4620-8167-6bba87219417" testId="cafa6d83-08af-6842-2ffb-e8ebaafc6384" testName="SoftMedia.Tests.Integration.UserMediaInteractionIntegrationTests.MarkWatchedAsync_UpdatesStatusAndResetProgress" computerName="GAMING" duration="00:00:00.0029235" startTime="2026-04-06T20:16:42.5608851-06:00" endTime="2026-04-06T20:16:42.5608852-06:00" testType="13cdc9d9-ddb5-4fa4-a97d-d965ccfc6d4b" outcome="Passed" testListId="8c84fa94-04c1-424b-9868-57a2d4851a1d" relativeResultsDirectory="b3abc747-a6da-4620-8167-6bba87219417" />
    <UnitTestResult executionId="00ca7466-9ecc-42db-89eb-d847286d65f4" testId="41d0f70c-fdd1-9dc1-4481-717c601b4a5d" testName="SoftMedia.Tests.AuthSecurityTests.Login_WhenUserIsNotApproved_ShouldReturnUnauthorized" computerName="GAMING" duration="00:00:00.0101274" startTime="2026-04-06T20:16:42.4491631-06:00" endTime="2026-04-06T20:16:42.4491632-06:00" testType="13cdc9d9-ddb5-4fa4-a97d-d965ccfc6d4b" outcome="Passed" testListId="8c84fa94-04c1-424b-9868-57a2d4851a1d" relativeResultsDirectory="00ca7466-9ecc-42db-89eb-d847286d65f4" />
    <UnitTestResult executionId="51643375-5c7e-410d-bf48-78ff6be880a8" testId="4de637cd-2b31-9899-9ec4-521343fc43b8" testName="SoftMedia.Tests.FileWatcherTests.FileWatcherIssueStatus_HasCorrectValues" computerName="GAMING" duration="00:00:00.0098761" startTime="2026-04-06T20:16:41.8910947-06:00" endTime="2026-04-06T20:16:41.8910948-06:00" testType="13cdc9d9-ddb5-4fa4-a97d-d965ccfc6d4b" outcome="Passed" testListId="8c84fa94-04c1-424b-9868-57a2d4851a1d" relativeResultsDirectory="51643375-5c7e-410d-bf48-78ff6be880a8" />
    <UnitTestResult executionId="92acca57-c1b5-46ed-b851-055c2ae1b253" testId="a60f5dc2-4cb1-fb3e-ead4-9d6eb05e8760" testName="SoftMedia.Tests.Services.TranscodingIntegrationTests.Integration_ChangePreset_AffectsNextTranscode" computerName="GAMING" duration="00:00:00.0034867" startTime="2026-04-06T20:16:42.4472418-06:00" endTime="2026-04-06T20:16:42.4472419-06:00" testType="13cdc9d9-ddb5-4fa4-a97d-d965ccfc6d4b" outcome="Passed" testListId="8c84fa94-04c1-424b-9868-57a2d4851a1d" relativeResultsDirectory="92acca57-c1b5-46ed-b851-055c2ae1b253" />
    <UnitTestResult executionId="6092027c-896d-4b90-9258-7715659f1ee9" testId="c7a61cfe-da5a-1d28-d072-42770f5c85c5" testName="SoftMedia.Tests.UserManagementTests.DenyUser_DeniesUser" computerName="GAMING" duration="00:00:00.0014875" startTime="2026-04-06T20:16:42.4817893-06:00" endTime="2026-04-06T20:16:42.4817894-06:00" testType="13cdc9d9-ddb5-4fa4-a97d-d965ccfc6d4b" outcome="Passed" testListId="8c84fa94-04c1-424b-9868-57a2d4851a1d" relativeResultsDirectory="6092027c-896d-4b90-9258-7715659f1ee9" />
    <UnitTestResult executionId="ae024073-52ec-40f2-af94-cb8ef25d91ce" testId="ad604d2c-2345-19a5-b9f8-c9ec74a2ef92" testName="SoftMedia.Tests.Services.TranscodingIntegrationTests.Integration_ChangeHardwareAccel_AffectsNextTranscode" computerName="GAMING" duration="00:00:00.0029790" startTime="2026-04-06T20:16:42.4824071-06:00" endTime="2026-04-06T20:16:42.4824072-06:00" testType="13cdc9d9-ddb5-4fa4-a97d-d965ccfc6d4b" outcome="Passed" testListId="8c84fa94-04c1-424b-9868-57a2d4851a1d" relativeResultsDirectory="ae024073-52ec-40f2-af94-cb8ef25d91ce" />
    <UnitTestResult executionId="99be7708-1ee0-420f-b643-e5ef0c025eec" testId="310f7956-5efd-020d-d857-36188b530390" testName="SoftMedia.Tests.Services.TranscodingIntegrationTests.Integration_AmdHardwareAccel_IncludesHwaccelD3d11va" computerName="GAMING" duration="00:00:00.0028646" startTime="2026-04-06T20:16:42.4674817-06:00" endTime="2026-04-06T20:16:42.4674818-06:00" testType="13cdc9d9-ddb5-4fa4-a97d-d965ccfc6d4b" outcome="Passed" testListId="8c84fa94-04c1-424b-9868-57a2d4851a1d" relativeResultsDirectory="99be7708-1ee0-420f-b643-e5ef0c025eec" />
    <UnitTestResult executionId="7946c386-856e-4946-83f0-edead11e435c" testId="de340829-6c5f-2cb6-f451-a2fec211a26a" testName="SoftMedia.Tests.Integration.UserMediaInteractionIntegrationTests.RateMediaAsync_RemovesInteraction_IfNullRatingAndNoOtherState" computerName="GAMING" duration="00:00:00.0030996" startTime="2026-04-06T20:16:42.5579132-06:00" endTime="2026-04-06T20:16:42.5579133-06:00" testType="13cdc9d9-ddb5-4fa4-a97d-d965ccfc6d4b" outcome="Passed" testListId="8c84fa94-04c1-424b-9868-57a2d4851a1d" relativeResultsDirectory="7946c386-856e-4946-83f0-edead11e435c" />
    <UnitTestResult executionId="3de72d87-21e3-4524-9682-027b9440d3b5" testId="f17d60ab-61d0-db88-2b34-541be5a452f7" testName="SoftMedia.Tests.Integration.UserMediaInteractionIntegrationTests.RateMediaAsync_CreatesInteractionAndUpdatesAverage" computerName="GAMING" duration="00:00:00.0018725" startTime="2026-04-06T20:16:42.5534295-06:00" endTime="2026-04-06T20:16:42.5534296-06:00" testType="13cdc9d9-ddb5-4fa4-a97d-d965ccfc6d4b" outcome="Passed" testListId="8c84fa94-04c1-424b-9868-57a2d4851a1d" relativeResultsDirectory="3de72d87-21e3-4524-9682-027b9440d3b5" />
    <UnitTestResult executionId="059ecf97-2ca8-4bc5-b20a-ad3d5a8ac212" testId="72ab414a-c6b5-4d4c-7d64-553b626a220b" testName="SoftMedia.Tests.Integration.UserMediaInteractionIntegrationTests.RateMediaAsync_UpdatesExistingRating" computerName="GAMING" duration="00:00:00.6652492" startTime="2026-04-06T20:16:42.5449339-06:00" endTime="2026-04-06T20:16:42.5449341-06:00" testType="13cdc9d9-ddb5-4fa4-a97d-d965ccfc6d4b" outcome="Passed" testListId="8c84fa94-04c1-424b-9868-57a2d4851a1d" relativeResultsDirectory="059ecf97-2ca8-4bc5-b20a-ad3d5a8ac212" />
    <UnitTestResult executionId="98b97c33-0525-40ae-be45-d03b02f3e1b9" testId="204d3af4-495f-e8a4-5df6-5a3779b02c9e" testName="SoftMedia.Tests.UserManagementTests.DeleteUser_DeletesUser" computerName="GAMING" duration="00:00:00.0066784" startTime="2026-04-06T20:16:42.4630825-06:00" endTime="2026-04-06T20:16:42.4630826-06:00" testType="13cdc9d9-ddb5-4fa4-a97d-d965ccfc6d4b" outcome="Passed" testListId="8c84fa94-04c1-424b-9868-57a2d4851a1d" relativeResultsDirectory="98b97c33-0525-40ae-be45-d03b02f3e1b9" />
    <UnitTestResult executionId="bad7a3f2-282e-4152-a3de-2d588fbc5b67" testId="8eb0e247-f1c7-67fd-f985-441319095668" testName="SoftMedia.Tests.FileWatcherTests.FileWatcherIssue_HasCorrectProperties" computerName="GAMING" duration="00:00:00.0023072" startTime="2026-04-06T20:16:41.8919484-06:00" endTime="2026-04-06T20:16:41.8919485-06:00" testType="13cdc9d9-ddb5-4fa4-a97d-d965ccfc6d4b" outcome="Passed" testListId="8c84fa94-04c1-424b-9868-57a2d4851a1d" relativeResultsDirectory="bad7a3f2-282e-4152-a3de-2d588fbc5b67" />
    <UnitTestResult executionId="5ce22089-3d22-4965-a5a7-123c3e129587" testId="24d5cbed-dd6b-659a-a32a-ff88897d2506" testName="SoftMedia.Tests.Services.TranscodingIntegrationTests.Integration_ChangeThreadCount_AffectsNextTranscode" computerName="GAMING" duration="00:00:00.0029871" startTime="2026-04-06T20:16:42.4760459-06:00" endTime="2026-04-06T20:16:42.4760460-06:00" testType="13cdc9d9-ddb5-4fa4-a97d-d965ccfc6d4b" outcome="Passed" testListId="8c84fa94-04c1-424b-9868-57a2d4851a1d" relativeResultsDirectory="5ce22089-3d22-4965-a5a7-123c3e129587" />
    <UnitTestResult executionId="6d98a67e-a8b1-43d3-b583-c5180555d5f3" testId="891f33fe-e59e-45a5-fc2f-9d3ad090fa4e" testName="SoftMedia.Tests.UserManagementTests.GetUsers_ReturnsAllUsers" computerName="GAMING" duration="00:00:00.0119500" startTime="2026-04-06T20:16:42.4784056-06:00" endTime="2026-04-06T20:16:42.4784057-06:00" testType="13cdc9d9-ddb5-4fa4-a97d-d965ccfc6d4b" outcome="Passed" testListId="8c84fa94-04c1-424b-9868-57a2d4851a1d" relativeResultsDirectory="6d98a67e-a8b1-43d3-b583-c5180555d5f3" />
    <UnitTestResult executionId="42f12e63-b28f-443c-aba6-834818a280cc" testId="0fab1b82-589a-317e-4b3a-d0b724e88a51" testName="SoftMedia.Tests.Services.TranscodingIntegrationTests.Integration_NoHardwareAccel_NoHwaccelFlags" computerName="GAMING" duration="00:00:00.0021860" startTime="2026-04-06T20:16:42.4533162-06:00" endTime="2026-04-06T20:16:42.4533163-06:00" testType="13cdc9d9-ddb5-4fa4-a97d-d965ccfc6d4b" outcome="Passed" testListId="8c84fa94-04c1-424b-9868-57a2d4851a1d" relativeResultsDirectory="42f12e63-b28f-443c-aba6-834818a280cc" />
    <UnitTestResult executionId="7c9ebfb3-36d3-4e3c-8ccc-afd8e4d02db9" testId="4bddc169-fcd3-8e28-d0d8-0ef89e578f11" testName="SoftMedia.Tests.UserManagementTests.UpdateUserRatings_UpdatesRatings" computerName="GAMING" duration="00:00:00.0018214" startTime="2026-04-06T20:16:42.4802513-06:00" endTime="2026-04-06T20:16:42.4802513-06:00" testType="13cdc9d9-ddb5-4fa4-a97d-d965ccfc6d4b" outcome="Passed" testListId="8c84fa94-04c1-424b-9868-57a2d4851a1d" relativeResultsDirectory="7c9ebfb3-36d3-4e3c-8ccc-afd8e4d02db9" />
    <UnitTestResult executionId="837563b7-e103-44f7-beb6-8841868b3060" testId="0d457943-2088-6265-d514-c42903f080f1" testName="SoftMedia.Tests.LibraryTests.ReorderLibraries_UpdatesOrder" computerName="GAMING" duration="00:00:00.0036663" startTime="2026-04-06T20:16:41.9389196-06:00" endTime="2026-04-06T20:16:41.9389197-06:00" testType="13cdc9d9-ddb5-4fa4-a97d-d965ccfc6d4b" outcome="Passed" testListId="8c84fa94-04c1-424b-9868-57a2d4851a1d" relativeResultsDirectory="837563b7-e103-44f7-beb6-8841868b3060" />
    <UnitTestResult executionId="3d3628bb-6214-4928-81dc-c3269c9099f9" testId="00c225ef-8848-7dae-a06f-73b97bad3ac9" testName="SoftMedia.Tests.Services.TranscodingIntegrationTests.Integration_ChangeMultipleSettings_AllApplyToNextTranscode" computerName="GAMING" duration="00:00:00.0026375" startTime="2026-04-06T20:16:42.4567099-06:00" endTime="2026-04-06T20:16:42.4567099-06:00" testType="13cdc9d9-ddb5-4fa4-a97d-d965ccfc6d4b" outcome="Passed" testListId="8c84fa94-04c1-424b-9868-57a2d4851a1d" relativeResultsDirectory="3d3628bb-6214-4928-81dc-c3269c9099f9" />
    <UnitTestResult executionId="80cd30ae-f1c5-42f3-ba3a-77c31c90e8d2" testId="dd3b06c9-700c-ec8c-50dd-8ed40717fd57" testName="SoftMedia.Tests.Services.TranscodingIntegrationTests.Integration_IntelHardwareAccel_IncludesHwaccelQsv" computerName="GAMING" duration="00:00:00.0027723" startTime="2026-04-06T20:16:42.4730079-06:00" endTime="2026-04-06T20:16:42.4730080-06:00" testType="13cdc9d9-ddb5-4fa4-a97d-d965ccfc6d4b" outcome="Passed" testListId="8c84fa94-04c1-424b-9868-57a2d4851a1d" relativeResultsDirectory="80cd30ae-f1c5-42f3-ba3a-77c31c90e8d2" />
    <UnitTestResult executionId="dd4f9e24-02de-407b-a893-e73282b24bb3" testId="d92a411d-7bc4-f78c-e9d1-efdc4aeef73d" testName="SoftMedia.Tests.UserManagementTests.UpdateUserRole_UpdatesRole" computerName="GAMING" duration="00:00:00.5393382" startTime="2026-04-06T20:16:42.4212732-06:00" endTime="2026-04-06T20:16:42.4212734-06:00" testType="13cdc9d9-ddb5-4fa4-a97d-d965ccfc6d4b" outcome="Passed" testListId="8c84fa94-04c1-424b-9868-57a2d4851a1d" relativeResultsDirectory="dd4f9e24-02de-407b-a893-e73282b24bb3" />
    <UnitTestResult executionId="9cbce80d-76d7-45b4-96b9-2a32f770022e" testId="5fe61cd0-4616-edfe-e622-aa85801fd94b" testName="SoftMedia.Tests.Services.TranscodingIntegrationTests.Integration_MissingSettingKey_UsesDefault" computerName="GAMING" duration="00:00:00.0018216" startTime="2026-04-06T20:16:42.4584520-06:00" endTime="2026-04-06T20:16:42.4584520-06:00" testType="13cdc9d9-ddb5-4fa4-a97d-d965ccfc6d4b" outcome="Passed" testListId="8c84fa94-04c1-424b-9868-57a2d4851a1d" relativeResultsDirectory="9cbce80d-76d7-45b4-96b9-2a32f770022e" />
    <UnitTestResult executionId="bafee099-f099-4d8c-9e4d-007dded773a8" testId="0bdd8cc9-20b4-84d7-9ad8-5403fc793d4d" testName="SoftMedia.Tests.LibraryTests.GetLibraries_ReturnsOrderedLibraries" computerName="GAMING" duration="00:00:00.0030790" startTime="2026-04-06T20:16:41.9389969-06:00" endTime="2026-04-06T20:16:41.9389969-06:00" testType="13cdc9d9-ddb5-4fa4-a97d-d965ccfc6d4b" outcome="Passed" testListId="8c84fa94-04c1-424b-9868-57a2d4851a1d" relativeResultsDirectory="bafee099-f099-4d8c-9e4d-007dded773a8" />
    <UnitTestResult executionId="d3443909-d430-4683-8ea1-4d616f493e81" testId="f45bb883-eb6d-92fb-229f-aa0cdbda49dc" testName="SoftMedia.Tests.Services.PasswordHasherTests.HashPassword_ReturnsHashString" computerName="GAMING" duration="00:00:00.0724108" startTime="2026-04-06T20:16:42.8319560-06:00" endTime="2026-04-06T20:16:42.8319566-06:00" testType="13cdc9d9-ddb5-4fa4-a97d-d965ccfc6d4b" outcome="Passed" testListId="8c84fa94-04c1-424b-9868-57a2d4851a1d" relativeResultsDirectory="d3443909-d430-4683-8ea1-4d616f493e81" />
    <UnitTestResult executionId="a6dafe44-6412-493b-99dc-f4a9e995067d" testId="c1e21d32-b604-b65c-4bce-afcab2505d4e" testName="SoftMedia.Tests.UserManagementTests.ApproveUser_ApprovesUser" computerName="GAMING" duration="00:00:00.0183982" startTime="2026-04-06T20:16:42.4424379-06:00" endTime="2026-04-06T20:16:42.4424379-06:00" testType="13cdc9d9-ddb5-4fa4-a97d-d965ccfc6d4b" outcome="Passed" testListId="8c84fa94-04c1-424b-9868-57a2d4851a1d" relativeResultsDirectory="a6dafe44-6412-493b-99dc-f4a9e995067d" />
    <UnitTestResult executionId="1d4f2f04-10cc-4079-92ca-b8dc3d4b444f" testId="c71fa3e1-66cd-bfc0-662e-7a949f4dbdec" testName="SoftMedia.Tests.Services.TranscodingIntegrationTests.Integration_NvidiaHardwareAccel_IncludesHwaccelCuda" computerName="GAMING" duration="00:00:00.5448245" startTime="2026-04-06T20:16:42.4245101-06:00" endTime="2026-04-06T20:16:42.4245103-06:00" testType="13cdc9d9-ddb5-4fa4-a97d-d965ccfc6d4b" outcome="Passed" testListId="8c84fa94-04c1-424b-9868-57a2d4851a1d" relativeResultsDirectory="1d4f2f04-10cc-4079-92ca-b8dc3d4b444f" />
    <UnitTestResult executionId="8bf7f2a8-1422-4f26-8451-8e2afffc5000" testId="4949cd7b-b143-8afc-ca49-e418a8d3ea72" testName="SoftMedia.Tests.Services.TranscodingIntegrationTests.Integration_RevertToDefaults_WorksCorrectly" computerName="GAMING" duration="00:00:00.0032974" startTime="2026-04-06T20:16:42.4793843-06:00" endTime="2026-04-06T20:16:42.4793844-06:00" testType="13cdc9d9-ddb5-4fa4-a97d-d965ccfc6d4b" outcome="Passed" testListId="8c84fa94-04c1-424b-9868-57a2d4851a1d" relativeResultsDirectory="8bf7f2a8-1422-4f26-8451-8e2afffc5000" />
    <UnitTestResult executionId="509b9114-ae13-404c-918a-b644daefcdcc" testId="d09369f8-f6f9-5d32-92ea-a9b9b4417f2b" testName="SoftMedia.Tests.FileWatcherTests.ClearIssue_ReturnsFalse_WhenIssueNotFound" computerName="GAMING" duration="00:00:00.0011613" startTime="2026-04-06T20:16:41.9292947-06:00" endTime="2026-04-06T20:16:41.9292948-06:00" testType="13cdc9d9-ddb5-4fa4-a97d-d965ccfc6d4b" outcome="Passed" testListId="8c84fa94-04c1-424b-9868-57a2d4851a1d" relativeResultsDirectory="509b9114-ae13-404c-918a-b644daefcdcc" />
    <UnitTestResult executionId="03dcd02c-dc35-4367-a312-b9091b126142" testId="4174b022-fc7b-41b1-5b6b-a872f9f0e4bc" testName="SoftMedia.Tests.AuthSecurityTests.Signup_WhenAllowSignupIsFalse_ShouldReturnForbidden" computerName="GAMING" duration="00:00:00.0100260" startTime="2026-04-06T20:16:42.4423880-06:00" endTime="2026-04-06T20:16:42.4423881-06:00" testType="13cdc9d9-ddb5-4fa4-a97d-d965ccfc6d4b" outcome="Passed" testListId="8c84fa94-04c1-424b-9868-57a2d4851a1d" relativeResultsDirectory="03dcd02c-dc35-4367-a312-b9091b126142" />
    <UnitTestResult executionId="fd613d35-bace-43f1-9954-c555db615bf5" testId="c9d5b17e-1791-fe3e-9cf0-5625baee3f90" testName="SoftMedia.Tests.Integration.UserMediaInteractionIntegrationTests.UpdateProgressAsync_UpdatesPosition" computerName="GAMING" duration="00:00:00.0017058" startTime="2026-04-06T20:16:42.5626409-06:00" endTime="2026-04-06T20:16:42.5626409-06:00" testType="13cdc9d9-ddb5-4fa4-a97d-d965ccfc6d4b" outcome="Passed" testListId="8c84fa94-04c1-424b-9868-57a2d4851a1d" relativeResultsDirectory="fd613d35-bace-43f1-9954-c555db615bf5" />
    <UnitTestResult executionId="8626768c-b88c-4fd9-8de0-411b164b4f35" testId="8be9396d-e77d-23c9-e431-01c99a363431" testName="SoftMedia.Tests.Services.TranscodingIntegrationTests.Integration_DefaultSettings_ApplyToTranscodeArguments" computerName="GAMING" duration="00:00:00.0026735" startTime="2026-04-06T20:16:42.4701931-06:00" endTime="2026-04-06T20:16:42.4701932-06:00" testType="13cdc9d9-ddb5-4fa4-a97d-d965ccfc6d4b" outcome="Passed" testListId="8c84fa94-04c1-424b-9868-57a2d4851a1d" relativeResultsDirectory="8626768c-b88c-4fd9-8de0-411b164b4f35" />
    <UnitTestResult executionId="3ffcf5e8-e25e-462b-8cca-d36a438961c9" testId="b4510a53-8482-2097-3495-d2c88b75d3fd" testName="SoftMedia.Tests.FileWatcherTests.RetryFile_ReturnsFalse_WhenIssueNotFound" computerName="GAMING" duration="00:00:00.0360156" startTime="2026-04-06T20:16:41.9280659-06:00" endTime="2026-04-06T20:16:41.9280662-06:00" testType="13cdc9d9-ddb5-4fa4-a97d-d965ccfc6d4b" outcome="Passed" testListId="8c84fa94-04c1-424b-9868-57a2d4851a1d" relativeResultsDirectory="3ffcf5e8-e25e-462b-8cca-d36a438961c9" />
    <UnitTestResult executionId="613a1d26-0993-41c7-a0cb-47a061a310dc" testId="75c56bc1-b353-7ae8-ce64-49c7bfd38d60" testName="SoftMedia.Tests.Integration.LibraryIntegrationTests.GetLibraries_ReturnsAllLibraries" computerName="GAMING" duration="00:00:00.0062373" startTime="2026-04-06T20:16:42.4465582-06:00" endTime="2026-04-06T20:16:42.4465583-06:00" testType="13cdc9d9-ddb5-4fa4-a97d-d965ccfc6d4b" outcome="Passed" testListId="8c84fa94-04c1-424b-9868-57a2d4851a1d" relativeResultsDirectory="613a1d26-0993-41c7-a0cb-47a061a310dc" />
    <UnitTestResult executionId="01b25aa5-7b16-44e0-a1fe-293fa7f7980a" testId="5bc6d5fa-39de-3196-bb66-7bfd05694508" testName="SoftMedia.Tests.Services.TranscodingIntegrationTests.Integration_EnableDisableTranscoding_AffectsCheck" computerName="GAMING" duration="00:00:00.0030804" startTime="2026-04-06T20:16:42.4615772-06:00" endTime="2026-04-06T20:16:42.4615773-06:00" testType="13cdc9d9-ddb5-4fa4-a97d-d965ccfc6d4b" outcome="Passed" testListId="8c84fa94-04c1-424b-9868-57a2d4851a1d" relativeResultsDirectory="01b25aa5-7b16-44e0-a1fe-293fa7f7980a" />
    <UnitTestResult executionId="05774746-f4d8-4880-8ae9-6ee4c37a206e" testId="a2796cfe-8f2e-d939-142d-9c6006d25afd" testName="SoftMedia.Tests.UserManagementTests.ResetUserPassword_UpdatesPasswordHash" computerName="GAMING" duration="00:00:00.0016635" startTime="2026-04-06T20:16:42.4647833-06:00" endTime="2026-04-06T20:16:42.4647834-06:00" testType="13cdc9d9-ddb5-4fa4-a97d-d965ccfc6d4b" outcome="Passed" testListId="8c84fa94-04c1-424b-9868-57a2d4851a1d" relativeResultsDirectory="05774746-f4d8-4880-8ae9-6ee4c37a206e" />
    <UnitTestResult executionId="8ca5b182-3722-4f91-9b4a-603afaf4a560" testId="a9b8b9a7-b3e4-4313-e36e-e0d216f844fc" testName="SoftMedia.Tests.Integration.LibraryIntegrationTests.DeleteLibrary_RemovesFromDatabase" computerName="GAMING" duration="00:00:00.0333398" startTime="2026-04-06T20:16:42.4801377-06:00" endTime="2026-04-06T20:16:42.4801377-06:00" testType="13cdc9d9-ddb5-4fa4-a97d-d965ccfc6d4b" outcome="Passed" testListId="8c84fa94-04c1-424b-9868-57a2d4851a1d" relativeResultsDirectory="8ca5b182-3722-4f91-9b4a-603afaf4a560" />
    <UnitTestResult executionId="315b6881-2e4b-4896-a8bb-21c43c05aa30" testId="ea2928bc-7f11-ba94-a412-05c8c5c8fb4c" testName="SoftMedia.Tests.Services.TranscodingIntegrationTests.Integration_ChangeResolution_AffectsNextTranscode" computerName="GAMING" duration="00:00:00.0021959" startTime="2026-04-06T20:16:42.4551013-06:00" endTime="2026-04-06T20:16:42.4551014-06:00" testType="13cdc9d9-ddb5-4fa4-a97d-d965ccfc6d4b" outcome="Passed" testListId="8c84fa94-04c1-424b-9868-57a2d4851a1d" relativeResultsDirectory="315b6881-2e4b-4896-a8bb-21c43c05aa30" />
    <UnitTestResult executionId="a4a6d089-90fe-43b7-8381-c2c4a0eea4f4" testId="33626d88-9b9a-77dc-6ab7-5b8c77e13dcd" testName="SoftMedia.Tests.Integration.UserMediaInteractionIntegrationTests.ToggleFavoriteAsync_CreatesInteraction" computerName="GAMING" duration="00:00:00.0064802" startTime="2026-04-06T20:16:42.5514933-06:00" endTime="2026-04-06T20:16:42.5514934-06:00" testType="13cdc9d9-ddb5-4fa4-a97d-d965ccfc6d4b" outcome="Passed" testListId="8c84fa94-04c1-424b-9868-57a2d4851a1d" relativeResultsDirectory="a4a6d089-90fe-43b7-8381-c2c4a0eea4f4" />
    <UnitTestResult executionId="35f276e6-0f1e-433f-b315-261ef307f9a6" testId="a9e8cff0-77ad-bbd2-ebd9-751711504a9e" testName="SoftMedia.Tests.Services.TranscodingIntegrationTests.Integration_ChangeCRF_AffectsNextTranscode" computerName="GAMING" duration="00:00:00.0190819" startTime="2026-04-06T20:16:42.4438669-06:00" endTime="2026-04-06T20:16:42.4438670-06:00" testType="13cdc9d9-ddb5-4fa4-a97d-d965ccfc6d4b" outcome="Passed" testListId="8c84fa94-04c1-424b-9868-57a2d4851a1d" relativeResultsDirectory="35f276e6-0f1e-433f-b315-261ef307f9a6" />
    <UnitTestResult executionId="3ce608a2-34c3-4fa9-9cd2-0d4527b3f906" testId="b240c5eb-a105-089f-3d83-a26be7ae2345" testName="SoftMedia.Tests.UnitTest1.Test1" computerName="GAMING" duration="00:00:00.0020203" startTime="2026-04-06T20:16:41.8886865-06:00" endTime="2026-04-06T20:16:41.8886994-06:00" testType="13cdc9d9-ddb5-4fa4-a97d-d965ccfc6d4b" outcome="Passed" testListId="8c84fa94-04c1-424b-9868-57a2d4851a1d" relativeResultsDirectory="3ce608a2-34c3-4fa9-9cd2-0d4527b3f906" />
    <UnitTestResult executionId="7c4e35c4-e70a-41d5-adfb-7e2b5c86a8f2" testId="89350e42-76a9-193f-72f2-1039e85792c0" testName="SoftMedia.Tests.Integration.LibraryIntegrationTests.CreateLibrary_PersistsToDatabase" computerName="GAMING" duration="00:00:00.5606109" startTime="2026-04-06T20:16:42.4424788-06:00" endTime="2026-04-06T20:16:42.4424789-06:00" testType="13cdc9d9-ddb5-4fa4-a97d-d965ccfc6d4b" outcome="Passed" testListId="8c84fa94-04c1-424b-9868-57a2d4851a1d" relativeResultsDirectory="7c4e35c4-e70a-41d5-adfb-7e2b5c86a8f2" />
    <UnitTestResult executionId="b8cd50f4-807b-4777-baf4-3512ea991a6f" testId="5d64dbbf-4f4e-f5dc-1c40-80dd150ddc96" testName="SoftMedia.Tests.Services.PasswordHasherTests.VerifyPassword_ReturnsFalse_ForIncorrectPassword" computerName="GAMING" duration="00:00:00.4296086" startTime="2026-04-06T20:16:42.3112877-06:00" endTime="2026-04-06T20:16:42.3112881-06:00" testType="13cdc9d9-ddb5-4fa4-a97d-d965ccfc6d4b" outcome="Passed" testListId="8c84fa94-04c1-424b-9868-57a2d4851a1d" relativeResultsDirectory="b8cd50f4-807b-4777-baf4-3512ea991a6f" />
    <UnitTestResult executionId="d9abad50-852b-4186-b373-9ec32a23bce6" testId="3fe8f71a-af76-d560-d244-14292687aa8b" testName="SoftMedia.Tests.AuthSecurityTests.Signup_FirstUser_ShouldBeAdminAndApproved" computerName="GAMING" duration="00:00:00.5471622" startTime="2026-04-06T20:16:42.4289157-06:00" endTime="2026-04-06T20:16:42.4289159-06:00" testType="13cdc9d9-ddb5-4fa4-a97d-d965ccfc6d4b" outcome="Passed" testListId="8c84fa94-04c1-424b-9868-57a2d4851a1d" relativeResultsDirectory="d9abad50-852b-4186-b373-9ec32a23bce6" />
    <UnitTestResult executionId="fc4ced5a-ffe2-4a63-a330-fddecb4ab003" testId="ed099df2-7962-fb65-668b-a2327d41fb78" testName="SoftMedia.Tests.LibraryTests.CreateLibrary_AddsLibrary" computerName="GAMING" duration="00:00:00.0504717" startTime="2026-04-06T20:16:41.9301144-06:00" endTime="2026-04-06T20:16:41.9301145-06:00" testType="13cdc9d9-ddb5-4fa4-a97d-d965ccfc6d4b" outcome="Passed" testListId="8c84fa94-04c1-424b-9868-57a2d4851a1d" relativeResultsDirectory="fc4ced5a-ffe2-4a63-a330-fddecb4ab003" />
    <UnitTestResult executionId="bb8f7689-a168-40b3-a26c-01d01f6664b0" testId="01291419-6268-bc41-5be9-20e2e9587291" testName="SoftMedia.Tests.UserManagementTests.BanUser_BansUser" computerName="GAMING" duration="00:00:00.0015966" startTime="2026-04-06T20:16:42.4664232-06:00" endTime="2026-04-06T20:16:42.4664233-06:00" testType="13cdc9d9-ddb5-4fa4-a97d-d965ccfc6d4b" outcome="Passed" testListId="8c84fa94-04c1-424b-9868-57a2d4851a1d" relativeResultsDirectory="bb8f7689-a168-40b3-a26c-01d01f6664b0" />
    <UnitTestResult executionId="5af63452-19e8-41e3-87b8-13b08cb9cb1e" testId="fee4c404-6284-0c18-62e6-74db82b1a630" testName="SoftMedia.Tests.UserManagementTests.BanUser_CannotBanSelf" computerName="GAMING" duration="00:00:00.0008571" startTime="2026-04-06T20:16:42.4826791-06:00" endTime="2026-04-06T20:16:42.4826792-06:00" testType="13cdc9d9-ddb5-4fa4-a97d-d965ccfc6d4b" outcome="Passed" testListId="8c84fa94-04c1-424b-9868-57a2d4851a1d" relativeResultsDirectory="5af63452-19e8-41e3-87b8-13b08cb9cb1e" />
    <UnitTestResult executionId="d5271386-2720-4039-88c0-d6c966b475b0" testId="c047b1e0-d1fc-5125-8895-00fcf98c73d3" testName="SoftMedia.Tests.UserManagementTests.CreateUser_CreatesUser" computerName="GAMING" duration="00:00:00.0167649" startTime="2026-04-06T20:16:42.4563678-06:00" endTime="2026-04-06T20:16:42.4563679-06:00" testType="13cdc9d9-ddb5-4fa4-a97d-d965ccfc6d4b" outcome="Passed" testListId="8c84fa94-04c1-424b-9868-57a2d4851a1d" relativeResultsDirectory="d5271386-2720-4039-88c0-d6c966b475b0" />
    <UnitTestResult executionId="bc0512d6-b7dc-4f56-8f52-305a10441ab6" testId="578bb1db-7c12-1b45-077a-f1acfce206de" testName="SoftMedia.Tests.Services.TranscodingIntegrationTests.Integration_EnableTranscoding_DefaultIsTrue" computerName="GAMING" duration="00:00:00.0022528" startTime="2026-04-06T20:16:42.4532693-06:00" endTime="2026-04-06T20:16:42.4532694-06:00" testType="13cdc9d9-ddb5-4fa4-a97d-d965ccfc6d4b" outcome="Passed" testListId="8c84fa94-04c1-424b-9868-57a2d4851a1d" relativeResultsDirectory="bc0512d6-b7dc-4f56-8f52-305a10441ab6" />
    <UnitTestResult executionId="25ae38f6-5db9-4d1f-8d34-e04cefdfebf3" testId="445cc062-0d37-3850-5313-9ea840b96290" testName="SoftMedia.Tests.Services.TranscodingIntegrationTests.Integration_InvalidSettingValue_FallsBackToDefault" computerName="GAMING" duration="00:00:00.0029551" startTime="2026-04-06T20:16:42.4645683-06:00" endTime="2026-04-06T20:16:42.4645684-06:00" testType="13cdc9d9-ddb5-4fa4-a97d-d965ccfc6d4b" outcome="Passed" testListId="8c84fa94-04c1-424b-9868-57a2d4851a1d" relativeResultsDirectory="25ae38f6-5db9-4d1f-8d34-e04cefdfebf3" />
    <UnitTestResult executionId="aa05efca-117e-4054-94cd-c747dfe44298" testId="84558fe5-d7ee-ddff-9ade-a825b894ca96" testName="SoftMedia.Tests.FileWatcherTests.GetFileIssues_ReturnsEmptyInitially" computerName="GAMING" duration="00:00:00.0033654" startTime="2026-04-06T20:16:41.9327054-06:00" endTime="2026-04-06T20:16:41.9327055-06:00" testType="13cdc9d9-ddb5-4fa4-a97d-d965ccfc6d4b" outcome="Passed" testListId="8c84fa94-04c1-424b-9868-57a2d4851a1d" relativeResultsDirectory="aa05efca-117e-4054-94cd-c747dfe44298" />
  </Results>
  <TestDefinitions>
    <UnitTest name="SoftMedia.Tests.Services.PasswordHasherTests.VerifyPassword_ReturnsFalse_ForIncorrectPassword" storage="c:\users\admin\documents\coding2\softmedia\src\softmedia.tests\bin\debug\net9.0\softmedia.integrationtests.dll" id="5d64dbbf-4f4e-f5dc-1c40-80dd150ddc96">
      <Execution id="b8cd50f4-807b-4777-baf4-3512ea991a6f" />
      <TestMethod codeBase="C:\Users\Admin\Documents\coding2\SoftMedia\src\SoftMedia.Tests\bin\Debug\net9.0\SoftMedia.IntegrationTests.dll" adapterTypeName="executor://xunit/VsTestRunner2/netcoreapp" className="SoftMedia.Tests.Services.PasswordHasherTests" name="VerifyPassword_ReturnsFalse_ForIncorrectPassword" />
    </UnitTest>
    <UnitTest name="SoftMedia.Tests.FileWatcherTests.ClearIssue_ReturnsFalse_WhenIssueNotFound" storage="c:\users\admin\documents\coding2\softmedia\src\softmedia.tests\bin\debug\net9.0\softmedia.integrationtests.dll" id="d09369f8-f6f9-5d32-92ea-a9b9b4417f2b">
      <Execution id="509b9114-ae13-404c-918a-b644daefcdcc" />
      <TestMethod codeBase="C:\Users\Admin\Documents\coding2\SoftMedia\src\SoftMedia.Tests\bin\Debug\net9.0\SoftMedia.IntegrationTests.dll" adapterTypeName="executor://xunit/VsTestRunner2/netcoreapp" className="SoftMedia.Tests.FileWatcherTests" name="ClearIssue_ReturnsFalse_WhenIssueNotFound" />
    </UnitTest>
    <UnitTest name="SoftMedia.Tests.LibraryTests.CreateLibrary_AddsLibrary" storage="c:\users\admin\documents\coding2\softmedia\src\softmedia.tests\bin\debug\net9.0\softmedia.integrationtests.dll" id="ed099df2-7962-fb65-668b-a2327d41fb78">
      <Execution id="fc4ced5a-ffe2-4a63-a330-fddecb4ab003" />
      <TestMethod codeBase="C:\Users\Admin\Documents\coding2\SoftMedia\src\SoftMedia.Tests\bin\Debug\net9.0\SoftMedia.IntegrationTests.dll" adapterTypeName="executor://xunit/VsTestRunner2/netcoreapp" className="SoftMedia.Tests.LibraryTests" name="CreateLibrary_AddsLibrary" />
    </UnitTest>
    <UnitTest name="SoftMedia.Tests.Integration.LibraryIntegrationTests.GetLibraries_ReturnsAllLibraries" storage="c:\users\admin\documents\coding2\softmedia\src\softmedia.tests\bin\debug\net9.0\softmedia.integrationtests.dll" id="75c56bc1-b353-7ae8-ce64-49c7bfd38d60">
      <Execution id="613a1d26-0993-41c7-a0cb-47a061a310dc" />
      <TestMethod codeBase="C:\Users\Admin\Documents\coding2\SoftMedia\src\SoftMedia.Tests\bin\Debug\net9.0\SoftMedia.IntegrationTests.dll" adapterTypeName="executor://xunit/VsTestRunner2/netcoreapp" className="SoftMedia.Tests.Integration.LibraryIntegrationTests" name="GetLibraries_ReturnsAllLibraries" />
    </UnitTest>
    <UnitTest name="SoftMedia.Tests.Services.FFmpegServiceTests.IsTranscodingDisabledAsync_ReturnsFalse_WhenEnabled" storage="c:\users\admin\documents\coding2\softmedia\src\softmedia.tests\bin\debug\net9.0\softmedia.integrationtests.dll" id="b393d623-ce6c-4982-2911-2655f015f873">
      <Execution id="cfd8081a-704e-40f8-bb8d-60f10c1625e0" />
      <TestMethod codeBase="C:\Users\Admin\Documents\coding2\SoftMedia\src\SoftMedia.Tests\bin\Debug\net9.0\SoftMedia.IntegrationTests.dll" adapterTypeName="executor://xunit/VsTestRunner2/netcoreapp" className="SoftMedia.Tests.Services.FFmpegServiceTests" name="IsTranscodingDisabledAsync_ReturnsFalse_WhenEnabled" />
    </UnitTest>
    <UnitTest name="SoftMedia.Tests.Services.TranscodingIntegrationTests.Integration_ChangeResolution_AffectsNextTranscode" storage="c:\users\admin\documents\coding2\softmedia\src\softmedia.tests\bin\debug\net9.0\softmedia.integrationtests.dll" id="ea2928bc-7f11-ba94-a412-05c8c5c8fb4c">
      <Execution id="315b6881-2e4b-4896-a8bb-21c43c05aa30" />
      <TestMethod codeBase="C:\Users\Admin\Documents\coding2\SoftMedia\src\SoftMedia.Tests\bin\Debug\net9.0\SoftMedia.IntegrationTests.dll" adapterTypeName="executor://xunit/VsTestRunner2/netcoreapp" className="SoftMedia.Tests.Services.TranscodingIntegrationTests" name="Integration_ChangeResolution_AffectsNextTranscode" />
    </UnitTest>
    <UnitTest name="SoftMedia.Tests.Integration.LibraryIntegrationTests.DeleteLibrary_RemovesFromDatabase" storage="c:\users\admin\documents\coding2\softmedia\src\softmedia.tests\bin\debug\net9.0\softmedia.integrationtests.dll" id="a9b8b9a7-b3e4-4313-e36e-e0d216f844fc">
      <Execution id="8ca5b182-3722-4f91-9b4a-603afaf4a560" />
      <TestMethod codeBase="C:\Users\Admin\Documents\coding2\SoftMedia\src\SoftMedia.Tests\bin\Debug\net9.0\SoftMedia.IntegrationTests.dll" adapterTypeName="executor://xunit/VsTestRunner2/netcoreapp" className="SoftMedia.Tests.Integration.LibraryIntegrationTests" name="DeleteLibrary_RemovesFromDatabase" />
    </UnitTest>
    <UnitTest name="SoftMedia.Tests.Services.TranscodingIntegrationTests.Integration_ChangeHardwareAccel_AffectsNextTranscode" storage="c:\users\admin\documents\coding2\softmedia\src\softmedia.tests\bin\debug\net9.0\softmedia.integrationtests.dll" id="ad604d2c-2345-19a5-b9f8-c9ec74a2ef92">
      <Execution id="ae024073-52ec-40f2-af94-cb8ef25d91ce" />
      <TestMethod codeBase="C:\Users\Admin\Documents\coding2\SoftMedia\src\SoftMedia.Tests\bin\Debug\net9.0\SoftMedia.IntegrationTests.dll" adapterTypeName="executor://xunit/VsTestRunner2/netcoreapp" className="SoftMedia.Tests.Services.TranscodingIntegrationTests" name="Integration_ChangeHardwareAccel_AffectsNextTranscode" />
    </UnitTest>
    <UnitTest name="SoftMedia.Tests.Services.TranscodingIntegrationTests.Integration_EnableDisableTranscoding_AffectsCheck" storage="c:\users\admin\documents\coding2\softmedia\src\softmedia.tests\bin\debug\net9.0\softmedia.integrationtests.dll" id="5bc6d5fa-39de-3196-bb66-7bfd05694508">
      <Execution id="01b25aa5-7b16-44e0-a1fe-293fa7f7980a" />
      <TestMethod codeBase="C:\Users\Admin\Documents\coding2\SoftMedia\src\SoftMedia.Tests\bin\Debug\net9.0\SoftMedia.IntegrationTests.dll" adapterTypeName="executor://xunit/VsTestRunner2/netcoreapp" className="SoftMedia.Tests.Services.TranscodingIntegrationTests" name="Integration_EnableDisableTranscoding_AffectsCheck" />
    </UnitTest>
    <UnitTest name="SoftMedia.Tests.LibraryTests.GetLibraries_ReturnsOrderedLibraries" storage="c:\users\admin\documents\coding2\softmedia\src\softmedia.tests\bin\debug\net9.0\softmedia.integrationtests.dll" id="0bdd8cc9-20b4-84d7-9ad8-5403fc793d4d">
      <Execution id="bafee099-f099-4d8c-9e4d-007dded773a8" />
      <TestMethod codeBase="C:\Users\Admin\Documents\coding2\SoftMedia\src\SoftMedia.Tests\bin\Debug\net9.0\SoftMedia.IntegrationTests.dll" adapterTypeName="executor://xunit/VsTestRunner2/netcoreapp" className="SoftMedia.Tests.LibraryTests" name="GetLibraries_ReturnsOrderedLibraries" />
    </UnitTest>
    <UnitTest name="SoftMedia.Tests.Services.TranscodingIntegrationTests.Integration_IntelHardwareAccel_IncludesHwaccelQsv" storage="c:\users\admin\documents\coding2\softmedia\src\softmedia.tests\bin\debug\net9.0\softmedia.integrationtests.dll" id="dd3b06c9-700c-ec8c-50dd-8ed40717fd57">
      <Execution id="80cd30ae-f1c5-42f3-ba3a-77c31c90e8d2" />
      <TestMethod codeBase="C:\Users\Admin\Documents\coding2\SoftMedia\src\SoftMedia.Tests\bin\Debug\net9.0\SoftMedia.IntegrationTests.dll" adapterTypeName="executor://xunit/VsTestRunner2/netcoreapp" className="SoftMedia.Tests.Services.TranscodingIntegrationTests" name="Integration_IntelHardwareAccel_IncludesHwaccelQsv" />
    </UnitTest>
    <UnitTest name="SoftMedia.Tests.UserManagementTests.BanUser_BansUser" storage="c:\users\admin\documents\coding2\softmedia\src\softmedia.tests\bin\debug\net9.0\softmedia.integrationtests.dll" id="01291419-6268-bc41-5be9-20e2e9587291">
      <Execution id="bb8f7689-a168-40b3-a26c-01d01f6664b0" />
      <TestMethod codeBase="C:\Users\Admin\Documents\coding2\SoftMedia\src\SoftMedia.Tests\bin\Debug\net9.0\SoftMedia.IntegrationTests.dll" adapterTypeName="executor://xunit/VsTestRunner2/netcoreapp" className="SoftMedia.Tests.UserManagementTests" name="BanUser_BansUser" />
    </UnitTest>
    <UnitTest name="SoftMedia.Tests.AuthSecurityTests.Signup_WhenAllowSignupIsFalse_ShouldReturnForbidden" storage="c:\users\admin\documents\coding2\softmedia\src\softmedia.tests\bin\debug\net9.0\softmedia.integrationtests.dll" id="4174b022-fc7b-41b1-5b6b-a872f9f0e4bc">
      <Execution id="03dcd02c-dc35-4367-a312-b9091b126142" />
      <TestMethod codeBase="C:\Users\Admin\Documents\coding2\SoftMedia\src\SoftMedia.Tests\bin\Debug\net9.0\SoftMedia.IntegrationTests.dll" adapterTypeName="executor://xunit/VsTestRunner2/netcoreapp" className="SoftMedia.Tests.AuthSecurityTests" name="Signup_WhenAllowSignupIsFalse_ShouldReturnForbidden" />
    </UnitTest>
    <UnitTest name="SoftMedia.Tests.Services.TranscodingIntegrationTests.Integration_DefaultSettings_ApplyToTranscodeArguments" storage="c:\users\admin\documents\coding2\softmedia\src\softmedia.tests\bin\debug\net9.0\softmedia.integrationtests.dll" id="8be9396d-e77d-23c9-e431-01c99a363431">
      <Execution id="8626768c-b88c-4fd9-8de0-411b164b4f35" />
      <TestMethod codeBase="C:\Users\Admin\Documents\coding2\SoftMedia\src\SoftMedia.Tests\bin\Debug\net9.0\SoftMedia.IntegrationTests.dll" adapterTypeName="executor://xunit/VsTestRunner2/netcoreapp" className="SoftMedia.Tests.Services.TranscodingIntegrationTests" name="Integration_DefaultSettings_ApplyToTranscodeArguments" />
    </UnitTest>
    <UnitTest name="SoftMedia.Tests.Services.TranscodingIntegrationTests.Integration_InvalidSettingValue_FallsBackToDefault" storage="c:\users\admin\documents\coding2\softmedia\src\softmedia.tests\bin\debug\net9.0\softmedia.integrationtests.dll" id="445cc062-0d37-3850-5313-9ea840b96290">
      <Execution id="25ae38f6-5db9-4d1f-8d34-e04cefdfebf3" />
      <TestMethod codeBase="C:\Users\Admin\Documents\coding2\SoftMedia\src\SoftMedia.Tests\bin\Debug\net9.0\SoftMedia.IntegrationTests.dll" adapterTypeName="executor://xunit/VsTestRunner2/netcoreapp" className="SoftMedia.Tests.Services.TranscodingIntegrationTests" name="Integration_InvalidSettingValue_FallsBackToDefault" />
    </UnitTest>
    <UnitTest name="SoftMedia.Tests.Services.TranscodingIntegrationTests.Integration_AmdHardwareAccel_IncludesHwaccelD3d11va" storage="c:\users\admin\documents\coding2\softmedia\src\softmedia.tests\bin\debug\net9.0\softmedia.integrationtests.dll" id="310f7956-5efd-020d-d857-36188b530390">
      <Execution id="99be7708-1ee0-420f-b643-e5ef0c025eec" />
      <TestMethod codeBase="C:\Users\Admin\Documents\coding2\SoftMedia\src\SoftMedia.Tests\bin\Debug\net9.0\SoftMedia.IntegrationTests.dll" adapterTypeName="executor://xunit/VsTestRunner2/netcoreapp" className="SoftMedia.Tests.Services.TranscodingIntegrationTests" name="Integration_AmdHardwareAccel_IncludesHwaccelD3d11va" />
    </UnitTest>
    <UnitTest name="SoftMedia.Tests.LibraryTests.ReorderLibraries_UpdatesOrder" storage="c:\users\admin\documents\coding2\softmedia\src\softmedia.tests\bin\debug\net9.0\softmedia.integrationtests.dll" id="0d457943-2088-6265-d514-c42903f080f1">
      <Execution id="837563b7-e103-44f7-beb6-8841868b3060" />
      <TestMethod codeBase="C:\Users\Admin\Documents\coding2\SoftMedia\src\SoftMedia.Tests\bin\Debug\net9.0\SoftMedia.IntegrationTests.dll" adapterTypeName="executor://xunit/VsTestRunner2/netcoreapp" className="SoftMedia.Tests.LibraryTests" name="ReorderLibraries_UpdatesOrder" />
    </UnitTest>
    <UnitTest name="SoftMedia.Tests.FileWatcherTests.GetFileIssues_ReturnsEmptyInitially" storage="c:\users\admin\documents\coding2\softmedia\src\softmedia.tests\bin\debug\net9.0\softmedia.integrationtests.dll" id="84558fe5-d7ee-ddff-9ade-a825b894ca96">
      <Execution id="aa05efca-117e-4054-94cd-c747dfe44298" />
      <TestMethod codeBase="C:\Users\Admin\Documents\coding2\SoftMedia\src\SoftMedia.Tests\bin\Debug\net9.0\SoftMedia.IntegrationTests.dll" adapterTypeName="executor://xunit/VsTestRunner2/netcoreapp" className="SoftMedia.Tests.FileWatcherTests" name="GetFileIssues_ReturnsEmptyInitially" />
    </UnitTest>
    <UnitTest name="SoftMedia.Tests.UserManagementTests.ApproveUser_ApprovesUser" storage="c:\users\admin\documents\coding2\softmedia\src\softmedia.tests\bin\debug\net9.0\softmedia.integrationtests.dll" id="c1e21d32-b604-b65c-4bce-afcab2505d4e">
      <Execution id="a6dafe44-6412-493b-99dc-f4a9e995067d" />
      <TestMethod codeBase="C:\Users\Admin\Documents\coding2\SoftMedia\src\SoftMedia.Tests\bin\Debug\net9.0\SoftMedia.IntegrationTests.dll" adapterTypeName="executor://xunit/VsTestRunner2/netcoreapp" className="SoftMedia.Tests.UserManagementTests" name="ApproveUser_ApprovesUser" />
    </UnitTest>
    <UnitTest name="SoftMedia.Tests.AuthSecurityTests.Login_WhenUserIsNotApproved_ShouldReturnUnauthorized" storage="c:\users\admin\documents\coding2\softmedia\src\softmedia.tests\bin\debug\net9.0\softmedia.integrationtests.dll" id="41d0f70c-fdd1-9dc1-4481-717c601b4a5d">
      <Execution id="00ca7466-9ecc-42db-89eb-d847286d65f4" />
      <TestMethod codeBase="C:\Users\Admin\Documents\coding2\SoftMedia\src\SoftMedia.Tests\bin\Debug\net9.0\SoftMedia.IntegrationTests.dll" adapterTypeName="executor://xunit/VsTestRunner2/netcoreapp" className="SoftMedia.Tests.AuthSecurityTests" name="Login_WhenUserIsNotApproved_ShouldReturnUnauthorized" />
    </UnitTest>
    <UnitTest name="SoftMedia.Tests.Integration.UserMediaInteractionIntegrationTests.ToggleFavoriteAsync_CreatesInteraction" storage="c:\users\admin\documents\coding2\softmedia\src\softmedia.tests\bin\debug\net9.0\softmedia.integrationtests.dll" id="33626d88-9b9a-77dc-6ab7-5b8c77e13dcd">
      <Execution id="a4a6d089-90fe-43b7-8381-c2c4a0eea4f4" />
      <TestMethod codeBase="C:\Users\Admin\Documents\coding2\SoftMedia\src\SoftMedia.Tests\bin\Debug\net9.0\SoftMedia.IntegrationTests.dll" adapterTypeName="executor://xunit/VsTestRunner2/netcoreapp" className="SoftMedia.Tests.Integration.UserMediaInteractionIntegrationTests" name="ToggleFavoriteAsync_CreatesInteraction" />
    </UnitTest>
    <UnitTest name="SoftMedia.Tests.Integration.UserMediaInteractionIntegrationTests.ToggleFavoriteAsync_UpdatesExisting" storage="c:\users\admin\documents\coding2\softmedia\src\softmedia.tests\bin\debug\net9.0\softmedia.integrationtests.dll" id="74ea743b-16b3-efdc-70bc-2580970c2239">
      <Execution id="76fc15ed-54e2-4188-8aa6-a26f196c9166" />
      <TestMethod codeBase="C:\Users\Admin\Documents\coding2\SoftMedia\src\SoftMedia.Tests\bin\Debug\net9.0\SoftMedia.IntegrationTests.dll" adapterTypeName="executor://xunit/VsTestRunner2/netcoreapp" className="SoftMedia.Tests.Integration.UserMediaInteractionIntegrationTests" name="ToggleFavoriteAsync_UpdatesExisting" />
    </UnitTest>
    <UnitTest name="SoftMedia.Tests.Services.TranscodingIntegrationTests.Integration_MissingSettingKey_UsesDefault" storage="c:\users\admin\documents\coding2\softmedia\src\softmedia.tests\bin\debug\net9.0\softmedia.integrationtests.dll" id="5fe61cd0-4616-edfe-e622-aa85801fd94b">
      <Execution id="9cbce80d-76d7-45b4-96b9-2a32f770022e" />
      <TestMethod codeBase="C:\Users\Admin\Documents\coding2\SoftMedia\src\SoftMedia.Tests\bin\Debug\net9.0\SoftMedia.IntegrationTests.dll" adapterTypeName="executor://xunit/VsTestRunner2/netcoreapp" className="SoftMedia.Tests.Services.TranscodingIntegrationTests" name="Integration_MissingSettingKey_UsesDefault" />
    </UnitTest>
    <UnitTest name="SoftMedia.Tests.UserManagementTests.DenyUser_DeniesUser" storage="c:\users\admin\documents\coding2\softmedia\src\softmedia.tests\bin\debug\net9.0\softmedia.integrationtests.dll" id="c7a61cfe-da5a-1d28-d072-42770f5c85c5">
      <Execution id="6092027c-896d-4b90-9258-7715659f1ee9" />
      <TestMethod codeBase="C:\Users\Admin\Documents\coding2\SoftMedia\src\SoftMedia.Tests\bin\Debug\net9.0\SoftMedia.IntegrationTests.dll" adapterTypeName="executor://xunit/VsTestRunner2/netcoreapp" className="SoftMedia.Tests.UserManagementTests" name="DenyUser_DeniesUser" />
    </UnitTest>
    <UnitTest name="SoftMedia.Tests.UserManagementTests.CreateUser_CreatesUser" storage="c:\users\admin\documents\coding2\softmedia\src\softmedia.tests\bin\debug\net9.0\softmedia.integrationtests.dll" id="c047b1e0-d1fc-5125-8895-00fcf98c73d3">
      <Execution id="d5271386-2720-4039-88c0-d6c966b475b0" />
      <TestMethod codeBase="C:\Users\Admin\Documents\coding2\SoftMedia\src\SoftMedia.Tests\bin\Debug\net9.0\SoftMedia.IntegrationTests.dll" adapterTypeName="executor://xunit/VsTestRunner2/netcoreapp" className="SoftMedia.Tests.UserManagementTests" name="CreateUser_CreatesUser" />
    </UnitTest>
    <UnitTest name="SoftMedia.Tests.Services.TranscodingIntegrationTests.Integration_ChangeCRF_AffectsNextTranscode" storage="c:\users\admin\documents\coding2\softmedia\src\softmedia.tests\bin\debug\net9.0\softmedia.integrationtests.dll" id="a9e8cff0-77ad-bbd2-ebd9-751711504a9e">
      <Execution id="35f276e6-0f1e-433f-b315-261ef307f9a6" />
      <TestMethod codeBase="C:\Users\Admin\Documents\coding2\SoftMedia\src\SoftMedia.Tests\bin\Debug\net9.0\SoftMedia.IntegrationTests.dll" adapterTypeName="executor://xunit/VsTestRunner2/netcoreapp" className="SoftMedia.Tests.Services.TranscodingIntegrationTests" name="Integration_ChangeCRF_AffectsNextTranscode" />
    </UnitTest>
    <UnitTest name="SoftMedia.Tests.Services.TranscodingIntegrationTests.Integration_ChangeThreadCount_AffectsNextTranscode" storage="c:\users\admin\documents\coding2\softmedia\src\softmedia.tests\bin\debug\net9.0\softmedia.integrationtests.dll" id="24d5cbed-dd6b-659a-a32a-ff88897d2506">
      <Execution id="5ce22089-3d22-4965-a5a7-123c3e129587" />
      <TestMethod codeBase="C:\Users\Admin\Documents\coding2\SoftMedia\src\SoftMedia.Tests\bin\Debug\net9.0\SoftMedia.IntegrationTests.dll" adapterTypeName="executor://xunit/VsTestRunner2/netcoreapp" className="SoftMedia.Tests.Services.TranscodingIntegrationTests" name="Integration_ChangeThreadCount_AffectsNextTranscode" />
    </UnitTest>
    <UnitTest name="SoftMedia.Tests.Integration.UserMediaInteractionIntegrationTests.UpdateProgressAsync_UpdatesPosition" storage="c:\users\admin\documents\coding2\softmedia\src\softmedia.tests\bin\debug\net9.0\softmedia.integrationtests.dll" id="c9d5b17e-1791-fe3e-9cf0-5625baee3f90">
      <Execution id="fd613d35-bace-43f1-9954-c555db615bf5" />
      <TestMethod codeBase="C:\Users\Admin\Documents\coding2\SoftMedia\src\SoftMedia.Tests\bin\Debug\net9.0\SoftMedia.IntegrationTests.dll" adapterTypeName="executor://xunit/VsTestRunner2/netcoreapp" className="SoftMedia.Tests.Integration.UserMediaInteractionIntegrationTests" name="UpdateProgressAsync_UpdatesPosition" />
    </UnitTest>
    <UnitTest name="SoftMedia.Tests.Services.FFmpegServiceTests.IsTranscodingDisabledAsync_ReturnsTrue_WhenDisabled" storage="c:\users\admin\documents\coding2\softmedia\src\softmedia.tests\bin\debug\net9.0\softmedia.integrationtests.dll" id="3c975109-591e-a76d-a626-1c8e98903049">
      <Execution id="ffabcc13-0ccd-4124-879c-ece9c8d08b2f" />
      <TestMethod codeBase="C:\Users\Admin\Documents\coding2\SoftMedia\src\SoftMedia.Tests\bin\Debug\net9.0\SoftMedia.IntegrationTests.dll" adapterTypeName="executor://xunit/VsTestRunner2/netcoreapp" className="SoftMedia.Tests.Services.FFmpegServiceTests" name="IsTranscodingDisabledAsync_ReturnsTrue_WhenDisabled" />
    </UnitTest>
    <UnitTest name="SoftMedia.Tests.Integration.UserMediaInteractionIntegrationTests.RateMediaAsync_RemovesInteraction_IfNullRatingAndNoOtherState" storage="c:\users\admin\documents\coding2\softmedia\src\softmedia.tests\bin\debug\net9.0\softmedia.integrationtests.dll" id="de340829-6c5f-2cb6-f451-a2fec211a26a">
      <Execution id="7946c386-856e-4946-83f0-edead11e435c" />
      <TestMethod codeBase="C:\Users\Admin\Documents\coding2\SoftMedia\src\SoftMedia.Tests\bin\Debug\net9.0\SoftMedia.IntegrationTests.dll" adapterTypeName="executor://xunit/VsTestRunner2/netcoreapp" className="SoftMedia.Tests.Integration.UserMediaInteractionIntegrationTests" name="RateMediaAsync_RemovesInteraction_IfNullRatingAndNoOtherState" />
    </UnitTest>
    <UnitTest name="SoftMedia.Tests.FileWatcherTests.FileWatcherIssue_HasCorrectProperties" storage="c:\users\admin\documents\coding2\softmedia\src\softmedia.tests\bin\debug\net9.0\softmedia.integrationtests.dll" id="8eb0e247-f1c7-67fd-f985-441319095668">
      <Execution id="bad7a3f2-282e-4152-a3de-2d588fbc5b67" />
      <TestMethod codeBase="C:\Users\Admin\Documents\coding2\SoftMedia\src\SoftMedia.Tests\bin\Debug\net9.0\SoftMedia.IntegrationTests.dll" adapterTypeName="executor://xunit/VsTestRunner2/netcoreapp" className="SoftMedia.Tests.FileWatcherTests" name="FileWatcherIssue_HasCorrectProperties" />
    </UnitTest>
    <UnitTest name="SoftMedia.Tests.Services.TranscodingIntegrationTests.Integration_ChangeMultipleSettings_AllApplyToNextTranscode" storage="c:\users\admin\documents\coding2\softmedia\src\softmedia.tests\bin\debug\net9.0\softmedia.integrationtests.dll" id="00c225ef-8848-7dae-a06f-73b97bad3ac9">
      <Execution id="3d3628bb-6214-4928-81dc-c3269c9099f9" />
      <TestMethod codeBase="C:\Users\Admin\Documents\coding2\SoftMedia\src\SoftMedia.Tests\bin\Debug\net9.0\SoftMedia.IntegrationTests.dll" adapterTypeName="executor://xunit/VsTestRunner2/netcoreapp" className="SoftMedia.Tests.Services.TranscodingIntegrationTests" name="Integration_ChangeMultipleSettings_AllApplyToNextTranscode" />
    </UnitTest>
    <UnitTest name="SoftMedia.Tests.Services.PasswordHasherTests.HashPassword_ReturnsHashString" storage="c:\users\admin\documents\coding2\softmedia\src\softmedia.tests\bin\debug\net9.0\softmedia.integrationtests.dll" id="f45bb883-eb6d-92fb-229f-aa0cdbda49dc">
      <Execution id="d3443909-d430-4683-8ea1-4d616f493e81" />
      <TestMethod codeBase="C:\Users\Admin\Documents\coding2\SoftMedia\src\SoftMedia.Tests\bin\Debug\net9.0\SoftMedia.IntegrationTests.dll" adapterTypeName="executor://xunit/VsTestRunner2/netcoreapp" className="SoftMedia.Tests.Services.PasswordHasherTests" name="HashPassword_ReturnsHashString" />
    </UnitTest>
    <UnitTest name="SoftMedia.Tests.Integration.UserMediaInteractionIntegrationTests.MarkWatchedAsync_UpdatesStatusAndResetProgress" storage="c:\users\admin\documents\coding2\softmedia\src\softmedia.tests\bin\debug\net9.0\softmedia.integrationtests.dll" id="cafa6d83-08af-6842-2ffb-e8ebaafc6384">
      <Execution id="b3abc747-a6da-4620-8167-6bba87219417" />
      <TestMethod codeBase="C:\Users\Admin\Documents\coding2\SoftMedia\src\SoftMedia.Tests\bin\Debug\net9.0\SoftMedia.IntegrationTests.dll" adapterTypeName="executor://xunit/VsTestRunner2/netcoreapp" className="SoftMedia.Tests.Integration.UserMediaInteractionIntegrationTests" name="MarkWatchedAsync_UpdatesStatusAndResetProgress" />
    </UnitTest>
    <UnitTest name="SoftMedia.Tests.Integration.UserMediaInteractionIntegrationTests.RateMediaAsync_UpdatesExistingRating" storage="c:\users\admin\documents\coding2\softmedia\src\softmedia.tests\bin\debug\net9.0\softmedia.integrationtests.dll" id="72ab414a-c6b5-4d4c-7d64-553b626a220b">
      <Execution id="059ecf97-2ca8-4bc5-b20a-ad3d5a8ac212" />
      <TestMethod codeBase="C:\Users\Admin\Documents\coding2\SoftMedia\src\SoftMedia.Tests\bin\Debug\net9.0\SoftMedia.IntegrationTests.dll" adapterTypeName="executor://xunit/VsTestRunner2/netcoreapp" className="SoftMedia.Tests.Integration.UserMediaInteractionIntegrationTests" name="RateMediaAsync_UpdatesExistingRating" />
    </UnitTest>
    <UnitTest name="SoftMedia.Tests.FileWatcherTests.RetryFile_ReturnsFalse_WhenIssueNotFound" storage="c:\users\admin\documents\coding2\softmedia\src\softmedia.tests\bin\debug\net9.0\softmedia.integrationtests.dll" id="b4510a53-8482-2097-3495-d2c88b75d3fd">
      <Execution id="3ffcf5e8-e25e-462b-8cca-d36a438961c9" />
      <TestMethod codeBase="C:\Users\Admin\Documents\coding2\SoftMedia\src\SoftMedia.Tests\bin\Debug\net9.0\SoftMedia.IntegrationTests.dll" adapterTypeName="executor://xunit/VsTestRunner2/netcoreapp" className="SoftMedia.Tests.FileWatcherTests" name="RetryFile_ReturnsFalse_WhenIssueNotFound" />
    </UnitTest>
    <UnitTest name="SoftMedia.Tests.Services.TranscodingIntegrationTests.Integration_ChangePreset_AffectsNextTranscode" storage="c:\users\admin\documents\coding2\softmedia\src\softmedia.tests\bin\debug\net9.0\softmedia.integrationtests.dll" id="a60f5dc2-4cb1-fb3e-ead4-9d6eb05e8760">
      <Execution id="92acca57-c1b5-46ed-b851-055c2ae1b253" />
      <TestMethod codeBase="C:\Users\Admin\Documents\coding2\SoftMedia\src\SoftMedia.Tests\bin\Debug\net9.0\SoftMedia.IntegrationTests.dll" adapterTypeName="executor://xunit/VsTestRunner2/netcoreapp" className="SoftMedia.Tests.Services.TranscodingIntegrationTests" name="Integration_ChangePreset_AffectsNextTranscode" />
    </UnitTest>
    <UnitTest name="SoftMedia.Tests.Integration.UserMediaInteractionIntegrationTests.RateMediaAsync_CreatesInteractionAndUpdatesAverage" storage="c:\users\admin\documents\coding2\softmedia\src\softmedia.tests\bin\debug\net9.0\softmedia.integrationtests.dll" id="f17d60ab-61d0-db88-2b34-541be5a452f7">
      <Execution id="3de72d87-21e3-4524-9682-027b9440d3b5" />
      <TestMethod codeBase="C:\Users\Admin\Documents\coding2\SoftMedia\src\SoftMedia.Tests\bin\Debug\net9.0\SoftMedia.IntegrationTests.dll" adapterTypeName="executor://xunit/VsTestRunner2/netcoreapp" className="SoftMedia.Tests.Integration.UserMediaInteractionIntegrationTests" name="RateMediaAsync_CreatesInteractionAndUpdatesAverage" />
    </UnitTest>
    <UnitTest name="SoftMedia.Tests.Services.TranscodingIntegrationTests.Integration_RevertToDefaults_WorksCorrectly" storage="c:\users\admin\documents\coding2\softmedia\src\softmedia.tests\bin\debug\net9.0\softmedia.integrationtests.dll" id="4949cd7b-b143-8afc-ca49-e418a8d3ea72">
      <Execution id="8bf7f2a8-1422-4f26-8451-8e2afffc5000" />
      <TestMethod codeBase="C:\Users\Admin\Documents\coding2\SoftMedia\src\SoftMedia.Tests\bin\Debug\net9.0\SoftMedia.IntegrationTests.dll" adapterTypeName="executor://xunit/VsTestRunner2/netcoreapp" className="SoftMedia.Tests.Services.TranscodingIntegrationTests" name="Integration_RevertToDefaults_WorksCorrectly" />
    </UnitTest>
    <UnitTest name="SoftMedia.Tests.UserManagementTests.UpdateUserRatings_UpdatesRatings" storage="c:\users\admin\documents\coding2\softmedia\src\softmedia.tests\bin\debug\net9.0\softmedia.integrationtests.dll" id="4bddc169-fcd3-8e28-d0d8-0ef89e578f11">
      <Execution id="7c9ebfb3-36d3-4e3c-8ccc-afd8e4d02db9" />
      <TestMethod codeBase="C:\Users\Admin\Documents\coding2\SoftMedia\src\SoftMedia.Tests\bin\Debug\net9.0\SoftMedia.IntegrationTests.dll" adapterTypeName="executor://xunit/VsTestRunner2/netcoreapp" className="SoftMedia.Tests.UserManagementTests" name="UpdateUserRatings_UpdatesRatings" />
    </UnitTest>
    <UnitTest name="SoftMedia.Tests.UserManagementTests.ResetUserPassword_UpdatesPasswordHash" storage="c:\users\admin\documents\coding2\softmedia\src\softmedia.tests\bin\debug\net9.0\softmedia.integrationtests.dll" id="a2796cfe-8f2e-d939-142d-9c6006d25afd">
      <Execution id="05774746-f4d8-4880-8ae9-6ee4c37a206e" />
      <TestMethod codeBase="C:\Users\Admin\Documents\coding2\SoftMedia\src\SoftMedia.Tests\bin\Debug\net9.0\SoftMedia.IntegrationTests.dll" adapterTypeName="executor://xunit/VsTestRunner2/netcoreapp" className="SoftMedia.Tests.UserManagementTests" name="ResetUserPassword_UpdatesPasswordHash" />
    </UnitTest>
    <UnitTest name="SoftMedia.Tests.AuthSecurityTests.Signup_FirstUser_ShouldBeAdminAndApproved" storage="c:\users\admin\documents\coding2\softmedia\src\softmedia.tests\bin\debug\net9.0\softmedia.integrationtests.dll" id="3fe8f71a-af76-d560-d244-14292687aa8b">
      <Execution id="d9abad50-852b-4186-b373-9ec32a23bce6" />
      <TestMethod codeBase="C:\Users\Admin\Documents\coding2\SoftMedia\src\SoftMedia.Tests\bin\Debug\net9.0\SoftMedia.IntegrationTests.dll" adapterTypeName="executor://xunit/VsTestRunner2/netcoreapp" className="SoftMedia.Tests.AuthSecurityTests" name="Signup_FirstUser_ShouldBeAdminAndApproved" />
    </UnitTest>
    <UnitTest name="SoftMedia.Tests.UserManagementTests.UpdateUserRole_UpdatesRole" storage="c:\users\admin\documents\coding2\softmedia\src\softmedia.tests\bin\debug\net9.0\softmedia.integrationtests.dll" id="d92a411d-7bc4-f78c-e9d1-efdc4aeef73d">
      <Execution id="dd4f9e24-02de-407b-a893-e73282b24bb3" />
      <TestMethod codeBase="C:\Users\Admin\Documents\coding2\SoftMedia\src\SoftMedia.Tests\bin\Debug\net9.0\SoftMedia.IntegrationTests.dll" adapterTypeName="executor://xunit/VsTestRunner2/netcoreapp" className="SoftMedia.Tests.UserManagementTests" name="UpdateUserRole_UpdatesRole" />
    </UnitTest>
    <UnitTest name="SoftMedia.Tests.Services.FFmpegServiceTests.ProbeMediaAsync_ReturnsNull_OnFailure" storage="c:\users\admin\documents\coding2\softmedia\src\softmedia.tests\bin\debug\net9.0\softmedia.integrationtests.dll" id="80c1bb01-59e0-82d9-6971-840c0ef98fc6">
      <Execution id="b624a7dc-7d58-4608-9a13-025e56c2ce1f" />
      <TestMethod codeBase="C:\Users\Admin\Documents\coding2\SoftMedia\src\SoftMedia.Tests\bin\Debug\net9.0\SoftMedia.IntegrationTests.dll" adapterTypeName="executor://xunit/VsTestRunner2/netcoreapp" className="SoftMedia.Tests.Services.FFmpegServiceTests" name="ProbeMediaAsync_ReturnsNull_OnFailure" />
    </UnitTest>
    <UnitTest name="SoftMedia.Tests.UserManagementTests.BanUser_CannotBanSelf" storage="c:\users\admin\documents\coding2\softmedia\src\softmedia.tests\bin\debug\net9.0\softmedia.integrationtests.dll" id="fee4c404-6284-0c18-62e6-74db82b1a630">
      <Execution id="5af63452-19e8-41e3-87b8-13b08cb9cb1e" />
      <TestMethod codeBase="C:\Users\Admin\Documents\coding2\SoftMedia\src\SoftMedia.Tests\bin\Debug\net9.0\SoftMedia.IntegrationTests.dll" adapterTypeName="executor://xunit/VsTestRunner2/netcoreapp" className="SoftMedia.Tests.UserManagementTests" name="BanUser_CannotBanSelf" />
    </UnitTest>
    <UnitTest name="SoftMedia.Tests.FileWatcherTests.FileWatcherIssueStatus_HasCorrectValues" storage="c:\users\admin\documents\coding2\softmedia\src\softmedia.tests\bin\debug\net9.0\softmedia.integrationtests.dll" id="4de637cd-2b31-9899-9ec4-521343fc43b8">
      <Execution id="51643375-5c7e-410d-bf48-78ff6be880a8" />
      <TestMethod codeBase="C:\Users\Admin\Documents\coding2\SoftMedia\src\SoftMedia.Tests\bin\Debug\net9.0\SoftMedia.IntegrationTests.dll" adapterTypeName="executor://xunit/VsTestRunner2/netcoreapp" className="SoftMedia.Tests.FileWatcherTests" name="FileWatcherIssueStatus_HasCorrectValues" />
    </UnitTest>
    <UnitTest name="SoftMedia.Tests.Services.FFmpegServiceTests.ProbeMediaAsync_ReturnsCorrectMetadata" storage="c:\users\admin\documents\coding2\softmedia\src\softmedia.tests\bin\debug\net9.0\softmedia.integrationtests.dll" id="7dab2800-5cc1-2019-caaf-e7febc1cba08">
      <Execution id="886c5b36-0290-4dbd-bb08-c3c0c31e08b7" />
      <TestMethod codeBase="C:\Users\Admin\Documents\coding2\SoftMedia\src\SoftMedia.Tests\bin\Debug\net9.0\SoftMedia.IntegrationTests.dll" adapterTypeName="executor://xunit/VsTestRunner2/netcoreapp" className="SoftMedia.Tests.Services.FFmpegServiceTests" name="ProbeMediaAsync_ReturnsCorrectMetadata" />
    </UnitTest>
    <UnitTest name="SoftMedia.Tests.UserManagementTests.DeleteUser_DeletesUser" storage="c:\users\admin\documents\coding2\softmedia\src\softmedia.tests\bin\debug\net9.0\softmedia.integrationtests.dll" id="204d3af4-495f-e8a4-5df6-5a3779b02c9e">
      <Execution id="98b97c33-0525-40ae-be45-d03b02f3e1b9" />
      <TestMethod codeBase="C:\Users\Admin\Documents\coding2\SoftMedia\src\SoftMedia.Tests\bin\Debug\net9.0\SoftMedia.IntegrationTests.dll" adapterTypeName="executor://xunit/VsTestRunner2/netcoreapp" className="SoftMedia.Tests.UserManagementTests" name="DeleteUser_DeletesUser" />
    </UnitTest>
    <UnitTest name="SoftMedia.Tests.Integration.LibraryIntegrationTests.CreateLibrary_PersistsToDatabase" storage="c:\users\admin\documents\coding2\softmedia\src\softmedia.tests\bin\debug\net9.0\softmedia.integrationtests.dll" id="89350e42-76a9-193f-72f2-1039e85792c0">
      <Execution id="7c4e35c4-e70a-41d5-adfb-7e2b5c86a8f2" />
      <TestMethod codeBase="C:\Users\Admin\Documents\coding2\SoftMedia\src\SoftMedia.Tests\bin\Debug\net9.0\SoftMedia.IntegrationTests.dll" adapterTypeName="executor://xunit/VsTestRunner2/netcoreapp" className="SoftMedia.Tests.Integration.LibraryIntegrationTests" name="CreateLibrary_PersistsToDatabase" />
    </UnitTest>
    <UnitTest name="SoftMedia.Tests.Services.TranscodingIntegrationTests.Integration_NvidiaHardwareAccel_IncludesHwaccelCuda" storage="c:\users\admin\documents\coding2\softmedia\src\softmedia.tests\bin\debug\net9.0\softmedia.integrationtests.dll" id="c71fa3e1-66cd-bfc0-662e-7a949f4dbdec">
      <Execution id="1d4f2f04-10cc-4079-92ca-b8dc3d4b444f" />
      <TestMethod codeBase="C:\Users\Admin\Documents\coding2\SoftMedia\src\SoftMedia.Tests\bin\Debug\net9.0\SoftMedia.IntegrationTests.dll" adapterTypeName="executor://xunit/VsTestRunner2/netcoreapp" className="SoftMedia.Tests.Services.TranscodingIntegrationTests" name="Integration_NvidiaHardwareAccel_IncludesHwaccelCuda" />
    </UnitTest>
    <UnitTest name="SoftMedia.Tests.Services.FFmpegServiceTests.IsTranscodingDisabledAsync_ReturnsFalse_OnInvalidValue" storage="c:\users\admin\documents\coding2\softmedia\src\softmedia.tests\bin\debug\net9.0\softmedia.integrationtests.dll" id="168c9195-c0f9-1283-bfe9-b92f30795099">
      <Execution id="6eda5668-d9f9-4077-8224-5047eff7b09c" />
      <TestMethod codeBase="C:\Users\Admin\Documents\coding2\SoftMedia\src\SoftMedia.Tests\bin\Debug\net9.0\SoftMedia.IntegrationTests.dll" adapterTypeName="executor://xunit/VsTestRunner2/netcoreapp" className="SoftMedia.Tests.Services.FFmpegServiceTests" name="IsTranscodingDisabledAsync_ReturnsFalse_OnInvalidValue" />
    </UnitTest>
    <UnitTest name="SoftMedia.Tests.Services.TranscodingIntegrationTests.Integration_EnableTranscoding_DefaultIsTrue" storage="c:\users\admin\documents\coding2\softmedia\src\softmedia.tests\bin\debug\net9.0\softmedia.integrationtests.dll" id="578bb1db-7c12-1b45-077a-f1acfce206de">
      <Execution id="bc0512d6-b7dc-4f56-8f52-305a10441ab6" />
      <TestMethod codeBase="C:\Users\Admin\Documents\coding2\SoftMedia\src\SoftMedia.Tests\bin\Debug\net9.0\SoftMedia.IntegrationTests.dll" adapterTypeName="executor://xunit/VsTestRunner2/netcoreapp" className="SoftMedia.Tests.Services.TranscodingIntegrationTests" name="Integration_EnableTranscoding_DefaultIsTrue" />
    </UnitTest>
    <UnitTest name="SoftMedia.Tests.Services.PasswordHasherTests.VerifyPassword_ReturnsTrue_ForCorrectPassword" storage="c:\users\admin\documents\coding2\softmedia\src\softmedia.tests\bin\debug\net9.0\softmedia.integrationtests.dll" id="623cdd29-a9ed-be04-b70c-22844a874a0a">
      <Execution id="f2bcbf00-fe7e-47a9-ba5f-e0cb2da41604" />
      <TestMethod codeBase="C:\Users\Admin\Documents\coding2\SoftMedia\src\SoftMedia.Tests\bin\Debug\net9.0\SoftMedia.IntegrationTests.dll" adapterTypeName="executor://xunit/VsTestRunner2/netcoreapp" className="SoftMedia.Tests.Services.PasswordHasherTests" name="VerifyPassword_ReturnsTrue_ForCorrectPassword" />
    </UnitTest>
    <UnitTest name="SoftMedia.Tests.Services.TranscodingIntegrationTests.Integration_NoHardwareAccel_NoHwaccelFlags" storage="c:\users\admin\documents\coding2\softmedia\src\softmedia.tests\bin\debug\net9.0\softmedia.integrationtests.dll" id="0fab1b82-589a-317e-4b3a-d0b724e88a51">
      <Execution id="42f12e63-b28f-443c-aba6-834818a280cc" />
      <TestMethod codeBase="C:\Users\Admin\Documents\coding2\SoftMedia\src\SoftMedia.Tests\bin\Debug\net9.0\SoftMedia.IntegrationTests.dll" adapterTypeName="executor://xunit/VsTestRunner2/netcoreapp" className="SoftMedia.Tests.Services.TranscodingIntegrationTests" name="Integration_NoHardwareAccel_NoHwaccelFlags" />
    </UnitTest>
    <UnitTest name="SoftMedia.Tests.UserManagementTests.GetUsers_ReturnsAllUsers" storage="c:\users\admin\documents\coding2\softmedia\src\softmedia.tests\bin\debug\net9.0\softmedia.integrationtests.dll" id="891f33fe-e59e-45a5-fc2f-9d3ad090fa4e">
      <Execution id="6d98a67e-a8b1-43d3-b583-c5180555d5f3" />
      <TestMethod codeBase="C:\Users\Admin\Documents\coding2\SoftMedia\src\SoftMedia.Tests\bin\Debug\net9.0\SoftMedia.IntegrationTests.dll" adapterTypeName="executor://xunit/VsTestRunner2/netcoreapp" className="SoftMedia.Tests.UserManagementTests" name="GetUsers_ReturnsAllUsers" />
    </UnitTest>
    <UnitTest name="SoftMedia.Tests.UnitTest1.Test1" storage="c:\users\admin\documents\coding2\softmedia\src\softmedia.tests\bin\debug\net9.0\softmedia.integrationtests.dll" id="b240c5eb-a105-089f-3d83-a26be7ae2345">
      <Execution id="3ce608a2-34c3-4fa9-9cd2-0d4527b3f906" />
      <TestMethod codeBase="C:\Users\Admin\Documents\coding2\SoftMedia\src\SoftMedia.Tests\bin\Debug\net9.0\SoftMedia.IntegrationTests.dll" adapterTypeName="executor://xunit/VsTestRunner2/netcoreapp" className="SoftMedia.Tests.UnitTest1" name="Test1" />
    </UnitTest>
  </TestDefinitions>
  <TestEntries>
    <TestEntry testId="168c9195-c0f9-1283-bfe9-b92f30795099" executionId="6eda5668-d9f9-4077-8224-5047eff7b09c" testListId="8c84fa94-04c1-424b-9868-57a2d4851a1d" />
    <TestEntry testId="623cdd29-a9ed-be04-b70c-22844a874a0a" executionId="f2bcbf00-fe7e-47a9-ba5f-e0cb2da41604" testListId="8c84fa94-04c1-424b-9868-57a2d4851a1d" />
    <TestEntry testId="b393d623-ce6c-4982-2911-2655f015f873" executionId="cfd8081a-704e-40f8-bb8d-60f10c1625e0" testListId="8c84fa94-04c1-424b-9868-57a2d4851a1d" />
    <TestEntry testId="74ea743b-16b3-efdc-70bc-2580970c2239" executionId="76fc15ed-54e2-4188-8aa6-a26f196c9166" testListId="8c84fa94-04c1-424b-9868-57a2d4851a1d" />
    <TestEntry testId="3c975109-591e-a76d-a626-1c8e98903049" executionId="ffabcc13-0ccd-4124-879c-ece9c8d08b2f" testListId="8c84fa94-04c1-424b-9868-57a2d4851a1d" />
    <TestEntry testId="7dab2800-5cc1-2019-caaf-e7febc1cba08" executionId="886c5b36-0290-4dbd-bb08-c3c0c31e08b7" testListId="8c84fa94-04c1-424b-9868-57a2d4851a1d" />
    <TestEntry testId="80c1bb01-59e0-82d9-6971-840c0ef98fc6" executionId="b624a7dc-7d58-4608-9a13-025e56c2ce1f" testListId="8c84fa94-04c1-424b-9868-57a2d4851a1d" />
    <TestEntry testId="cafa6d83-08af-6842-2ffb-e8ebaafc6384" executionId="b3abc747-a6da-4620-8167-6bba87219417" testListId="8c84fa94-04c1-424b-9868-57a2d4851a1d" />
    <TestEntry testId="41d0f70c-fdd1-9dc1-4481-717c601b4a5d" executionId="00ca7466-9ecc-42db-89eb-d847286d65f4" testListId="8c84fa94-04c1-424b-9868-57a2d4851a1d" />
    <TestEntry testId="4de637cd-2b31-9899-9ec4-521343fc43b8" executionId="51643375-5c7e-410d-bf48-78ff6be880a8" testListId="8c84fa94-04c1-424b-9868-57a2d4851a1d" />
    <TestEntry testId="a60f5dc2-4cb1-fb3e-ead4-9d6eb05e8760" executionId="92acca57-c1b5-46ed-b851-055c2ae1b253" testListId="8c84fa94-04c1-424b-9868-57a2d4851a1d" />
    <TestEntry testId="c7a61cfe-da5a-1d28-d072-42770f5c85c5" executionId="6092027c-896d-4b90-9258-7715659f1ee9" testListId="8c84fa94-04c1-424b-9868-57a2d4851a1d" />
    <TestEntry testId="ad604d2c-2345-19a5-b9f8-c9ec74a2ef92" executionId="ae024073-52ec-40f2-af94-cb8ef25d91ce" testListId="8c84fa94-04c1-424b-9868-57a2d4851a1d" />
    <TestEntry testId="310f7956-5efd-020d-d857-36188b530390" executionId="99be7708-1ee0-420f-b643-e5ef0c025eec" testListId="8c84fa94-04c1-424b-9868-57a2d4851a1d" />
    <TestEntry testId="de340829-6c5f-2cb6-f451-a2fec211a26a" executionId="7946c386-856e-4946-83f0-edead11e435c" testListId="8c84fa94-04c1-424b-9868-57a2d4851a1d" />
    <TestEntry testId="f17d60ab-61d0-db88-2b34-541be5a452f7" executionId="3de72d87-21e3-4524-9682-027b9440d3b5" testListId="8c84fa94-04c1-424b-9868-57a2d4851a1d" />
    <TestEntry testId="72ab414a-c6b5-4d4c-7d64-553b626a220b" executionId="059ecf97-2ca8-4bc5-b20a-ad3d5a8ac212" testListId="8c84fa94-04c1-424b-9868-57a2d4851a1d" />
    <TestEntry testId="204d3af4-495f-e8a4-5df6-5a3779b02c9e" executionId="98b97c33-0525-40ae-be45-d03b02f3e1b9" testListId="8c84fa94-04c1-424b-9868-57a2d4851a1d" />
    <TestEntry testId="8eb0e247-f1c7-67fd-f985-441319095668" executionId="bad7a3f2-282e-4152-a3de-2d588fbc5b67" testListId="8c84fa94-04c1-424b-9868-57a2d4851a1d" />
    <TestEntry testId="24d5cbed-dd6b-659a-a32a-ff88897d2506" executionId="5ce22089-3d22-4965-a5a7-123c3e129587" testListId="8c84fa94-04c1-424b-9868-57a2d4851a1d" />
    <TestEntry testId="891f33fe-e59e-45a5-fc2f-9d3ad090fa4e" executionId="6d98a67e-a8b1-43d3-b583-c5180555d5f3" testListId="8c84fa94-04c1-424b-9868-57a2d4851a1d" />
    <TestEntry testId="0fab1b82-589a-317e-4b3a-d0b724e88a51" executionId="42f12e63-b28f-443c-aba6-834818a280cc" testListId="8c84fa94-04c1-424b-9868-57a2d4851a1d" />
    <TestEntry testId="4bddc169-fcd3-8e28-d0d8-0ef89e578f11" executionId="7c9ebfb3-36d3-4e3c-8ccc-afd8e4d02db9" testListId="8c84fa94-04c1-424b-9868-57a2d4851a1d" />
    <TestEntry testId="0d457943-2088-6265-d514-c42903f080f1" executionId="837563b7-e103-44f7-beb6-8841868b3060" testListId="8c84fa94-04c1-424b-9868-57a2d4851a1d" />
    <TestEntry testId="00c225ef-8848-7dae-a06f-73b97bad3ac9" executionId="3d3628bb-6214-4928-81dc-c3269c9099f9" testListId="8c84fa94-04c1-424b-9868-57a2d4851a1d" />
    <TestEntry testId="dd3b06c9-700c-ec8c-50dd-8ed40717fd57" executionId="80cd30ae-f1c5-42f3-ba3a-77c31c90e8d2" testListId="8c84fa94-04c1-424b-9868-57a2d4851a1d" />
    <TestEntry testId="d92a411d-7bc4-f78c-e9d1-efdc4aeef73d" executionId="dd4f9e24-02de-407b-a893-e73282b24bb3" testListId="8c84fa94-04c1-424b-9868-57a2d4851a1d" />
    <TestEntry testId="5fe61cd0-4616-edfe-e622-aa85801fd94b" executionId="9cbce80d-76d7-45b4-96b9-2a32f770022e" testListId="8c84fa94-04c1-424b-9868-57a2d4851a1d" />
    <TestEntry testId="0bdd8cc9-20b4-84d7-9ad8-5403fc793d4d" executionId="bafee099-f099-4d8c-9e4d-007dded773a8" testListId="8c84fa94-04c1-424b-9868-57a2d4851a1d" />
    <TestEntry testId="f45bb883-eb6d-92fb-229f-aa0cdbda49dc" executionId="d3443909-d430-4683-8ea1-4d616f493e81" testListId="8c84fa94-04c1-424b-9868-57a2d4851a1d" />
    <TestEntry testId="c1e21d32-b604-b65c-4bce-afcab2505d4e" executionId="a6dafe44-6412-493b-99dc-f4a9e995067d" testListId="8c84fa94-04c1-424b-9868-57a2d4851a1d" />
    <TestEntry testId="c71fa3e1-66cd-bfc0-662e-7a949f4dbdec" executionId="1d4f2f04-10cc-4079-92ca-b8dc3d4b444f" testListId="8c84fa94-04c1-424b-9868-57a2d4851a1d" />
    <TestEntry testId="4949cd7b-b143-8afc-ca49-e418a8d3ea72" executionId="8bf7f2a8-1422-4f26-8451-8e2afffc5000" testListId="8c84fa94-04c1-424b-9868-57a2d4851a1d" />
    <TestEntry testId="d09369f8-f6f9-5d32-92ea-a9b9b4417f2b" executionId="509b9114-ae13-404c-918a-b644daefcdcc" testListId="8c84fa94-04c1-424b-9868-57a2d4851a1d" />
    <TestEntry testId="4174b022-fc7b-41b1-5b6b-a872f9f0e4bc" executionId="03dcd02c-dc35-4367-a312-b9091b126142" testListId="8c84fa94-04c1-424b-9868-57a2d4851a1d" />
    <TestEntry testId="c9d5b17e-1791-fe3e-9cf0-5625baee3f90" executionId="fd613d35-bace-43f1-9954-c555db615bf5" testListId="8c84fa94-04c1-424b-9868-57a2d4851a1d" />
    <TestEntry testId="8be9396d-e77d-23c9-e431-01c99a363431" executionId="8626768c-b88c-4fd9-8de0-411b164b4f35" testListId="8c84fa94-04c1-424b-9868-57a2d4851a1d" />
    <TestEntry testId="b4510a53-8482-2097-3495-d2c88b75d3fd" executionId="3ffcf5e8-e25e-462b-8cca-d36a438961c9" testListId="8c84fa94-04c1-424b-9868-57a2d4851a1d" />
    <TestEntry testId="75c56bc1-b353-7ae8-ce64-49c7bfd38d60" executionId="613a1d26-0993-41c7-a0cb-47a061a310dc" testListId="8c84fa94-04c1-424b-9868-57a2d4851a1d" />
    <TestEntry testId="5bc6d5fa-39de-3196-bb66-7bfd05694508" executionId="01b25aa5-7b16-44e0-a1fe-293fa7f7980a" testListId="8c84fa94-04c1-424b-9868-57a2d4851a1d" />
    <TestEntry testId="a2796cfe-8f2e-d939-142d-9c6006d25afd" executionId="05774746-f4d8-4880-8ae9-6ee4c37a206e" testListId="8c84fa94-04c1-424b-9868-57a2d4851a1d" />
    <TestEntry testId="a9b8b9a7-b3e4-4313-e36e-e0d216f844fc" executionId="8ca5b182-3722-4f91-9b4a-603afaf4a560" testListId="8c84fa94-04c1-424b-9868-57a2d4851a1d" />
    <TestEntry testId="ea2928bc-7f11-ba94-a412-05c8c5c8fb4c" executionId="315b6881-2e4b-4896-a8bb-21c43c05aa30" testListId="8c84fa94-04c1-424b-9868-57a2d4851a1d" />
    <TestEntry testId="33626d88-9b9a-77dc-6ab7-5b8c77e13dcd" executionId="a4a6d089-90fe-43b7-8381-c2c4a0eea4f4" testListId="8c84fa94-04c1-424b-9868-57a2d4851a1d" />
    <TestEntry testId="a9e8cff0-77ad-bbd2-ebd9-751711504a9e" executionId="35f276e6-0f1e-433f-b315-261ef307f9a6" testListId="8c84fa94-04c1-424b-9868-57a2d4851a1d" />
    <TestEntry testId="b240c5eb-a105-089f-3d83-a26be7ae2345" executionId="3ce608a2-34c3-4fa9-9cd2-0d4527b3f906" testListId="8c84fa94-04c1-424b-9868-57a2d4851a1d" />
    <TestEntry testId="89350e42-76a9-193f-72f2-1039e85792c0" executionId="7c4e35c4-e70a-41d5-adfb-7e2b5c86a8f2" testListId="8c84fa94-04c1-424b-9868-57a2d4851a1d" />
    <TestEntry testId="5d64dbbf-4f4e-f5dc-1c40-80dd150ddc96" executionId="b8cd50f4-807b-4777-baf4-3512ea991a6f" testListId="8c84fa94-04c1-424b-9868-57a2d4851a1d" />
    <TestEntry testId="3fe8f71a-af76-d560-d244-14292687aa8b" executionId="d9abad50-852b-4186-b373-9ec32a23bce6" testListId="8c84fa94-04c1-424b-9868-57a2d4851a1d" />
    <TestEntry testId="ed099df2-7962-fb65-668b-a2327d41fb78" executionId="fc4ced5a-ffe2-4a63-a330-fddecb4ab003" testListId="8c84fa94-04c1-424b-9868-57a2d4851a1d" />
    <TestEntry testId="01291419-6268-bc41-5be9-20e2e9587291" executionId="bb8f7689-a168-40b3-a26c-01d01f6664b0" testListId="8c84fa94-04c1-424b-9868-57a2d4851a1d" />
    <TestEntry testId="fee4c404-6284-0c18-62e6-74db82b1a630" executionId="5af63452-19e8-41e3-87b8-13b08cb9cb1e" testListId="8c84fa94-04c1-424b-9868-57a2d4851a1d" />
    <TestEntry testId="c047b1e0-d1fc-5125-8895-00fcf98c73d3" executionId="d5271386-2720-4039-88c0-d6c966b475b0" testListId="8c84fa94-04c1-424b-9868-57a2d4851a1d" />
    <TestEntry testId="578bb1db-7c12-1b45-077a-f1acfce206de" executionId="bc0512d6-b7dc-4f56-8f52-305a10441ab6" testListId="8c84fa94-04c1-424b-9868-57a2d4851a1d" />
    <TestEntry testId="445cc062-0d37-3850-5313-9ea840b96290" executionId="25ae38f6-5db9-4d1f-8d34-e04cefdfebf3" testListId="8c84fa94-04c1-424b-9868-57a2d4851a1d" />
    <TestEntry testId="84558fe5-d7ee-ddff-9ade-a825b894ca96" executionId="aa05efca-117e-4054-94cd-c747dfe44298" testListId="8c84fa94-04c1-424b-9868-57a2d4851a1d" />
  </TestEntries>
  <TestLists>
    <TestList name="Results Not in a List" id="8c84fa94-04c1-424b-9868-57a2d4851a1d" />
    <TestList name="All Loaded Results" id="19431567-8539-422a-85d7-44ee4e166bda" />
  </TestLists>
  <ResultSummary outcome="Completed">
    <Counters total="56" executed="56" passed="56" failed="0" error="0" timeout="0" aborted="0" inconclusive="0" passedButRunAborted="0" notRunnable="0" notExecuted="0" disconnected="0" warning="0" completed="0" inProgress="0" pending="0" />
    <Output>
      <StdOut>[xUnit.net 00:00:00.00] xUnit.net VSTest Adapter v2.8.2+699d445a1a (64-bit .NET 9.0.2)&#xD;
[xUnit.net 00:00:00.10]   Discovering: SoftMedia.IntegrationTests&#xD;
[xUnit.net 00:00:00.12]   Discovered:  SoftMedia.IntegrationTests&#xD;
[xUnit.net 00:00:00.12]   Starting:    SoftMedia.IntegrationTests&#xD;
[xUnit.net 00:00:01.10]   Finished:    SoftMedia.IntegrationTests&#xD;
</StdOut>
    </Output>
  </ResultSummary>
</TestRun>