<?xml version="1.0" encoding="utf-8"?>
<TestRun id="43e9bfcd-b51b-46eb-af94-b638efd51ee6" name="Admin@GAMING 2026-04-07 13:46:46" runUser="GAMING\Admin" xmlns="http://microsoft.com/schemas/VisualStudio/TeamTest/2010">
  <Times creation="2026-04-07T13:46:46.2692859-06:00" queuing="2026-04-07T13:46:46.2692860-06:00" start="2026-04-07T13:46:45.9024825-06:00" finish="2026-04-07T13:46:47.0279396-06:00" />
  <TestSettings name="default" id="6258a078-c8fd-4300-a532-fdf11f5845f8">
    <Deployment runDeploymentRoot="Admin_GAMING_2026-04-07_13_46_46" />
  </TestSettings>
  <Results>
    <UnitTestResult executionId="97758678-c446-41cd-88b6-a642e547c161" testId="cafa6d83-08af-6842-2ffb-e8ebaafc6384" testName="SoftMedia.Tests.Integration.UserMediaInteractionIntegrationTests.MarkWatchedAsync_UpdatesStatusAndResetProgress" computerName="GAMING" duration="00:00:00.0029233" startTime="2026-04-07T13:46:46.7547627-06:00" endTime="2026-04-07T13:46:46.7547628-06:00" testType="13cdc9d9-ddb5-4fa4-a97d-d965ccfc6d4b" outcome="Passed" testListId="8c84fa94-04c1-424b-9868-57a2d4851a1d" relativeResultsDirectory="97758678-c446-41cd-88b6-a642e547c161" />
    <UnitTestResult executionId="1d98c98d-50b3-4a72-ae5c-ebea08f5bd17" testId="f45bb883-eb6d-92fb-229f-aa0cdbda49dc" testName="SoftMedia.Tests.Services.PasswordHasherTests.HashPassword_ReturnsHashString" computerName="GAMING" duration="00:00:00.0504379" startTime="2026-04-07T13:46:46.9835101-06:00" endTime="2026-04-07T13:46:46.9835105-06:00" testType="13cdc9d9-ddb5-4fa4-a97d-d965ccfc6d4b" outcome="Passed" testListId="8c84fa94-04c1-424b-9868-57a2d4851a1d" relativeResultsDirectory="1d98c98d-50b3-4a72-ae5c-ebea08f5bd17" />
    <UnitTestResult executionId="0ece43af-f541-4f65-978b-28d31a6f0ac6" testId="00c225ef-8848-7dae-a06f-73b97bad3ac9" testName="SoftMedia.Tests.Services.TranscodingIntegrationTests.Integration_ChangeMultipleSettings_AllApplyToNextTranscode" computerName="GAMING" duration="00:00:00.0032099" startTime="2026-04-07T13:46:46.6827092-06:00" endTime="2026-04-07T13:46:46.6827093-06:00" testType="13cdc9d9-ddb5-4fa4-a97d-d965ccfc6d4b" outcome="Passed" testListId="8c84fa94-04c1-424b-9868-57a2d4851a1d" relativeResultsDirectory="0ece43af-f541-4f65-978b-28d31a6f0ac6" />
    <UnitTestResult executionId="017a3aea-9293-4a29-88df-4bbdf7e08677" testId="a2796cfe-8f2e-d939-142d-9c6006d25afd" testName="SoftMedia.Tests.UserManagementTests.ResetUserPassword_UpdatesPasswordHash" computerName="GAMING" duration="00:00:00.0017124" startTime="2026-04-07T13:46:46.6749691-06:00" endTime="2026-04-07T13:46:46.6749691-06:00" testType="13cdc9d9-ddb5-4fa4-a97d-d965ccfc6d4b" outcome="Passed" testListId="8c84fa94-04c1-424b-9868-57a2d4851a1d" relativeResultsDirectory="017a3aea-9293-4a29-88df-4bbdf7e08677" />
    <UnitTestResult executionId="54934b74-d4db-4ada-9950-e550685734b9" testId="445cc062-0d37-3850-5313-9ea840b96290" testName="SoftMedia.Tests.Services.TranscodingIntegrationTests.Integration_InvalidSettingValue_FallsBackToDefault" computerName="GAMING" duration="00:00:00.0032896" startTime="2026-04-07T13:46:46.6924091-06:00" endTime="2026-04-07T13:46:46.6924091-06:00" testType="13cdc9d9-ddb5-4fa4-a97d-d965ccfc6d4b" outcome="Passed" testListId="8c84fa94-04c1-424b-9868-57a2d4851a1d" relativeResultsDirectory="54934b74-d4db-4ada-9950-e550685734b9" />
    <UnitTestResult executionId="aeb09a03-423d-4311-a0c1-9417f7e9fc34" testId="3c975109-591e-a76d-a626-1c8e98903049" testName="SoftMedia.Tests.Services.FFmpegServiceTests.IsTranscodingDisabledAsync_ReturnsTrue_WhenDisabled" computerName="GAMING" duration="00:00:00.0011136" startTime="2026-04-07T13:46:46.2553536-06:00" endTime="2026-04-07T13:46:46.2553536-06:00" testType="13cdc9d9-ddb5-4fa4-a97d-d965ccfc6d4b" outcome="Passed" testListId="8c84fa94-04c1-424b-9868-57a2d4851a1d" relativeResultsDirectory="aeb09a03-423d-4311-a0c1-9417f7e9fc34" />
    <UnitTestResult executionId="8753f342-d1c7-43fd-88d4-ecc2ec35ec04" testId="33626d88-9b9a-77dc-6ab7-5b8c77e13dcd" testName="SoftMedia.Tests.Integration.UserMediaInteractionIntegrationTests.ToggleFavoriteAsync_CreatesInteraction" computerName="GAMING" duration="00:00:00.0063542" startTime="2026-04-07T13:46:46.7441887-06:00" endTime="2026-04-07T13:46:46.7441888-06:00" testType="13cdc9d9-ddb5-4fa4-a97d-d965ccfc6d4b" outcome="Passed" testListId="8c84fa94-04c1-424b-9868-57a2d4851a1d" relativeResultsDirectory="8753f342-d1c7-43fd-88d4-ecc2ec35ec04" />
    <UnitTestResult executionId="2d619167-f007-44e1-9ac5-951b4443e5f8" testId="5bc6d5fa-39de-3196-bb66-7bfd05694508" testName="SoftMedia.Tests.Services.TranscodingIntegrationTests.Integration_EnableDisableTranscoding_AffectsCheck" computerName="GAMING" duration="00:00:00.0036680" startTime="2026-04-07T13:46:46.6902005-06:00" endTime="2026-04-07T13:46:46.6902006-06:00" testType="13cdc9d9-ddb5-4fa4-a97d-d965ccfc6d4b" outcome="Failed" testListId="8c84fa94-04c1-424b-9868-57a2d4851a1d" relativeResultsDirectory="2d619167-f007-44e1-9ac5-951b4443e5f8">
      <Output>
        <ErrorInfo>
          <Message>Assert.True() Failure&#xD;
Expected: True&#xD;
Actual:   False</Message>
          <StackTrace>   at SoftMedia.Tests.Services.TranscodingIntegrationTests.Integration_EnableDisableTranscoding_AffectsCheck() in C:\Users\Admin\Documents\coding2\SoftMedia\src\SoftMedia.Tests\Services\TranscodingIntegrationTests.cs:line 268&#xD;
--- End of stack trace from previous location ---</StackTrace>
        </ErrorInfo>
      </Output>
    </UnitTestResult>
    <UnitTestResult executionId="ec9031ae-9e13-4302-b5e9-5f4b18e285d7" testId="623cdd29-a9ed-be04-b70c-22844a874a0a" testName="SoftMedia.Tests.Services.PasswordHasherTests.VerifyPassword_ReturnsTrue_ForCorrectPassword" computerName="GAMING" duration="00:00:00.3672853" startTime="2026-04-07T13:46:46.9329627-06:00" endTime="2026-04-07T13:46:46.9329631-06:00" testType="13cdc9d9-ddb5-4fa4-a97d-d965ccfc6d4b" outcome="Passed" testListId="8c84fa94-04c1-424b-9868-57a2d4851a1d" relativeResultsDirectory="ec9031ae-9e13-4302-b5e9-5f4b18e285d7" />
    <UnitTestResult executionId="8940bced-a9c0-4812-b4e9-e278f434d5bf" testId="310f7956-5efd-020d-d857-36188b530390" testName="SoftMedia.Tests.Services.TranscodingIntegrationTests.Integration_AmdHardwareAccel_IncludesHwaccelD3d11va" computerName="GAMING" duration="00:00:00.0026535" startTime="2026-04-07T13:46:46.6948006-06:00" endTime="2026-04-07T13:46:46.6948007-06:00" testType="13cdc9d9-ddb5-4fa4-a97d-d965ccfc6d4b" outcome="Passed" testListId="8c84fa94-04c1-424b-9868-57a2d4851a1d" relativeResultsDirectory="8940bced-a9c0-4812-b4e9-e278f434d5bf" />
    <UnitTestResult executionId="c8cd0487-e21e-4a19-aa13-3fbfcc0948aa" testId="ad604d2c-2345-19a5-b9f8-c9ec74a2ef92" testName="SoftMedia.Tests.Services.TranscodingIntegrationTests.Integration_ChangeHardwareAccel_AffectsNextTranscode" computerName="GAMING" duration="00:00:00.0024875" startTime="2026-04-07T13:46:46.7073113-06:00" endTime="2026-04-07T13:46:46.7073114-06:00" testType="13cdc9d9-ddb5-4fa4-a97d-d965ccfc6d4b" outcome="Passed" testListId="8c84fa94-04c1-424b-9868-57a2d4851a1d" relativeResultsDirectory="c8cd0487-e21e-4a19-aa13-3fbfcc0948aa" />
    <UnitTestResult executionId="23cd6f64-b1a1-4c9b-8765-c50c6cf21c52" testId="4949cd7b-b143-8afc-ca49-e418a8d3ea72" testName="SoftMedia.Tests.Services.TranscodingIntegrationTests.Integration_RevertToDefaults_WorksCorrectly" computerName="GAMING" duration="00:00:00.0026321" startTime="2026-04-07T13:46:46.7053784-06:00" endTime="2026-04-07T13:46:46.7053785-06:00" testType="13cdc9d9-ddb5-4fa4-a97d-d965ccfc6d4b" outcome="Failed" testListId="8c84fa94-04c1-424b-9868-57a2d4851a1d" relativeResultsDirectory="23cd6f64-b1a1-4c9b-8765-c50c6cf21c52">
      <Output>
        <ErrorInfo>
          <Message>Assert.Contains() Failure: Sub-string not found&#xD;
String:    "-i "C:\\test\\input.mkv" -c:v libx264 -prof"···&#xD;
Not found: "-preset veryfast"</Message>
          <StackTrace>   at SoftMedia.Tests.Services.TranscodingIntegrationTests.Integration_RevertToDefaults_WorksCorrectly() in C:\Users\Admin\Documents\coding2\SoftMedia\src\SoftMedia.Tests\Services\TranscodingIntegrationTests.cs:line 425&#xD;
--- End of stack trace from previous location ---</StackTrace>
        </ErrorInfo>
      </Output>
    </UnitTestResult>
    <UnitTestResult executionId="5c275f0b-b44a-4e98-98ee-9660715d4635" testId="b393d623-ce6c-4982-2911-2655f015f873" testName="SoftMedia.Tests.Services.FFmpegServiceTests.IsTranscodingDisabledAsync_ReturnsFalse_WhenEnabled" computerName="GAMING" duration="00:00:00.0005195" startTime="2026-04-07T13:46:46.2600341-06:00" endTime="2026-04-07T13:46:46.2600342-06:00" testType="13cdc9d9-ddb5-4fa4-a97d-d965ccfc6d4b" outcome="Passed" testListId="8c84fa94-04c1-424b-9868-57a2d4851a1d" relativeResultsDirectory="5c275f0b-b44a-4e98-98ee-9660715d4635" />
    <UnitTestResult executionId="f8c49b90-143f-47a0-b3ee-713cc6c1b468" testId="0d457943-2088-6265-d514-c42903f080f1" testName="SoftMedia.Tests.LibraryTests.ReorderLibraries_UpdatesOrder" computerName="GAMING" duration="00:00:00.0041053" startTime="2026-04-07T13:46:46.2553932-06:00" endTime="2026-04-07T13:46:46.2553933-06:00" testType="13cdc9d9-ddb5-4fa4-a97d-d965ccfc6d4b" outcome="Passed" testListId="8c84fa94-04c1-424b-9868-57a2d4851a1d" relativeResultsDirectory="f8c49b90-143f-47a0-b3ee-713cc6c1b468" />
    <UnitTestResult executionId="4ce4ae5b-ce2d-4767-b979-22912f7de43a" testId="fee4c404-6284-0c18-62e6-74db82b1a630" testName="SoftMedia.Tests.UserManagementTests.BanUser_CannotBanSelf" computerName="GAMING" duration="00:00:00.0008040" startTime="2026-04-07T13:46:46.6929408-06:00" endTime="2026-04-07T13:46:46.6929409-06:00" testType="13cdc9d9-ddb5-4fa4-a97d-d965ccfc6d4b" outcome="Passed" testListId="8c84fa94-04c1-424b-9868-57a2d4851a1d" relativeResultsDirectory="4ce4ae5b-ce2d-4767-b979-22912f7de43a" />
    <UnitTestResult executionId="3395351a-8265-42df-af5d-6fe61b559d71" testId="de340829-6c5f-2cb6-f451-a2fec211a26a" testName="SoftMedia.Tests.Integration.UserMediaInteractionIntegrationTests.RateMediaAsync_RemovesInteraction_IfNullRatingAndNoOtherState" computerName="GAMING" duration="00:00:00.0036884" startTime="2026-04-07T13:46:46.7517869-06:00" endTime="2026-04-07T13:46:46.7517871-06:00" testType="13cdc9d9-ddb5-4fa4-a97d-d965ccfc6d4b" outcome="Passed" testListId="8c84fa94-04c1-424b-9868-57a2d4851a1d" relativeResultsDirectory="3395351a-8265-42df-af5d-6fe61b559d71" />
    <UnitTestResult executionId="abbb7f33-398d-4674-a7bf-9ff56d5a4175" testId="84558fe5-d7ee-ddff-9ade-a825b894ca96" testName="SoftMedia.Tests.FileWatcherTests.GetFileIssues_ReturnsEmptyInitially" computerName="GAMING" duration="00:00:00.0023508" startTime="2026-04-07T13:46:46.2554342-06:00" endTime="2026-04-07T13:46:46.2554342-06:00" testType="13cdc9d9-ddb5-4fa4-a97d-d965ccfc6d4b" outcome="Passed" testListId="8c84fa94-04c1-424b-9868-57a2d4851a1d" relativeResultsDirectory="abbb7f33-398d-4674-a7bf-9ff56d5a4175" />
    <UnitTestResult executionId="2d9274dc-ae5f-4274-9f2e-0b4d867dcf7f" testId="8be9396d-e77d-23c9-e431-01c99a363431" testName="SoftMedia.Tests.Services.TranscodingIntegrationTests.Integration_DefaultSettings_ApplyToTranscodeArguments" computerName="GAMING" duration="00:00:00.0024090" startTime="2026-04-07T13:46:46.6972468-06:00" endTime="2026-04-07T13:46:46.6972470-06:00" testType="13cdc9d9-ddb5-4fa4-a97d-d965ccfc6d4b" outcome="Passed" testListId="8c84fa94-04c1-424b-9868-57a2d4851a1d" relativeResultsDirectory="2d9274dc-ae5f-4274-9f2e-0b4d867dcf7f" />
    <UnitTestResult executionId="61e67395-3c4c-4016-a782-f82e924ae518" testId="204d3af4-495f-e8a4-5df6-5a3779b02c9e" testName="SoftMedia.Tests.UserManagementTests.DeleteUser_DeletesUser" computerName="GAMING" duration="00:00:00.0069565" startTime="2026-04-07T13:46:46.6748911-06:00" endTime="2026-04-07T13:46:46.6748912-06:00" testType="13cdc9d9-ddb5-4fa4-a97d-d965ccfc6d4b" outcome="Passed" testListId="8c84fa94-04c1-424b-9868-57a2d4851a1d" relativeResultsDirectory="61e67395-3c4c-4016-a782-f82e924ae518" />
    <UnitTestResult executionId="a0cc609d-5a13-45b2-88e9-0356d9f9eb28" testId="3fe8f71a-af76-d560-d244-14292687aa8b" testName="SoftMedia.Tests.AuthSecurityTests.Signup_FirstUser_ShouldBeAdminAndApproved" computerName="GAMING" duration="00:00:00.4539849" startTime="2026-04-07T13:46:46.6532314-06:00" endTime="2026-04-07T13:46:46.6532315-06:00" testType="13cdc9d9-ddb5-4fa4-a97d-d965ccfc6d4b" outcome="Passed" testListId="8c84fa94-04c1-424b-9868-57a2d4851a1d" relativeResultsDirectory="a0cc609d-5a13-45b2-88e9-0356d9f9eb28" />
    <UnitTestResult executionId="8116e720-927d-4b0b-b2c8-04ac84c18a1c" testId="b4510a53-8482-2097-3495-d2c88b75d3fd" testName="SoftMedia.Tests.FileWatcherTests.RetryFile_ReturnsFalse_WhenIssueNotFound" computerName="GAMING" duration="00:00:00.0369475" startTime="2026-04-07T13:46:46.2478415-06:00" endTime="2026-04-07T13:46:46.2478417-06:00" testType="13cdc9d9-ddb5-4fa4-a97d-d965ccfc6d4b" outcome="Passed" testListId="8c84fa94-04c1-424b-9868-57a2d4851a1d" relativeResultsDirectory="8116e720-927d-4b0b-b2c8-04ac84c18a1c" />
    <UnitTestResult executionId="bafef995-1752-42c2-ac72-025605614fc9" testId="72ab414a-c6b5-4d4c-7d64-553b626a220b" testName="SoftMedia.Tests.Integration.UserMediaInteractionIntegrationTests.RateMediaAsync_UpdatesExistingRating" computerName="GAMING" duration="00:00:00.5405042" startTime="2026-04-07T13:46:46.7377535-06:00" endTime="2026-04-07T13:46:46.7377536-06:00" testType="13cdc9d9-ddb5-4fa4-a97d-d965ccfc6d4b" outcome="Passed" testListId="8c84fa94-04c1-424b-9868-57a2d4851a1d" relativeResultsDirectory="bafef995-1752-42c2-ac72-025605614fc9" />
    <UnitTestResult executionId="24bcb9bd-600f-488c-a8eb-31c3d8f5061a" testId="168c9195-c0f9-1283-bfe9-b92f30795099" testName="SoftMedia.Tests.Services.FFmpegServiceTests.IsTranscodingDisabledAsync_ReturnsFalse_OnInvalidValue" computerName="GAMING" duration="00:00:00.0517218" startTime="2026-04-07T13:46:46.2493995-06:00" endTime="2026-04-07T13:46:46.2493996-06:00" testType="13cdc9d9-ddb5-4fa4-a97d-d965ccfc6d4b" outcome="Passed" testListId="8c84fa94-04c1-424b-9868-57a2d4851a1d" relativeResultsDirectory="24bcb9bd-600f-488c-a8eb-31c3d8f5061a" />
    <UnitTestResult executionId="7ae039ea-cac0-4639-bc3f-d4f83d23710b" testId="a9b8b9a7-b3e4-4313-e36e-e0d216f844fc" testName="SoftMedia.Tests.Integration.LibraryIntegrationTests.DeleteLibrary_RemovesFromDatabase" computerName="GAMING" duration="00:00:00.0270511" startTime="2026-04-07T13:46:46.6975437-06:00" endTime="2026-04-07T13:46:46.6975438-06:00" testType="13cdc9d9-ddb5-4fa4-a97d-d965ccfc6d4b" outcome="Passed" testListId="8c84fa94-04c1-424b-9868-57a2d4851a1d" relativeResultsDirectory="7ae039ea-cac0-4639-bc3f-d4f83d23710b" />
    <UnitTestResult executionId="1eb452f6-9777-4f3a-a9f7-2b80450b6f38" testId="f17d60ab-61d0-db88-2b34-541be5a452f7" testName="SoftMedia.Tests.Integration.UserMediaInteractionIntegrationTests.RateMediaAsync_CreatesInteractionAndUpdatesAverage" computerName="GAMING" duration="00:00:00.0023503" startTime="2026-04-07T13:46:46.7466699-06:00" endTime="2026-04-07T13:46:46.7466700-06:00" testType="13cdc9d9-ddb5-4fa4-a97d-d965ccfc6d4b" outcome="Passed" testListId="8c84fa94-04c1-424b-9868-57a2d4851a1d" relativeResultsDirectory="1eb452f6-9777-4f3a-a9f7-2b80450b6f38" />
    <UnitTestResult executionId="6f4f5359-c3b5-418d-b64f-0e63dc2417d3" testId="891f33fe-e59e-45a5-fc2f-9d3ad090fa4e" testName="SoftMedia.Tests.UserManagementTests.GetUsers_ReturnsAllUsers" computerName="GAMING" duration="00:00:00.0128489" startTime="2026-04-07T13:46:46.6898493-06:00" endTime="2026-04-07T13:46:46.6898494-06:00" testType="13cdc9d9-ddb5-4fa4-a97d-d965ccfc6d4b" outcome="Passed" testListId="8c84fa94-04c1-424b-9868-57a2d4851a1d" relativeResultsDirectory="6f4f5359-c3b5-418d-b64f-0e63dc2417d3" />
    <UnitTestResult executionId="8e508e5b-d2a9-4266-9f00-3c259e2fb087" testId="4bddc169-fcd3-8e28-d0d8-0ef89e578f11" testName="SoftMedia.Tests.UserManagementTests.UpdateUserRatings_UpdatesRatings" computerName="GAMING" duration="00:00:00.0016985" startTime="2026-04-07T13:46:46.6903927-06:00" endTime="2026-04-07T13:46:46.6903927-06:00" testType="13cdc9d9-ddb5-4fa4-a97d-d965ccfc6d4b" outcome="Passed" testListId="8c84fa94-04c1-424b-9868-57a2d4851a1d" relativeResultsDirectory="8e508e5b-d2a9-4266-9f00-3c259e2fb087" />
    <UnitTestResult executionId="d12d0ea7-7911-4651-965b-756ae297d018" testId="d09369f8-f6f9-5d32-92ea-a9b9b4417f2b" testName="SoftMedia.Tests.FileWatcherTests.ClearIssue_ReturnsFalse_WhenIssueNotFound" computerName="GAMING" duration="00:00:00.0009241" startTime="2026-04-07T13:46:46.2493585-06:00" endTime="2026-04-07T13:46:46.2493586-06:00" testType="13cdc9d9-ddb5-4fa4-a97d-d965ccfc6d4b" outcome="Passed" testListId="8c84fa94-04c1-424b-9868-57a2d4851a1d" relativeResultsDirectory="d12d0ea7-7911-4651-965b-756ae297d018" />
    <UnitTestResult executionId="2631ebf1-7a22-4308-9d2b-06f2497d1b5f" testId="c1e21d32-b604-b65c-4bce-afcab2505d4e" testName="SoftMedia.Tests.UserManagementTests.ApproveUser_ApprovesUser" computerName="GAMING" duration="00:00:00.0175390" startTime="2026-04-07T13:46:46.6585033-06:00" endTime="2026-04-07T13:46:46.6585034-06:00" testType="13cdc9d9-ddb5-4fa4-a97d-d965ccfc6d4b" outcome="Passed" testListId="8c84fa94-04c1-424b-9868-57a2d4851a1d" relativeResultsDirectory="2631ebf1-7a22-4308-9d2b-06f2497d1b5f" />
    <UnitTestResult executionId="fd9e23fe-ece5-48f6-a65b-d43d17c71a3d" testId="ed099df2-7962-fb65-668b-a2327d41fb78" testName="SoftMedia.Tests.LibraryTests.CreateLibrary_AddsLibrary" computerName="GAMING" duration="00:00:00.0491639" startTime="2026-04-07T13:46:46.2464173-06:00" endTime="2026-04-07T13:46:46.2464175-06:00" testType="13cdc9d9-ddb5-4fa4-a97d-d965ccfc6d4b" outcome="Passed" testListId="8c84fa94-04c1-424b-9868-57a2d4851a1d" relativeResultsDirectory="fd9e23fe-ece5-48f6-a65b-d43d17c71a3d" />
    <UnitTestResult executionId="2b0cf543-0302-416c-ab6f-5e16b9b3231c" testId="b240c5eb-a105-089f-3d83-a26be7ae2345" testName="SoftMedia.Tests.UnitTest1.Test1" computerName="GAMING" duration="00:00:00.0020391" startTime="2026-04-07T13:46:46.2045824-06:00" endTime="2026-04-07T13:46:46.2045970-06:00" testType="13cdc9d9-ddb5-4fa4-a97d-d965ccfc6d4b" outcome="Passed" testListId="8c84fa94-04c1-424b-9868-57a2d4851a1d" relativeResultsDirectory="2b0cf543-0302-416c-ab6f-5e16b9b3231c" />
    <UnitTestResult executionId="2e32ba33-1bb3-4e5a-a724-b4de8434702b" testId="0fab1b82-589a-317e-4b3a-d0b724e88a51" testName="SoftMedia.Tests.Services.TranscodingIntegrationTests.Integration_NoHardwareAccel_NoHwaccelFlags" computerName="GAMING" duration="00:00:00.0029606" startTime="2026-04-07T13:46:46.6774114-06:00" endTime="2026-04-07T13:46:46.6774115-06:00" testType="13cdc9d9-ddb5-4fa4-a97d-d965ccfc6d4b" outcome="Passed" testListId="8c84fa94-04c1-424b-9868-57a2d4851a1d" relativeResultsDirectory="2e32ba33-1bb3-4e5a-a724-b4de8434702b" />
    <UnitTestResult executionId="c53a5c15-b34f-4305-9fbd-3273e5cf8fdd" testId="75c56bc1-b353-7ae8-ce64-49c7bfd38d60" testName="SoftMedia.Tests.Integration.LibraryIntegrationTests.GetLibraries_ReturnsAllLibraries" computerName="GAMING" duration="00:00:00.0072486" startTime="2026-04-07T13:46:46.6748579-06:00" endTime="2026-04-07T13:46:46.6748579-06:00" testType="13cdc9d9-ddb5-4fa4-a97d-d965ccfc6d4b" outcome="Passed" testListId="8c84fa94-04c1-424b-9868-57a2d4851a1d" relativeResultsDirectory="c53a5c15-b34f-4305-9fbd-3273e5cf8fdd" />
    <UnitTestResult executionId="8b5acdfb-bd31-429c-bee3-4c4770c85ec0" testId="4de637cd-2b31-9899-9ec4-521343fc43b8" testName="SoftMedia.Tests.FileWatcherTests.FileWatcherIssueStatus_HasCorrectValues" computerName="GAMING" duration="00:00:00.0097918" startTime="2026-04-07T13:46:46.2071506-06:00" endTime="2026-04-07T13:46:46.2071507-06:00" testType="13cdc9d9-ddb5-4fa4-a97d-d965ccfc6d4b" outcome="Passed" testListId="8c84fa94-04c1-424b-9868-57a2d4851a1d" relativeResultsDirectory="8b5acdfb-bd31-429c-bee3-4c4770c85ec0" />
    <UnitTestResult executionId="6843dc94-8301-4a1b-b5e8-b503dc244500" testId="dd3b06c9-700c-ec8c-50dd-8ed40717fd57" testName="SoftMedia.Tests.Services.TranscodingIntegrationTests.Integration_IntelHardwareAccel_IncludesHwaccelQsv" computerName="GAMING" duration="00:00:00.0024859" startTime="2026-04-07T13:46:46.6997711-06:00" endTime="2026-04-07T13:46:46.6997712-06:00" testType="13cdc9d9-ddb5-4fa4-a97d-d965ccfc6d4b" outcome="Passed" testListId="8c84fa94-04c1-424b-9868-57a2d4851a1d" relativeResultsDirectory="6843dc94-8301-4a1b-b5e8-b503dc244500" />
    <UnitTestResult executionId="bec9ab9f-eb51-4515-8c2a-096c78d4c9a3" testId="0bdd8cc9-20b4-84d7-9ad8-5403fc793d4d" testName="SoftMedia.Tests.LibraryTests.GetLibraries_ReturnsOrderedLibraries" computerName="GAMING" duration="00:00:00.0032358" startTime="2026-04-07T13:46:46.2554611-06:00" endTime="2026-04-07T13:46:46.2554611-06:00" testType="13cdc9d9-ddb5-4fa4-a97d-d965ccfc6d4b" outcome="Passed" testListId="8c84fa94-04c1-424b-9868-57a2d4851a1d" relativeResultsDirectory="bec9ab9f-eb51-4515-8c2a-096c78d4c9a3" />
    <UnitTestResult executionId="574ddc97-7201-4d6e-9768-187060942251" testId="c047b1e0-d1fc-5125-8895-00fcf98c73d3" testName="SoftMedia.Tests.UserManagementTests.CreateUser_CreatesUser" computerName="GAMING" duration="00:00:00.0077297" startTime="2026-04-07T13:46:46.6662915-06:00" endTime="2026-04-07T13:46:46.6662916-06:00" testType="13cdc9d9-ddb5-4fa4-a97d-d965ccfc6d4b" outcome="Passed" testListId="8c84fa94-04c1-424b-9868-57a2d4851a1d" relativeResultsDirectory="574ddc97-7201-4d6e-9768-187060942251" />
    <UnitTestResult executionId="339a6b28-45b6-440a-8774-a9016ea7f875" testId="8eb0e247-f1c7-67fd-f985-441319095668" testName="SoftMedia.Tests.FileWatcherTests.FileWatcherIssue_HasCorrectProperties" computerName="GAMING" duration="00:00:00.0023055" startTime="2026-04-07T13:46:46.2107479-06:00" endTime="2026-04-07T13:46:46.2107480-06:00" testType="13cdc9d9-ddb5-4fa4-a97d-d965ccfc6d4b" outcome="Passed" testListId="8c84fa94-04c1-424b-9868-57a2d4851a1d" relativeResultsDirectory="339a6b28-45b6-440a-8774-a9016ea7f875" />
    <UnitTestResult executionId="90a41ae5-94ec-4e34-8124-a36c9e98c231" testId="a60f5dc2-4cb1-fb3e-ead4-9d6eb05e8760" testName="SoftMedia.Tests.Services.TranscodingIntegrationTests.Integration_ChangePreset_AffectsNextTranscode" computerName="GAMING" duration="00:00:00.0045839" startTime="2026-04-07T13:46:46.6747150-06:00" endTime="2026-04-07T13:46:46.6747151-06:00" testType="13cdc9d9-ddb5-4fa4-a97d-d965ccfc6d4b" outcome="Failed" testListId="8c84fa94-04c1-424b-9868-57a2d4851a1d" relativeResultsDirectory="90a41ae5-94ec-4e34-8124-a36c9e98c231">
      <Output>
        <ErrorInfo>
          <Message>Assert.Contains() Failure: Sub-string not found&#xD;
String:    "-i "C:\\test\\input.mkv" -c:v libx264 -prof"···&#xD;
Not found: "-preset slow"</Message>
          <StackTrace>   at SoftMedia.Tests.Services.TranscodingIntegrationTests.Integration_ChangePreset_AffectsNextTranscode() in C:\Users\Admin\Documents\coding2\SoftMedia\src\SoftMedia.Tests\Services\TranscodingIntegrationTests.cs:line 165&#xD;
--- End of stack trace from previous location ---</StackTrace>
        </ErrorInfo>
      </Output>
    </UnitTestResult>
    <UnitTestResult executionId="06f2b1f1-2b8a-4019-8e45-7eec071b3efb" testId="7dab2800-5cc1-2019-caaf-e7febc1cba08" testName="SoftMedia.Tests.Services.FFmpegServiceTests.ProbeMediaAsync_ReturnsCorrectMetadata" computerName="GAMING" duration="00:00:00.0064900" startTime="2026-04-07T13:46:46.2599902-06:00" endTime="2026-04-07T13:46:46.2599903-06:00" testType="13cdc9d9-ddb5-4fa4-a97d-d965ccfc6d4b" outcome="Passed" testListId="8c84fa94-04c1-424b-9868-57a2d4851a1d" relativeResultsDirectory="06f2b1f1-2b8a-4019-8e45-7eec071b3efb" />
    <UnitTestResult executionId="3a3c2d22-e56f-47d0-a5ad-0fea460821a1" testId="24d5cbed-dd6b-659a-a32a-ff88897d2506" testName="SoftMedia.Tests.Services.TranscodingIntegrationTests.Integration_ChangeThreadCount_AffectsNextTranscode" computerName="GAMING" duration="00:00:00.0020943" startTime="2026-04-07T13:46:46.7019020-06:00" endTime="2026-04-07T13:46:46.7019021-06:00" testType="13cdc9d9-ddb5-4fa4-a97d-d965ccfc6d4b" outcome="Passed" testListId="8c84fa94-04c1-424b-9868-57a2d4851a1d" relativeResultsDirectory="3a3c2d22-e56f-47d0-a5ad-0fea460821a1" />
    <UnitTestResult executionId="496effae-5d57-4b88-a094-2e0a06250b8a" testId="5fe61cd0-4616-edfe-e622-aa85801fd94b" testName="SoftMedia.Tests.Services.TranscodingIntegrationTests.Integration_MissingSettingKey_UsesDefault" computerName="GAMING" duration="00:00:00.0020687" startTime="2026-04-07T13:46:46.6848295-06:00" endTime="2026-04-07T13:46:46.6848296-06:00" testType="13cdc9d9-ddb5-4fa4-a97d-d965ccfc6d4b" outcome="Passed" testListId="8c84fa94-04c1-424b-9868-57a2d4851a1d" relativeResultsDirectory="496effae-5d57-4b88-a094-2e0a06250b8a" />
    <UnitTestResult executionId="cedb1493-913b-45fe-9478-bfd6e74ef4dc" testId="74ea743b-16b3-efdc-70bc-2580970c2239" testName="SoftMedia.Tests.Integration.UserMediaInteractionIntegrationTests.ToggleFavoriteAsync_UpdatesExisting" computerName="GAMING" duration="00:00:00.0013200" startTime="2026-04-07T13:46:46.7480466-06:00" endTime="2026-04-07T13:46:46.7480467-06:00" testType="13cdc9d9-ddb5-4fa4-a97d-d965ccfc6d4b" outcome="Passed" testListId="8c84fa94-04c1-424b-9868-57a2d4851a1d" relativeResultsDirectory="cedb1493-913b-45fe-9478-bfd6e74ef4dc" />
    <UnitTestResult executionId="e4111499-09df-46da-81dd-80ba400b3e92" testId="a9e8cff0-77ad-bbd2-ebd9-751711504a9e" testName="SoftMedia.Tests.Services.TranscodingIntegrationTests.Integration_ChangeCRF_AffectsNextTranscode" computerName="GAMING" duration="00:00:00.0120857" startTime="2026-04-07T13:46:46.6601764-06:00" endTime="2026-04-07T13:46:46.6601765-06:00" testType="13cdc9d9-ddb5-4fa4-a97d-d965ccfc6d4b" outcome="Passed" testListId="8c84fa94-04c1-424b-9868-57a2d4851a1d" relativeResultsDirectory="e4111499-09df-46da-81dd-80ba400b3e92" />
    <UnitTestResult executionId="73b68358-6183-4eba-ba23-7c78f8fe3aa6" testId="80c1bb01-59e0-82d9-6971-840c0ef98fc6" testName="SoftMedia.Tests.Services.FFmpegServiceTests.ProbeMediaAsync_ReturnsNull_OnFailure" computerName="GAMING" duration="00:00:00.0006481" startTime="2026-04-07T13:46:46.2600665-06:00" endTime="2026-04-07T13:46:46.2600666-06:00" testType="13cdc9d9-ddb5-4fa4-a97d-d965ccfc6d4b" outcome="Passed" testListId="8c84fa94-04c1-424b-9868-57a2d4851a1d" relativeResultsDirectory="73b68358-6183-4eba-ba23-7c78f8fe3aa6" />
    <UnitTestResult executionId="ecf72794-ef30-4848-b828-39f5427635a3" testId="01291419-6268-bc41-5be9-20e2e9587291" testName="SoftMedia.Tests.UserManagementTests.BanUser_BansUser" computerName="GAMING" duration="00:00:00.0015028" startTime="2026-04-07T13:46:46.6757822-06:00" endTime="2026-04-07T13:46:46.6757823-06:00" testType="13cdc9d9-ddb5-4fa4-a97d-d965ccfc6d4b" outcome="Passed" testListId="8c84fa94-04c1-424b-9868-57a2d4851a1d" relativeResultsDirectory="ecf72794-ef30-4848-b828-39f5427635a3" />
    <UnitTestResult executionId="214be1a6-bc1a-4c85-84ad-70f25123339f" testId="c71fa3e1-66cd-bfc0-662e-7a949f4dbdec" testName="SoftMedia.Tests.Services.TranscodingIntegrationTests.Integration_NvidiaHardwareAccel_IncludesHwaccelCuda" computerName="GAMING" duration="00:00:00.4507599" startTime="2026-04-07T13:46:46.6480310-06:00" endTime="2026-04-07T13:46:46.6480311-06:00" testType="13cdc9d9-ddb5-4fa4-a97d-d965ccfc6d4b" outcome="Passed" testListId="8c84fa94-04c1-424b-9868-57a2d4851a1d" relativeResultsDirectory="214be1a6-bc1a-4c85-84ad-70f25123339f" />
    <UnitTestResult executionId="498450dd-29f2-40ef-a8b7-d4ffad37d53e" testId="5d64dbbf-4f4e-f5dc-1c40-80dd150ddc96" testName="SoftMedia.Tests.Services.PasswordHasherTests.VerifyPassword_ReturnsFalse_ForIncorrectPassword" computerName="GAMING" duration="00:00:00.3663658" startTime="2026-04-07T13:46:46.5655816-06:00" endTime="2026-04-07T13:46:46.5655817-06:00" testType="13cdc9d9-ddb5-4fa4-a97d-d965ccfc6d4b" outcome="Passed" testListId="8c84fa94-04c1-424b-9868-57a2d4851a1d" relativeResultsDirectory="498450dd-29f2-40ef-a8b7-d4ffad37d53e" />
    <UnitTestResult executionId="b329c9e5-b897-4d93-8c78-30d9c6190a92" testId="c7a61cfe-da5a-1d28-d072-42770f5c85c5" testName="SoftMedia.Tests.UserManagementTests.DenyUser_DeniesUser" computerName="GAMING" duration="00:00:00.0016728" startTime="2026-04-07T13:46:46.6923787-06:00" endTime="2026-04-07T13:46:46.6923788-06:00" testType="13cdc9d9-ddb5-4fa4-a97d-d965ccfc6d4b" outcome="Passed" testListId="8c84fa94-04c1-424b-9868-57a2d4851a1d" relativeResultsDirectory="b329c9e5-b897-4d93-8c78-30d9c6190a92" />
    <UnitTestResult executionId="f233c13b-ddf8-47fd-8307-f895fa5b78f6" testId="c9d5b17e-1791-fe3e-9cf0-5625baee3f90" testName="SoftMedia.Tests.Integration.UserMediaInteractionIntegrationTests.UpdateProgressAsync_UpdatesPosition" computerName="GAMING" duration="00:00:00.0016944" startTime="2026-04-07T13:46:46.7565036-06:00" endTime="2026-04-07T13:46:46.7565037-06:00" testType="13cdc9d9-ddb5-4fa4-a97d-d965ccfc6d4b" outcome="Passed" testListId="8c84fa94-04c1-424b-9868-57a2d4851a1d" relativeResultsDirectory="f233c13b-ddf8-47fd-8307-f895fa5b78f6" />
    <UnitTestResult executionId="51449405-0725-4cfe-a830-5cf0893bf8bb" testId="578bb1db-7c12-1b45-077a-f1acfce206de" testName="SoftMedia.Tests.Services.TranscodingIntegrationTests.Integration_EnableTranscoding_DefaultIsTrue" computerName="GAMING" duration="00:00:00.0031164" startTime="2026-04-07T13:46:46.6749309-06:00" endTime="2026-04-07T13:46:46.6749309-06:00" testType="13cdc9d9-ddb5-4fa4-a97d-d965ccfc6d4b" outcome="Passed" testListId="8c84fa94-04c1-424b-9868-57a2d4851a1d" relativeResultsDirectory="51449405-0725-4cfe-a830-5cf0893bf8bb" />
    <UnitTestResult executionId="d38db6be-bfd9-4e01-9fb9-5f299b122a0c" testId="41d0f70c-fdd1-9dc1-4481-717c601b4a5d" testName="SoftMedia.Tests.AuthSecurityTests.Login_WhenUserIsNotApproved_ShouldReturnUnauthorized" computerName="GAMING" duration="00:00:00.0095512" startTime="2026-04-07T13:46:46.6668264-06:00" endTime="2026-04-07T13:46:46.6668265-06:00" testType="13cdc9d9-ddb5-4fa4-a97d-d965ccfc6d4b" outcome="Passed" testListId="8c84fa94-04c1-424b-9868-57a2d4851a1d" relativeResultsDirectory="d38db6be-bfd9-4e01-9fb9-5f299b122a0c" />
    <UnitTestResult executionId="bad8141d-cd52-4f60-9c36-9b1144de915c" testId="4174b022-fc7b-41b1-5b6b-a872f9f0e4bc" testName="SoftMedia.Tests.AuthSecurityTests.Signup_WhenAllowSignupIsFalse_ShouldReturnForbidden" computerName="GAMING" duration="00:00:00.0039805" startTime="2026-04-07T13:46:46.6575675-06:00" endTime="2026-04-07T13:46:46.6575676-06:00" testType="13cdc9d9-ddb5-4fa4-a97d-d965ccfc6d4b" outcome="Passed" testListId="8c84fa94-04c1-424b-9868-57a2d4851a1d" relativeResultsDirectory="bad8141d-cd52-4f60-9c36-9b1144de915c" />
    <UnitTestResult executionId="472abef9-bcdd-421e-b7db-61af22fe5a11" testId="89350e42-76a9-193f-72f2-1039e85792c0" testName="SoftMedia.Tests.Integration.LibraryIntegrationTests.CreateLibrary_PersistsToDatabase" computerName="GAMING" duration="00:00:00.4658876" startTime="2026-04-07T13:46:46.6631615-06:00" endTime="2026-04-07T13:46:46.6631616-06:00" testType="13cdc9d9-ddb5-4fa4-a97d-d965ccfc6d4b" outcome="Passed" testListId="8c84fa94-04c1-424b-9868-57a2d4851a1d" relativeResultsDirectory="472abef9-bcdd-421e-b7db-61af22fe5a11" />
    <UnitTestResult executionId="21af821b-61fa-4c45-b9c1-841c38f373be" testId="d92a411d-7bc4-f78c-e9d1-efdc4aeef73d" testName="SoftMedia.Tests.UserManagementTests.UpdateUserRole_UpdatesRole" computerName="GAMING" duration="00:00:00.4408939" startTime="2026-04-07T13:46:46.6401802-06:00" endTime="2026-04-07T13:46:46.6401804-06:00" testType="13cdc9d9-ddb5-4fa4-a97d-d965ccfc6d4b" outcome="Passed" testListId="8c84fa94-04c1-424b-9868-57a2d4851a1d" relativeResultsDirectory="21af821b-61fa-4c45-b9c1-841c38f373be" />
    <UnitTestResult executionId="818b178d-7cf8-4442-9a31-bdb26714d3ea" testId="ea2928bc-7f11-ba94-a412-05c8c5c8fb4c" testName="SoftMedia.Tests.Services.TranscodingIntegrationTests.Integration_ChangeResolution_AffectsNextTranscode" computerName="GAMING" duration="00:00:00.0029838" startTime="2026-04-07T13:46:46.6794580-06:00" endTime="2026-04-07T13:46:46.6794581-06:00" testType="13cdc9d9-ddb5-4fa4-a97d-d965ccfc6d4b" outcome="Passed" testListId="8c84fa94-04c1-424b-9868-57a2d4851a1d" relativeResultsDirectory="818b178d-7cf8-4442-9a31-bdb26714d3ea" />
  </Results>
  <TestDefinitions>
    <UnitTest name="SoftMedia.Tests.Services.PasswordHasherTests.VerifyPassword_ReturnsFalse_ForIncorrectPassword" storage="c:\users\admin\documents\coding2\softmedia\src\softmedia.tests\bin\debug\net9.0\softmedia.integrationtests.dll" id="5d64dbbf-4f4e-f5dc-1c40-80dd150ddc96">
      <Execution id="498450dd-29f2-40ef-a8b7-d4ffad37d53e" />
      <TestMethod codeBase="C:\Users\Admin\Documents\coding2\SoftMedia\src\SoftMedia.Tests\bin\Debug\net9.0\SoftMedia.IntegrationTests.dll" adapterTypeName="executor://xunit/VsTestRunner2/netcoreapp" className="SoftMedia.Tests.Services.PasswordHasherTests" name="VerifyPassword_ReturnsFalse_ForIncorrectPassword" />
    </UnitTest>
    <UnitTest name="SoftMedia.Tests.FileWatcherTests.ClearIssue_ReturnsFalse_WhenIssueNotFound" storage="c:\users\admin\documents\coding2\softmedia\src\softmedia.tests\bin\debug\net9.0\softmedia.integrationtests.dll" id="d09369f8-f6f9-5d32-92ea-a9b9b4417f2b">
      <Execution id="d12d0ea7-7911-4651-965b-756ae297d018" />
      <TestMethod codeBase="C:\Users\Admin\Documents\coding2\SoftMedia\src\SoftMedia.Tests\bin\Debug\net9.0\SoftMedia.IntegrationTests.dll" adapterTypeName="executor://xunit/VsTestRunner2/netcoreapp" className="SoftMedia.Tests.FileWatcherTests" name="ClearIssue_ReturnsFalse_WhenIssueNotFound" />
    </UnitTest>
    <UnitTest name="SoftMedia.Tests.LibraryTests.CreateLibrary_AddsLibrary" storage="c:\users\admin\documents\coding2\softmedia\src\softmedia.tests\bin\debug\net9.0\softmedia.integrationtests.dll" id="ed099df2-7962-fb65-668b-a2327d41fb78">
      <Execution id="fd9e23fe-ece5-48f6-a65b-d43d17c71a3d" />
      <TestMethod codeBase="C:\Users\Admin\Documents\coding2\SoftMedia\src\SoftMedia.Tests\bin\Debug\net9.0\SoftMedia.IntegrationTests.dll" adapterTypeName="executor://xunit/VsTestRunner2/netcoreapp" className="SoftMedia.Tests.LibraryTests" name="CreateLibrary_AddsLibrary" />
    </UnitTest>
    <UnitTest name="SoftMedia.Tests.Integration.LibraryIntegrationTests.GetLibraries_ReturnsAllLibraries" storage="c:\users\admin\documents\coding2\softmedia\src\softmedia.tests\bin\debug\net9.0\softmedia.integrationtests.dll" id="75c56bc1-b353-7ae8-ce64-49c7bfd38d60">
      <Execution id="c53a5c15-b34f-4305-9fbd-3273e5cf8fdd" />
      <TestMethod codeBase="C:\Users\Admin\Documents\coding2\SoftMedia\src\SoftMedia.Tests\bin\Debug\net9.0\SoftMedia.IntegrationTests.dll" adapterTypeName="executor://xunit/VsTestRunner2/netcoreapp" className="SoftMedia.Tests.Integration.LibraryIntegrationTests" name="GetLibraries_ReturnsAllLibraries" />
    </UnitTest>
    <UnitTest name="SoftMedia.Tests.Services.FFmpegServiceTests.IsTranscodingDisabledAsync_ReturnsFalse_WhenEnabled" storage="c:\users\admin\documents\coding2\softmedia\src\softmedia.tests\bin\debug\net9.0\softmedia.integrationtests.dll" id="b393d623-ce6c-4982-2911-2655f015f873">
      <Execution id="5c275f0b-b44a-4e98-98ee-9660715d4635" />
      <TestMethod codeBase="C:\Users\Admin\Documents\coding2\SoftMedia\src\SoftMedia.Tests\bin\Debug\net9.0\SoftMedia.IntegrationTests.dll" adapterTypeName="executor://xunit/VsTestRunner2/netcoreapp" className="SoftMedia.Tests.Services.FFmpegServiceTests" name="IsTranscodingDisabledAsync_ReturnsFalse_WhenEnabled" />
    </UnitTest>
    <UnitTest name="SoftMedia.Tests.Services.TranscodingIntegrationTests.Integration_ChangeResolution_AffectsNextTranscode" storage="c:\users\admin\documents\coding2\softmedia\src\softmedia.tests\bin\debug\net9.0\softmedia.integrationtests.dll" id="ea2928bc-7f11-ba94-a412-05c8c5c8fb4c">
      <Execution id="818b178d-7cf8-4442-9a31-bdb26714d3ea" />
      <TestMethod codeBase="C:\Users\Admin\Documents\coding2\SoftMedia\src\SoftMedia.Tests\bin\Debug\net9.0\SoftMedia.IntegrationTests.dll" adapterTypeName="executor://xunit/VsTestRunner2/netcoreapp" className="SoftMedia.Tests.Services.TranscodingIntegrationTests" name="Integration_ChangeResolution_AffectsNextTranscode" />
    </UnitTest>
    <UnitTest name="SoftMedia.Tests.Integration.LibraryIntegrationTests.DeleteLibrary_RemovesFromDatabase" storage="c:\users\admin\documents\coding2\softmedia\src\softmedia.tests\bin\debug\net9.0\softmedia.integrationtests.dll" id="a9b8b9a7-b3e4-4313-e36e-e0d216f844fc">
      <Execution id="7ae039ea-cac0-4639-bc3f-d4f83d23710b" />
      <TestMethod codeBase="C:\Users\Admin\Documents\coding2\SoftMedia\src\SoftMedia.Tests\bin\Debug\net9.0\SoftMedia.IntegrationTests.dll" adapterTypeName="executor://xunit/VsTestRunner2/netcoreapp" className="SoftMedia.Tests.Integration.LibraryIntegrationTests" name="DeleteLibrary_RemovesFromDatabase" />
    </UnitTest>
    <UnitTest name="SoftMedia.Tests.Services.TranscodingIntegrationTests.Integration_ChangeHardwareAccel_AffectsNextTranscode" storage="c:\users\admin\documents\coding2\softmedia\src\softmedia.tests\bin\debug\net9.0\softmedia.integrationtests.dll" id="ad604d2c-2345-19a5-b9f8-c9ec74a2ef92">
      <Execution id="c8cd0487-e21e-4a19-aa13-3fbfcc0948aa" />
      <TestMethod codeBase="C:\Users\Admin\Documents\coding2\SoftMedia\src\SoftMedia.Tests\bin\Debug\net9.0\SoftMedia.IntegrationTests.dll" adapterTypeName="executor://xunit/VsTestRunner2/netcoreapp" className="SoftMedia.Tests.Services.TranscodingIntegrationTests" name="Integration_ChangeHardwareAccel_AffectsNextTranscode" />
    </UnitTest>
    <UnitTest name="SoftMedia.Tests.Services.TranscodingIntegrationTests.Integration_EnableDisableTranscoding_AffectsCheck" storage="c:\users\admin\documents\coding2\softmedia\src\softmedia.tests\bin\debug\net9.0\softmedia.integrationtests.dll" id="5bc6d5fa-39de-3196-bb66-7bfd05694508">
      <Execution id="2d619167-f007-44e1-9ac5-951b4443e5f8" />
      <TestMethod codeBase="C:\Users\Admin\Documents\coding2\SoftMedia\src\SoftMedia.Tests\bin\Debug\net9.0\SoftMedia.IntegrationTests.dll" adapterTypeName="executor://xunit/VsTestRunner2/netcoreapp" className="SoftMedia.Tests.Services.TranscodingIntegrationTests" name="Integration_EnableDisableTranscoding_AffectsCheck" />
    </UnitTest>
    <UnitTest name="SoftMedia.Tests.LibraryTests.GetLibraries_ReturnsOrderedLibraries" storage="c:\users\admin\documents\coding2\softmedia\src\softmedia.tests\bin\debug\net9.0\softmedia.integrationtests.dll" id="0bdd8cc9-20b4-84d7-9ad8-5403fc793d4d">
      <Execution id="bec9ab9f-eb51-4515-8c2a-096c78d4c9a3" />
      <TestMethod codeBase="C:\Users\Admin\Documents\coding2\SoftMedia\src\SoftMedia.Tests\bin\Debug\net9.0\SoftMedia.IntegrationTests.dll" adapterTypeName="executor://xunit/VsTestRunner2/netcoreapp" className="SoftMedia.Tests.LibraryTests" name="GetLibraries_ReturnsOrderedLibraries" />
    </UnitTest>
    <UnitTest name="SoftMedia.Tests.Services.TranscodingIntegrationTests.Integration_IntelHardwareAccel_IncludesHwaccelQsv" storage="c:\users\admin\documents\coding2\softmedia\src\softmedia.tests\bin\debug\net9.0\softmedia.integrationtests.dll" id="dd3b06c9-700c-ec8c-50dd-8ed40717fd57">
      <Execution id="6843dc94-8301-4a1b-b5e8-b503dc244500" />
      <TestMethod codeBase="C:\Users\Admin\Documents\coding2\SoftMedia\src\SoftMedia.Tests\bin\Debug\net9.0\SoftMedia.IntegrationTests.dll" adapterTypeName="executor://xunit/VsTestRunner2/netcoreapp" className="SoftMedia.Tests.Services.TranscodingIntegrationTests" name="Integration_IntelHardwareAccel_IncludesHwaccelQsv" />
    </UnitTest>
    <UnitTest name="SoftMedia.Tests.UserManagementTests.BanUser_BansUser" storage="c:\users\admin\documents\coding2\softmedia\src\softmedia.tests\bin\debug\net9.0\softmedia.integrationtests.dll" id="01291419-6268-bc41-5be9-20e2e9587291">
      <Execution id="ecf72794-ef30-4848-b828-39f5427635a3" />
      <TestMethod codeBase="C:\Users\Admin\Documents\coding2\SoftMedia\src\SoftMedia.Tests\bin\Debug\net9.0\SoftMedia.IntegrationTests.dll" adapterTypeName="executor://xunit/VsTestRunner2/netcoreapp" className="SoftMedia.Tests.UserManagementTests" name="BanUser_BansUser" />
    </UnitTest>
    <UnitTest name="SoftMedia.Tests.Services.TranscodingIntegrationTests.Integration_DefaultSettings_ApplyToTranscodeArguments" storage="c:\users\admin\documents\coding2\softmedia\src\softmedia.tests\bin\debug\net9.0\softmedia.integrationtests.dll" id="8be9396d-e77d-23c9-e431-01c99a363431">
      <Execution id="2d9274dc-ae5f-4274-9f2e-0b4d867dcf7f" />
      <TestMethod codeBase="C:\Users\Admin\Documents\coding2\SoftMedia\src\SoftMedia.Tests\bin\Debug\net9.0\SoftMedia.IntegrationTests.dll" adapterTypeName="executor://xunit/VsTestRunner2/netcoreapp" className="SoftMedia.Tests.Services.TranscodingIntegrationTests" name="Integration_DefaultSettings_ApplyToTranscodeArguments" />
    </UnitTest>
    <UnitTest name="SoftMedia.Tests.Services.TranscodingIntegrationTests.Integration_InvalidSettingValue_FallsBackToDefault" storage="c:\users\admin\documents\coding2\softmedia\src\softmedia.tests\bin\debug\net9.0\softmedia.integrationtests.dll" id="445cc062-0d37-3850-5313-9ea840b96290">
      <Execution id="54934b74-d4db-4ada-9950-e550685734b9" />
      <TestMethod codeBase="C:\Users\Admin\Documents\coding2\SoftMedia\src\SoftMedia.Tests\bin\Debug\net9.0\SoftMedia.IntegrationTests.dll" adapterTypeName="executor://xunit/VsTestRunner2/netcoreapp" className="SoftMedia.Tests.Services.TranscodingIntegrationTests" name="Integration_InvalidSettingValue_FallsBackToDefault" />
    </UnitTest>
    <UnitTest name="SoftMedia.Tests.AuthSecurityTests.Signup_WhenAllowSignupIsFalse_ShouldReturnForbidden" storage="c:\users\admin\documents\coding2\softmedia\src\softmedia.tests\bin\debug\net9.0\softmedia.integrationtests.dll" id="4174b022-fc7b-41b1-5b6b-a872f9f0e4bc">
      <Execution id="bad8141d-cd52-4f60-9c36-9b1144de915c" />
      <TestMethod codeBase="C:\Users\Admin\Documents\coding2\SoftMedia\src\SoftMedia.Tests\bin\Debug\net9.0\SoftMedia.IntegrationTests.dll" adapterTypeName="executor://xunit/VsTestRunner2/netcoreapp" className="SoftMedia.Tests.AuthSecurityTests" name="Signup_WhenAllowSignupIsFalse_ShouldReturnForbidden" />
    </UnitTest>
    <UnitTest name="SoftMedia.Tests.Services.TranscodingIntegrationTests.Integration_AmdHardwareAccel_IncludesHwaccelD3d11va" storage="c:\users\admin\documents\coding2\softmedia\src\softmedia.tests\bin\debug\net9.0\softmedia.integrationtests.dll" id="310f7956-5efd-020d-d857-36188b530390">
      <Execution id="8940bced-a9c0-4812-b4e9-e278f434d5bf" />
      <TestMethod codeBase="C:\Users\Admin\Documents\coding2\SoftMedia\src\SoftMedia.Tests\bin\Debug\net9.0\SoftMedia.IntegrationTests.dll" adapterTypeName="executor://xunit/VsTestRunner2/netcoreapp" className="SoftMedia.Tests.Services.TranscodingIntegrationTests" name="Integration_AmdHardwareAccel_IncludesHwaccelD3d11va" />
    </UnitTest>
    <UnitTest name="SoftMedia.Tests.LibraryTests.ReorderLibraries_UpdatesOrder" storage="c:\users\admin\documents\coding2\softmedia\src\softmedia.tests\bin\debug\net9.0\softmedia.integrationtests.dll" id="0d457943-2088-6265-d514-c42903f080f1">
      <Execution id="f8c49b90-143f-47a0-b3ee-713cc6c1b468" />
      <TestMethod codeBase="C:\Users\Admin\Documents\coding2\SoftMedia\src\SoftMedia.Tests\bin\Debug\net9.0\SoftMedia.IntegrationTests.dll" adapterTypeName="executor://xunit/VsTestRunner2/netcoreapp" className="SoftMedia.Tests.LibraryTests" name="ReorderLibraries_UpdatesOrder" />
    </UnitTest>
    <UnitTest name="SoftMedia.Tests.FileWatcherTests.GetFileIssues_ReturnsEmptyInitially" storage="c:\users\admin\documents\coding2\softmedia\src\softmedia.tests\bin\debug\net9.0\softmedia.integrationtests.dll" id="84558fe5-d7ee-ddff-9ade-a825b894ca96">
      <Execution id="abbb7f33-398d-4674-a7bf-9ff56d5a4175" />
      <TestMethod codeBase="C:\Users\Admin\Documents\coding2\SoftMedia\src\SoftMedia.Tests\bin\Debug\net9.0\SoftMedia.IntegrationTests.dll" adapterTypeName="executor://xunit/VsTestRunner2/netcoreapp" className="SoftMedia.Tests.FileWatcherTests" name="GetFileIssues_ReturnsEmptyInitially" />
    </UnitTest>
    <UnitTest name="SoftMedia.Tests.UserManagementTests.ApproveUser_ApprovesUser" storage="c:\users\admin\documents\coding2\softmedia\src\softmedia.tests\bin\debug\net9.0\softmedia.integrationtests.dll" id="c1e21d32-b604-b65c-4bce-afcab2505d4e">
      <Execution id="2631ebf1-7a22-4308-9d2b-06f2497d1b5f" />
      <TestMethod codeBase="C:\Users\Admin\Documents\coding2\SoftMedia\src\SoftMedia.Tests\bin\Debug\net9.0\SoftMedia.IntegrationTests.dll" adapterTypeName="executor://xunit/VsTestRunner2/netcoreapp" className="SoftMedia.Tests.UserManagementTests" name="ApproveUser_ApprovesUser" />
    </UnitTest>
    <UnitTest name="SoftMedia.Tests.AuthSecurityTests.Login_WhenUserIsNotApproved_ShouldReturnUnauthorized" storage="c:\users\admin\documents\coding2\softmedia\src\softmedia.tests\bin\debug\net9.0\softmedia.integrationtests.dll" id="41d0f70c-fdd1-9dc1-4481-717c601b4a5d">
      <Execution id="d38db6be-bfd9-4e01-9fb9-5f299b122a0c" />
      <TestMethod codeBase="C:\Users\Admin\Documents\coding2\SoftMedia\src\SoftMedia.Tests\bin\Debug\net9.0\SoftMedia.IntegrationTests.dll" adapterTypeName="executor://xunit/VsTestRunner2/netcoreapp" className="SoftMedia.Tests.AuthSecurityTests" name="Login_WhenUserIsNotApproved_ShouldReturnUnauthorized" />
    </UnitTest>
    <UnitTest name="SoftMedia.Tests.Integration.UserMediaInteractionIntegrationTests.ToggleFavoriteAsync_CreatesInteraction" storage="c:\users\admin\documents\coding2\softmedia\src\softmedia.tests\bin\debug\net9.0\softmedia.integrationtests.dll" id="33626d88-9b9a-77dc-6ab7-5b8c77e13dcd">
      <Execution id="8753f342-d1c7-43fd-88d4-ecc2ec35ec04" />
      <TestMethod codeBase="C:\Users\Admin\Documents\coding2\SoftMedia\src\SoftMedia.Tests\bin\Debug\net9.0\SoftMedia.IntegrationTests.dll" adapterTypeName="executor://xunit/VsTestRunner2/netcoreapp" className="SoftMedia.Tests.Integration.UserMediaInteractionIntegrationTests" name="ToggleFavoriteAsync_CreatesInteraction" />
    </UnitTest>
    <UnitTest name="SoftMedia.Tests.Integration.UserMediaInteractionIntegrationTests.ToggleFavoriteAsync_UpdatesExisting" storage="c:\users\admin\documents\coding2\softmedia\src\softmedia.tests\bin\debug\net9.0\softmedia.integrationtests.dll" id="74ea743b-16b3-efdc-70bc-2580970c2239">
      <Execution id="cedb1493-913b-45fe-9478-bfd6e74ef4dc" />
      <TestMethod codeBase="C:\Users\Admin\Documents\coding2\SoftMedia\src\SoftMedia.Tests\bin\Debug\net9.0\SoftMedia.IntegrationTests.dll" adapterTypeName="executor://xunit/VsTestRunner2/netcoreapp" className="SoftMedia.Tests.Integration.UserMediaInteractionIntegrationTests" name="ToggleFavoriteAsync_UpdatesExisting" />
    </UnitTest>
    <UnitTest name="SoftMedia.Tests.Services.TranscodingIntegrationTests.Integration_MissingSettingKey_UsesDefault" storage="c:\users\admin\documents\coding2\softmedia\src\softmedia.tests\bin\debug\net9.0\softmedia.integrationtests.dll" id="5fe61cd0-4616-edfe-e622-aa85801fd94b">
      <Execution id="496effae-5d57-4b88-a094-2e0a06250b8a" />
      <TestMethod codeBase="C:\Users\Admin\Documents\coding2\SoftMedia\src\SoftMedia.Tests\bin\Debug\net9.0\SoftMedia.IntegrationTests.dll" adapterTypeName="executor://xunit/VsTestRunner2/netcoreapp" className="SoftMedia.Tests.Services.TranscodingIntegrationTests" name="Integration_MissingSettingKey_UsesDefault" />
    </UnitTest>
    <UnitTest name="SoftMedia.Tests.UserManagementTests.DenyUser_DeniesUser" storage="c:\users\admin\documents\coding2\softmedia\src\softmedia.tests\bin\debug\net9.0\softmedia.integrationtests.dll" id="c7a61cfe-da5a-1d28-d072-42770f5c85c5">
      <Execution id="b329c9e5-b897-4d93-8c78-30d9c6190a92" />
      <TestMethod codeBase="C:\Users\Admin\Documents\coding2\SoftMedia\src\SoftMedia.Tests\bin\Debug\net9.0\SoftMedia.IntegrationTests.dll" adapterTypeName="executor://xunit/VsTestRunner2/netcoreapp" className="SoftMedia.Tests.UserManagementTests" name="DenyUser_DeniesUser" />
    </UnitTest>
    <UnitTest name="SoftMedia.Tests.UserManagementTests.CreateUser_CreatesUser" storage="c:\users\admin\documents\coding2\softmedia\src\softmedia.tests\bin\debug\net9.0\softmedia.integrationtests.dll" id="c047b1e0-d1fc-5125-8895-00fcf98c73d3">
      <Execution id="574ddc97-7201-4d6e-9768-187060942251" />
      <TestMethod codeBase="C:\Users\Admin\Documents\coding2\SoftMedia\src\SoftMedia.Tests\bin\Debug\net9.0\SoftMedia.IntegrationTests.dll" adapterTypeName="executor://xunit/VsTestRunner2/netcoreapp" className="SoftMedia.Tests.UserManagementTests" name="CreateUser_CreatesUser" />
    </UnitTest>
    <UnitTest name="SoftMedia.Tests.Services.TranscodingIntegrationTests.Integration_ChangeCRF_AffectsNextTranscode" storage="c:\users\admin\documents\coding2\softmedia\src\softmedia.tests\bin\debug\net9.0\softmedia.integrationtests.dll" id="a9e8cff0-77ad-bbd2-ebd9-751711504a9e">
      <Execution id="e4111499-09df-46da-81dd-80ba400b3e92" />
      <TestMethod codeBase="C:\Users\Admin\Documents\coding2\SoftMedia\src\SoftMedia.Tests\bin\Debug\net9.0\SoftMedia.IntegrationTests.dll" adapterTypeName="executor://xunit/VsTestRunner2/netcoreapp" className="SoftMedia.Tests.Services.TranscodingIntegrationTests" name="Integration_ChangeCRF_AffectsNextTranscode" />
    </UnitTest>
    <UnitTest name="SoftMedia.Tests.Services.TranscodingIntegrationTests.Integration_ChangeThreadCount_AffectsNextTranscode" storage="c:\users\admin\documents\coding2\softmedia\src\softmedia.tests\bin\debug\net9.0\softmedia.integrationtests.dll" id="24d5cbed-dd6b-659a-a32a-ff88897d2506">
      <Execution id="3a3c2d22-e56f-47d0-a5ad-0fea460821a1" />
      <TestMethod codeBase="C:\Users\Admin\Documents\coding2\SoftMedia\src\SoftMedia.Tests\bin\Debug\net9.0\SoftMedia.IntegrationTests.dll" adapterTypeName="executor://xunit/VsTestRunner2/netcoreapp" className="SoftMedia.Tests.Services.TranscodingIntegrationTests" name="Integration_ChangeThreadCount_AffectsNextTranscode" />
    </UnitTest>
    <UnitTest name="SoftMedia.Tests.Integration.UserMediaInteractionIntegrationTests.UpdateProgressAsync_UpdatesPosition" storage="c:\users\admin\documents\coding2\softmedia\src\softmedia.tests\bin\debug\net9.0\softmedia.integrationtests.dll" id="c9d5b17e-1791-fe3e-9cf0-5625baee3f90">
      <Execution id="f233c13b-ddf8-47fd-8307-f895fa5b78f6" />
      <TestMethod codeBase="C:\Users\Admin\Documents\coding2\SoftMedia\src\SoftMedia.Tests\bin\Debug\net9.0\SoftMedia.IntegrationTests.dll" adapterTypeName="executor://xunit/VsTestRunner2/netcoreapp" className="SoftMedia.Tests.Integration.UserMediaInteractionIntegrationTests" name="UpdateProgressAsync_UpdatesPosition" />
    </UnitTest>
    <UnitTest name="SoftMedia.Tests.Services.FFmpegServiceTests.IsTranscodingDisabledAsync_ReturnsTrue_WhenDisabled" storage="c:\users\admin\documents\coding2\softmedia\src\softmedia.tests\bin\debug\net9.0\softmedia.integrationtests.dll" id="3c975109-591e-a76d-a626-1c8e98903049">
      <Execution id="aeb09a03-423d-4311-a0c1-9417f7e9fc34" />
      <TestMethod codeBase="C:\Users\Admin\Documents\coding2\SoftMedia\src\SoftMedia.Tests\bin\Debug\net9.0\SoftMedia.IntegrationTests.dll" adapterTypeName="executor://xunit/VsTestRunner2/netcoreapp" className="SoftMedia.Tests.Services.FFmpegServiceTests" name="IsTranscodingDisabledAsync_ReturnsTrue_WhenDisabled" />
    </UnitTest>
    <UnitTest name="SoftMedia.Tests.Integration.UserMediaInteractionIntegrationTests.RateMediaAsync_RemovesInteraction_IfNullRatingAndNoOtherState" storage="c:\users\admin\documents\coding2\softmedia\src\softmedia.tests\bin\debug\net9.0\softmedia.integrationtests.dll" id="de340829-6c5f-2cb6-f451-a2fec211a26a">
      <Execution id="3395351a-8265-42df-af5d-6fe61b559d71" />
      <TestMethod codeBase="C:\Users\Admin\Documents\coding2\SoftMedia\src\SoftMedia.Tests\bin\Debug\net9.0\SoftMedia.IntegrationTests.dll" adapterTypeName="executor://xunit/VsTestRunner2/netcoreapp" className="SoftMedia.Tests.Integration.UserMediaInteractionIntegrationTests" name="RateMediaAsync_RemovesInteraction_IfNullRatingAndNoOtherState" />
    </UnitTest>
    <UnitTest name="SoftMedia.Tests.FileWatcherTests.FileWatcherIssue_HasCorrectProperties" storage="c:\users\admin\documents\coding2\softmedia\src\softmedia.tests\bin\debug\net9.0\softmedia.integrationtests.dll" id="8eb0e247-f1c7-67fd-f985-441319095668">
      <Execution id="339a6b28-45b6-440a-8774-a9016ea7f875" />
      <TestMethod codeBase="C:\Users\Admin\Documents\coding2\SoftMedia\src\SoftMedia.Tests\bin\Debug\net9.0\SoftMedia.IntegrationTests.dll" adapterTypeName="executor://xunit/VsTestRunner2/netcoreapp" className="SoftMedia.Tests.FileWatcherTests" name="FileWatcherIssue_HasCorrectProperties" />
    </UnitTest>
    <UnitTest name="SoftMedia.Tests.Services.TranscodingIntegrationTests.Integration_ChangeMultipleSettings_AllApplyToNextTranscode" storage="c:\users\admin\documents\coding2\softmedia\src\softmedia.tests\bin\debug\net9.0\softmedia.integrationtests.dll" id="00c225ef-8848-7dae-a06f-73b97bad3ac9">
      <Execution id="0ece43af-f541-4f65-978b-28d31a6f0ac6" />
      <TestMethod codeBase="C:\Users\Admin\Documents\coding2\SoftMedia\src\SoftMedia.Tests\bin\Debug\net9.0\SoftMedia.IntegrationTests.dll" adapterTypeName="executor://xunit/VsTestRunner2/netcoreapp" className="SoftMedia.Tests.Services.TranscodingIntegrationTests" name="Integration_ChangeMultipleSettings_AllApplyToNextTranscode" />
    </UnitTest>
    <UnitTest name="SoftMedia.Tests.Services.PasswordHasherTests.HashPassword_ReturnsHashString" storage="c:\users\admin\documents\coding2\softmedia\src\softmedia.tests\bin\debug\net9.0\softmedia.integrationtests.dll" id="f45bb883-eb6d-92fb-229f-aa0cdbda49dc">
      <Execution id="1d98c98d-50b3-4a72-ae5c-ebea08f5bd17" />
      <TestMethod codeBase="C:\Users\Admin\Documents\coding2\SoftMedia\src\SoftMedia.Tests\bin\Debug\net9.0\SoftMedia.IntegrationTests.dll" adapterTypeName="executor://xunit/VsTestRunner2/netcoreapp" className="SoftMedia.Tests.Services.PasswordHasherTests" name="HashPassword_ReturnsHashString" />
    </UnitTest>
    <UnitTest name="SoftMedia.Tests.Integration.UserMediaInteractionIntegrationTests.MarkWatchedAsync_UpdatesStatusAndResetProgress" storage="c:\users\admin\documents\coding2\softmedia\src\softmedia.tests\bin\debug\net9.0\softmedia.integrationtests.dll" id="cafa6d83-08af-6842-2ffb-e8ebaafc6384">
      <Execution id="97758678-c446-41cd-88b6-a642e547c161" />
      <TestMethod codeBase="C:\Users\Admin\Documents\coding2\SoftMedia\src\SoftMedia.Tests\bin\Debug\net9.0\SoftMedia.IntegrationTests.dll" adapterTypeName="executor://xunit/VsTestRunner2/netcoreapp" className="SoftMedia.Tests.Integration.UserMediaInteractionIntegrationTests" name="MarkWatchedAsync_UpdatesStatusAndResetProgress" />
    </UnitTest>
    <UnitTest name="SoftMedia.Tests.Integration.UserMediaInteractionIntegrationTests.RateMediaAsync_UpdatesExistingRating" storage="c:\users\admin\documents\coding2\softmedia\src\softmedia.tests\bin\debug\net9.0\softmedia.integrationtests.dll" id="72ab414a-c6b5-4d4c-7d64-553b626a220b">
      <Execution id="bafef995-1752-42c2-ac72-025605614fc9" />
      <TestMethod codeBase="C:\Users\Admin\Documents\coding2\SoftMedia\src\SoftMedia.Tests\bin\Debug\net9.0\SoftMedia.IntegrationTests.dll" adapterTypeName="executor://xunit/VsTestRunner2/netcoreapp" className="SoftMedia.Tests.Integration.UserMediaInteractionIntegrationTests" name="RateMediaAsync_UpdatesExistingRating" />
    </UnitTest>
    <UnitTest name="SoftMedia.Tests.FileWatcherTests.RetryFile_ReturnsFalse_WhenIssueNotFound" storage="c:\users\admin\documents\coding2\softmedia\src\softmedia.tests\bin\debug\net9.0\softmedia.integrationtests.dll" id="b4510a53-8482-2097-3495-d2c88b75d3fd">
      <Execution id="8116e720-927d-4b0b-b2c8-04ac84c18a1c" />
      <TestMethod codeBase="C:\Users\Admin\Documents\coding2\SoftMedia\src\SoftMedia.Tests\bin\Debug\net9.0\SoftMedia.IntegrationTests.dll" adapterTypeName="executor://xunit/VsTestRunner2/netcoreapp" className="SoftMedia.Tests.FileWatcherTests" name="RetryFile_ReturnsFalse_WhenIssueNotFound" />
    </UnitTest>
    <UnitTest name="SoftMedia.Tests.Services.TranscodingIntegrationTests.Integration_ChangePreset_AffectsNextTranscode" storage="c:\users\admin\documents\coding2\softmedia\src\softmedia.tests\bin\debug\net9.0\softmedia.integrationtests.dll" id="a60f5dc2-4cb1-fb3e-ead4-9d6eb05e8760">
      <Execution id="90a41ae5-94ec-4e34-8124-a36c9e98c231" />
      <TestMethod codeBase="C:\Users\Admin\Documents\coding2\SoftMedia\src\SoftMedia.Tests\bin\Debug\net9.0\SoftMedia.IntegrationTests.dll" adapterTypeName="executor://xunit/VsTestRunner2/netcoreapp" className="SoftMedia.Tests.Services.TranscodingIntegrationTests" name="Integration_ChangePreset_AffectsNextTranscode" />
    </UnitTest>
    <UnitTest name="SoftMedia.Tests.Integration.UserMediaInteractionIntegrationTests.RateMediaAsync_CreatesInteractionAndUpdatesAverage" storage="c:\users\admin\documents\coding2\softmedia\src\softmedia.tests\bin\debug\net9.0\softmedia.integrationtests.dll" id="f17d60ab-61d0-db88-2b34-541be5a452f7">
      <Execution id="1eb452f6-9777-4f3a-a9f7-2b80450b6f38" />
      <TestMethod codeBase="C:\Users\Admin\Documents\coding2\SoftMedia\src\SoftMedia.Tests\bin\Debug\net9.0\SoftMedia.IntegrationTests.dll" adapterTypeName="executor://xunit/VsTestRunner2/netcoreapp" className="SoftMedia.Tests.Integration.UserMediaInteractionIntegrationTests" name="RateMediaAsync_CreatesInteractionAndUpdatesAverage" />
    </UnitTest>
    <UnitTest name="SoftMedia.Tests.Services.TranscodingIntegrationTests.Integration_RevertToDefaults_WorksCorrectly" storage="c:\users\admin\documents\coding2\softmedia\src\softmedia.tests\bin\debug\net9.0\softmedia.integrationtests.dll" id="4949cd7b-b143-8afc-ca49-e418a8d3ea72">
      <Execution id="23cd6f64-b1a1-4c9b-8765-c50c6cf21c52" />
      <TestMethod codeBase="C:\Users\Admin\Documents\coding2\SoftMedia\src\SoftMedia.Tests\bin\Debug\net9.0\SoftMedia.IntegrationTests.dll" adapterTypeName="executor://xunit/VsTestRunner2/netcoreapp" className="SoftMedia.Tests.Services.TranscodingIntegrationTests" name="Integration_RevertToDefaults_WorksCorrectly" />
    </UnitTest>
    <UnitTest name="SoftMedia.Tests.UserManagementTests.UpdateUserRatings_UpdatesRatings" storage="c:\users\admin\documents\coding2\softmedia\src\softmedia.tests\bin\debug\net9.0\softmedia.integrationtests.dll" id="4bddc169-fcd3-8e28-d0d8-0ef89e578f11">
      <Execution id="8e508e5b-d2a9-4266-9f00-3c259e2fb087" />
      <TestMethod codeBase="C:\Users\Admin\Documents\coding2\SoftMedia\src\SoftMedia.Tests\bin\Debug\net9.0\SoftMedia.IntegrationTests.dll" adapterTypeName="executor://xunit/VsTestRunner2/netcoreapp" className="SoftMedia.Tests.UserManagementTests" name="UpdateUserRatings_UpdatesRatings" />
    </UnitTest>
    <UnitTest name="SoftMedia.Tests.UserManagementTests.ResetUserPassword_UpdatesPasswordHash" storage="c:\users\admin\documents\coding2\softmedia\src\softmedia.tests\bin\debug\net9.0\softmedia.integrationtests.dll" id="a2796cfe-8f2e-d939-142d-9c6006d25afd">
      <Execution id="017a3aea-9293-4a29-88df-4bbdf7e08677" />
      <TestMethod codeBase="C:\Users\Admin\Documents\coding2\SoftMedia\src\SoftMedia.Tests\bin\Debug\net9.0\SoftMedia.IntegrationTests.dll" adapterTypeName="executor://xunit/VsTestRunner2/netcoreapp" className="SoftMedia.Tests.UserManagementTests" name="ResetUserPassword_UpdatesPasswordHash" />
    </UnitTest>
    <UnitTest name="SoftMedia.Tests.AuthSecurityTests.Signup_FirstUser_ShouldBeAdminAndApproved" storage="c:\users\admin\documents\coding2\softmedia\src\softmedia.tests\bin\debug\net9.0\softmedia.integrationtests.dll" id="3fe8f71a-af76-d560-d244-14292687aa8b">
      <Execution id="a0cc609d-5a13-45b2-88e9-0356d9f9eb28" />
      <TestMethod codeBase="C:\Users\Admin\Documents\coding2\SoftMedia\src\SoftMedia.Tests\bin\Debug\net9.0\SoftMedia.IntegrationTests.dll" adapterTypeName="executor://xunit/VsTestRunner2/netcoreapp" className="SoftMedia.Tests.AuthSecurityTests" name="Signup_FirstUser_ShouldBeAdminAndApproved" />
    </UnitTest>
    <UnitTest name="SoftMedia.Tests.UserManagementTests.UpdateUserRole_UpdatesRole" storage="c:\users\admin\documents\coding2\softmedia\src\softmedia.tests\bin\debug\net9.0\softmedia.integrationtests.dll" id="d92a411d-7bc4-f78c-e9d1-efdc4aeef73d">
      <Execution id="21af821b-61fa-4c45-b9c1-841c38f373be" />
      <TestMethod codeBase="C:\Users\Admin\Documents\coding2\SoftMedia\src\SoftMedia.Tests\bin\Debug\net9.0\SoftMedia.IntegrationTests.dll" adapterTypeName="executor://xunit/VsTestRunner2/netcoreapp" className="SoftMedia.Tests.UserManagementTests" name="UpdateUserRole_UpdatesRole" />
    </UnitTest>
    <UnitTest name="SoftMedia.Tests.Services.FFmpegServiceTests.ProbeMediaAsync_ReturnsNull_OnFailure" storage="c:\users\admin\documents\coding2\softmedia\src\softmedia.tests\bin\debug\net9.0\softmedia.integrationtests.dll" id="80c1bb01-59e0-82d9-6971-840c0ef98fc6">
      <Execution id="73b68358-6183-4eba-ba23-7c78f8fe3aa6" />
      <TestMethod codeBase="C:\Users\Admin\Documents\coding2\SoftMedia\src\SoftMedia.Tests\bin\Debug\net9.0\SoftMedia.IntegrationTests.dll" adapterTypeName="executor://xunit/VsTestRunner2/netcoreapp" className="SoftMedia.Tests.Services.FFmpegServiceTests" name="ProbeMediaAsync_ReturnsNull_OnFailure" />
    </UnitTest>
    <UnitTest name="SoftMedia.Tests.UserManagementTests.BanUser_CannotBanSelf" storage="c:\users\admin\documents\coding2\softmedia\src\softmedia.tests\bin\debug\net9.0\softmedia.integrationtests.dll" id="fee4c404-6284-0c18-62e6-74db82b1a630">
      <Execution id="4ce4ae5b-ce2d-4767-b979-22912f7de43a" />
      <TestMethod codeBase="C:\Users\Admin\Documents\coding2\SoftMedia\src\SoftMedia.Tests\bin\Debug\net9.0\SoftMedia.IntegrationTests.dll" adapterTypeName="executor://xunit/VsTestRunner2/netcoreapp" className="SoftMedia.Tests.UserManagementTests" name="BanUser_CannotBanSelf" />
    </UnitTest>
    <UnitTest name="SoftMedia.Tests.FileWatcherTests.FileWatcherIssueStatus_HasCorrectValues" storage="c:\users\admin\documents\coding2\softmedia\src\softmedia.tests\bin\debug\net9.0\softmedia.integrationtests.dll" id="4de637cd-2b31-9899-9ec4-521343fc43b8">
      <Execution id="8b5acdfb-bd31-429c-bee3-4c4770c85ec0" />
      <TestMethod codeBase="C:\Users\Admin\Documents\coding2\SoftMedia\src\SoftMedia.Tests\bin\Debug\net9.0\SoftMedia.IntegrationTests.dll" adapterTypeName="executor://xunit/VsTestRunner2/netcoreapp" className="SoftMedia.Tests.FileWatcherTests" name="FileWatcherIssueStatus_HasCorrectValues" />
    </UnitTest>
    <UnitTest name="SoftMedia.Tests.Services.FFmpegServiceTests.ProbeMediaAsync_ReturnsCorrectMetadata" storage="c:\users\admin\documents\coding2\softmedia\src\softmedia.tests\bin\debug\net9.0\softmedia.integrationtests.dll" id="7dab2800-5cc1-2019-caaf-e7febc1cba08">
      <Execution id="06f2b1f1-2b8a-4019-8e45-7eec071b3efb" />
      <TestMethod codeBase="C:\Users\Admin\Documents\coding2\SoftMedia\src\SoftMedia.Tests\bin\Debug\net9.0\SoftMedia.IntegrationTests.dll" adapterTypeName="executor://xunit/VsTestRunner2/netcoreapp" className="SoftMedia.Tests.Services.FFmpegServiceTests" name="ProbeMediaAsync_ReturnsCorrectMetadata" />
    </UnitTest>
    <UnitTest name="SoftMedia.Tests.UserManagementTests.DeleteUser_DeletesUser" storage="c:\users\admin\documents\coding2\softmedia\src\softmedia.tests\bin\debug\net9.0\softmedia.integrationtests.dll" id="204d3af4-495f-e8a4-5df6-5a3779b02c9e">
      <Execution id="61e67395-3c4c-4016-a782-f82e924ae518" />
      <TestMethod codeBase="C:\Users\Admin\Documents\coding2\SoftMedia\src\SoftMedia.Tests\bin\Debug\net9.0\SoftMedia.IntegrationTests.dll" adapterTypeName="executor://xunit/VsTestRunner2/netcoreapp" className="SoftMedia.Tests.UserManagementTests" name="DeleteUser_DeletesUser" />
    </UnitTest>
    <UnitTest name="SoftMedia.Tests.Integration.LibraryIntegrationTests.CreateLibrary_PersistsToDatabase" storage="c:\users\admin\documents\coding2\softmedia\src\softmedia.tests\bin\debug\net9.0\softmedia.integrationtests.dll" id="89350e42-76a9-193f-72f2-1039e85792c0">
      <Execution id="472abef9-bcdd-421e-b7db-61af22fe5a11" />
      <TestMethod codeBase="C:\Users\Admin\Documents\coding2\SoftMedia\src\SoftMedia.Tests\bin\Debug\net9.0\SoftMedia.IntegrationTests.dll" adapterTypeName="executor://xunit/VsTestRunner2/netcoreapp" className="SoftMedia.Tests.Integration.LibraryIntegrationTests" name="CreateLibrary_PersistsToDatabase" />
    </UnitTest>
    <UnitTest name="SoftMedia.Tests.Services.TranscodingIntegrationTests.Integration_NvidiaHardwareAccel_IncludesHwaccelCuda" storage="c:\users\admin\documents\coding2\softmedia\src\softmedia.tests\bin\debug\net9.0\softmedia.integrationtests.dll" id="c71fa3e1-66cd-bfc0-662e-7a949f4dbdec">
      <Execution id="214be1a6-bc1a-4c85-84ad-70f25123339f" />
      <TestMethod codeBase="C:\Users\Admin\Documents\coding2\SoftMedia\src\SoftMedia.Tests\bin\Debug\net9.0\SoftMedia.IntegrationTests.dll" adapterTypeName="executor://xunit/VsTestRunner2/netcoreapp" className="SoftMedia.Tests.Services.TranscodingIntegrationTests" name="Integration_NvidiaHardwareAccel_IncludesHwaccelCuda" />
    </UnitTest>
    <UnitTest name="SoftMedia.Tests.Services.FFmpegServiceTests.IsTranscodingDisabledAsync_ReturnsFalse_OnInvalidValue" storage="c:\users\admin\documents\coding2\softmedia\src\softmedia.tests\bin\debug\net9.0\softmedia.integrationtests.dll" id="168c9195-c0f9-1283-bfe9-b92f30795099">
      <Execution id="24bcb9bd-600f-488c-a8eb-31c3d8f5061a" />
      <TestMethod codeBase="C:\Users\Admin\Documents\coding2\SoftMedia\src\SoftMedia.Tests\bin\Debug\net9.0\SoftMedia.IntegrationTests.dll" adapterTypeName="executor://xunit/VsTestRunner2/netcoreapp" className="SoftMedia.Tests.Services.FFmpegServiceTests" name="IsTranscodingDisabledAsync_ReturnsFalse_OnInvalidValue" />
    </UnitTest>
    <UnitTest name="SoftMedia.Tests.Services.TranscodingIntegrationTests.Integration_EnableTranscoding_DefaultIsTrue" storage="c:\users\admin\documents\coding2\softmedia\src\softmedia.tests\bin\debug\net9.0\softmedia.integrationtests.dll" id="578bb1db-7c12-1b45-077a-f1acfce206de">
      <Execution id="51449405-0725-4cfe-a830-5cf0893bf8bb" />
      <TestMethod codeBase="C:\Users\Admin\Documents\coding2\SoftMedia\src\SoftMedia.Tests\bin\Debug\net9.0\SoftMedia.IntegrationTests.dll" adapterTypeName="executor://xunit/VsTestRunner2/netcoreapp" className="SoftMedia.Tests.Services.TranscodingIntegrationTests" name="Integration_EnableTranscoding_DefaultIsTrue" />
    </UnitTest>
    <UnitTest name="SoftMedia.Tests.Services.PasswordHasherTests.VerifyPassword_ReturnsTrue_ForCorrectPassword" storage="c:\users\admin\documents\coding2\softmedia\src\softmedia.tests\bin\debug\net9.0\softmedia.integrationtests.dll" id="623cdd29-a9ed-be04-b70c-22844a874a0a">
      <Execution id="ec9031ae-9e13-4302-b5e9-5f4b18e285d7" />
      <TestMethod codeBase="C:\Users\Admin\Documents\coding2\SoftMedia\src\SoftMedia.Tests\bin\Debug\net9.0\SoftMedia.IntegrationTests.dll" adapterTypeName="executor://xunit/VsTestRunner2/netcoreapp" className="SoftMedia.Tests.Services.PasswordHasherTests" name="VerifyPassword_ReturnsTrue_ForCorrectPassword" />
    </UnitTest>
    <UnitTest name="SoftMedia.Tests.Services.TranscodingIntegrationTests.Integration_NoHardwareAccel_NoHwaccelFlags" storage="c:\users\admin\documents\coding2\softmedia\src\softmedia.tests\bin\debug\net9.0\softmedia.integrationtests.dll" id="0fab1b82-589a-317e-4b3a-d0b724e88a51">
      <Execution id="2e32ba33-1bb3-4e5a-a724-b4de8434702b" />
      <TestMethod codeBase="C:\Users\Admin\Documents\coding2\SoftMedia\src\SoftMedia.Tests\bin\Debug\net9.0\SoftMedia.IntegrationTests.dll" adapterTypeName="executor://xunit/VsTestRunner2/netcoreapp" className="SoftMedia.Tests.Services.TranscodingIntegrationTests" name="Integration_NoHardwareAccel_NoHwaccelFlags" />
    </UnitTest>
    <UnitTest name="SoftMedia.Tests.UserManagementTests.GetUsers_ReturnsAllUsers" storage="c:\users\admin\documents\coding2\softmedia\src\softmedia.tests\bin\debug\net9.0\softmedia.integrationtests.dll" id="891f33fe-e59e-45a5-fc2f-9d3ad090fa4e">
      <Execution id="6f4f5359-c3b5-418d-b64f-0e63dc2417d3" />
      <TestMethod codeBase="C:\Users\Admin\Documents\coding2\SoftMedia\src\SoftMedia.Tests\bin\Debug\net9.0\SoftMedia.IntegrationTests.dll" adapterTypeName="executor://xunit/VsTestRunner2/netcoreapp" className="SoftMedia.Tests.UserManagementTests" name="GetUsers_ReturnsAllUsers" />
    </UnitTest>
    <UnitTest name="SoftMedia.Tests.UnitTest1.Test1" storage="c:\users\admin\documents\coding2\softmedia\src\softmedia.tests\bin\debug\net9.0\softmedia.integrationtests.dll" id="b240c5eb-a105-089f-3d83-a26be7ae2345">
      <Execution id="2b0cf543-0302-416c-ab6f-5e16b9b3231c" />
      <TestMethod codeBase="C:\Users\Admin\Documents\coding2\SoftMedia\src\SoftMedia.Tests\bin\Debug\net9.0\SoftMedia.IntegrationTests.dll" adapterTypeName="executor://xunit/VsTestRunner2/netcoreapp" className="SoftMedia.Tests.UnitTest1" name="Test1" />
    </UnitTest>
  </TestDefinitions>
  <TestEntries>
    <TestEntry testId="cafa6d83-08af-6842-2ffb-e8ebaafc6384" executionId="97758678-c446-41cd-88b6-a642e547c161" testListId="8c84fa94-04c1-424b-9868-57a2d4851a1d" />
    <TestEntry testId="f45bb883-eb6d-92fb-229f-aa0cdbda49dc" executionId="1d98c98d-50b3-4a72-ae5c-ebea08f5bd17" testListId="8c84fa94-04c1-424b-9868-57a2d4851a1d" />
    <TestEntry testId="00c225ef-8848-7dae-a06f-73b97bad3ac9" executionId="0ece43af-f541-4f65-978b-28d31a6f0ac6" testListId="8c84fa94-04c1-424b-9868-57a2d4851a1d" />
    <TestEntry testId="a2796cfe-8f2e-d939-142d-9c6006d25afd" executionId="017a3aea-9293-4a29-88df-4bbdf7e08677" testListId="8c84fa94-04c1-424b-9868-57a2d4851a1d" />
    <TestEntry testId="445cc062-0d37-3850-5313-9ea840b96290" executionId="54934b74-d4db-4ada-9950-e550685734b9" testListId="8c84fa94-04c1-424b-9868-57a2d4851a1d" />
    <TestEntry testId="3c975109-591e-a76d-a626-1c8e98903049" executionId="aeb09a03-423d-4311-a0c1-9417f7e9fc34" testListId="8c84fa94-04c1-424b-9868-57a2d4851a1d" />
    <TestEntry testId="33626d88-9b9a-77dc-6ab7-5b8c77e13dcd" executionId="8753f342-d1c7-43fd-88d4-ecc2ec35ec04" testListId="8c84fa94-04c1-424b-9868-57a2d4851a1d" />
    <TestEntry testId="5bc6d5fa-39de-3196-bb66-7bfd05694508" executionId="2d619167-f007-44e1-9ac5-951b4443e5f8" testListId="8c84fa94-04c1-424b-9868-57a2d4851a1d" />
    <TestEntry testId="623cdd29-a9ed-be04-b70c-22844a874a0a" executionId="ec9031ae-9e13-4302-b5e9-5f4b18e285d7" testListId="8c84fa94-04c1-424b-9868-57a2d4851a1d" />
    <TestEntry testId="310f7956-5efd-020d-d857-36188b530390" executionId="8940bced-a9c0-4812-b4e9-e278f434d5bf" testListId="8c84fa94-04c1-424b-9868-57a2d4851a1d" />
    <TestEntry testId="ad604d2c-2345-19a5-b9f8-c9ec74a2ef92" executionId="c8cd0487-e21e-4a19-aa13-3fbfcc0948aa" testListId="8c84fa94-04c1-424b-9868-57a2d4851a1d" />
    <TestEntry testId="4949cd7b-b143-8afc-ca49-e418a8d3ea72" executionId="23cd6f64-b1a1-4c9b-8765-c50c6cf21c52" testListId="8c84fa94-04c1-424b-9868-57a2d4851a1d" />
    <TestEntry testId="b393d623-ce6c-4982-2911-2655f015f873" executionId="5c275f0b-b44a-4e98-98ee-9660715d4635" testListId="8c84fa94-04c1-424b-9868-57a2d4851a1d" />
    <TestEntry testId="0d457943-2088-6265-d514-c42903f080f1" executionId="f8c49b90-143f-47a0-b3ee-713cc6c1b468" testListId="8c84fa94-04c1-424b-9868-57a2d4851a1d" />
    <TestEntry testId="fee4c404-6284-0c18-62e6-74db82b1a630" executionId="4ce4ae5b-ce2d-4767-b979-22912f7de43a" testListId="8c84fa94-04c1-424b-9868-57a2d4851a1d" />
    <TestEntry testId="de340829-6c5f-2cb6-f451-a2fec211a26a" executionId="3395351a-8265-42df-af5d-6fe61b559d71" testListId="8c84fa94-04c1-424b-9868-57a2d4851a1d" />
    <TestEntry testId="84558fe5-d7ee-ddff-9ade-a825b894ca96" executionId="abbb7f33-398d-4674-a7bf-9ff56d5a4175" testListId="8c84fa94-04c1-424b-9868-57a2d4851a1d" />
    <TestEntry testId="8be9396d-e77d-23c9-e431-01c99a363431" executionId="2d9274dc-ae5f-4274-9f2e-0b4d867dcf7f" testListId="8c84fa94-04c1-424b-9868-57a2d4851a1d" />
    <TestEntry testId="204d3af4-495f-e8a4-5df6-5a3779b02c9e" executionId="61e67395-3c4c-4016-a782-f82e924ae518" testListId="8c84fa94-04c1-424b-9868-57a2d4851a1d" />
    <TestEntry testId="3fe8f71a-af76-d560-d244-14292687aa8b" executionId="a0cc609d-5a13-45b2-88e9-0356d9f9eb28" testListId="8c84fa94-04c1-424b-9868-57a2d4851a1d" />
    <TestEntry testId="b4510a53-8482-2097-3495-d2c88b75d3fd" executionId="8116e720-927d-4b0b-b2c8-04ac84c18a1c" testListId="8c84fa94-04c1-424b-9868-57a2d4851a1d" />
    <TestEntry testId="72ab414a-c6b5-4d4c-7d64-553b626a220b" executionId="bafef995-1752-42c2-ac72-025605614fc9" testListId="8c84fa94-04c1-424b-9868-57a2d4851a1d" />
    <TestEntry testId="168c9195-c0f9-1283-bfe9-b92f30795099" executionId="24bcb9bd-600f-488c-a8eb-31c3d8f5061a" testListId="8c84fa94-04c1-424b-9868-57a2d4851a1d" />
    <TestEntry testId="a9b8b9a7-b3e4-4313-e36e-e0d216f844fc" executionId="7ae039ea-cac0-4639-bc3f-d4f83d23710b" testListId="8c84fa94-04c1-424b-9868-57a2d4851a1d" />
    <TestEntry testId="f17d60ab-61d0-db88-2b34-541be5a452f7" executionId="1eb452f6-9777-4f3a-a9f7-2b80450b6f38" testListId="8c84fa94-04c1-424b-9868-57a2d4851a1d" />
    <TestEntry testId="891f33fe-e59e-45a5-fc2f-9d3ad090fa4e" executionId="6f4f5359-c3b5-418d-b64f-0e63dc2417d3" testListId="8c84fa94-04c1-424b-9868-57a2d4851a1d" />
    <TestEntry testId="4bddc169-fcd3-8e28-d0d8-0ef89e578f11" executionId="8e508e5b-d2a9-4266-9f00-3c259e2fb087" testListId="8c84fa94-04c1-424b-9868-57a2d4851a1d" />
    <TestEntry testId="d09369f8-f6f9-5d32-92ea-a9b9b4417f2b" executionId="d12d0ea7-7911-4651-965b-756ae297d018" testListId="8c84fa94-04c1-424b-9868-57a2d4851a1d" />
    <TestEntry testId="c1e21d32-b604-b65c-4bce-afcab2505d4e" executionId="2631ebf1-7a22-4308-9d2b-06f2497d1b5f" testListId="8c84fa94-04c1-424b-9868-57a2d4851a1d" />
    <TestEntry testId="ed099df2-7962-fb65-668b-a2327d41fb78" executionId="fd9e23fe-ece5-48f6-a65b-d43d17c71a3d" testListId="8c84fa94-04c1-424b-9868-57a2d4851a1d" />
    <TestEntry testId="b240c5eb-a105-089f-3d83-a26be7ae2345" executionId="2b0cf543-0302-416c-ab6f-5e16b9b3231c" testListId="8c84fa94-04c1-424b-9868-57a2d4851a1d" />
    <TestEntry testId="0fab1b82-589a-317e-4b3a-d0b724e88a51" executionId="2e32ba33-1bb3-4e5a-a724-b4de8434702b" testListId="8c84fa94-04c1-424b-9868-57a2d4851a1d" />
    <TestEntry testId="75c56bc1-b353-7ae8-ce64-49c7bfd38d60" executionId="c53a5c15-b34f-4305-9fbd-3273e5cf8fdd" testListId="8c84fa94-04c1-424b-9868-57a2d4851a1d" />
    <TestEntry testId="4de637cd-2b31-9899-9ec4-521343fc43b8" executionId="8b5acdfb-bd31-429c-bee3-4c4770c85ec0" testListId="8c84fa94-04c1-424b-9868-57a2d4851a1d" />
    <TestEntry testId="dd3b06c9-700c-ec8c-50dd-8ed40717fd57" executionId="6843dc94-8301-4a1b-b5e8-b503dc244500" testListId="8c84fa94-04c1-424b-9868-57a2d4851a1d" />
    <TestEntry testId="0bdd8cc9-20b4-84d7-9ad8-5403fc793d4d" executionId="bec9ab9f-eb51-4515-8c2a-096c78d4c9a3" testListId="8c84fa94-04c1-424b-9868-57a2d4851a1d" />
    <TestEntry testId="c047b1e0-d1fc-5125-8895-00fcf98c73d3" executionId="574ddc97-7201-4d6e-9768-187060942251" testListId="8c84fa94-04c1-424b-9868-57a2d4851a1d" />
    <TestEntry testId="8eb0e247-f1c7-67fd-f985-441319095668" executionId="339a6b28-45b6-440a-8774-a9016ea7f875" testListId="8c84fa94-04c1-424b-9868-57a2d4851a1d" />
    <TestEntry testId="a60f5dc2-4cb1-fb3e-ead4-9d6eb05e8760" executionId="90a41ae5-94ec-4e34-8124-a36c9e98c231" testListId="8c84fa94-04c1-424b-9868-57a2d4851a1d" />
    <TestEntry testId="7dab2800-5cc1-2019-caaf-e7febc1cba08" executionId="06f2b1f1-2b8a-4019-8e45-7eec071b3efb" testListId="8c84fa94-04c1-424b-9868-57a2d4851a1d" />
    <TestEntry testId="24d5cbed-dd6b-659a-a32a-ff88897d2506" executionId="3a3c2d22-e56f-47d0-a5ad-0fea460821a1" testListId="8c84fa94-04c1-424b-9868-57a2d4851a1d" />
    <TestEntry testId="5fe61cd0-4616-edfe-e622-aa85801fd94b" executionId="496effae-5d57-4b88-a094-2e0a06250b8a" testListId="8c84fa94-04c1-424b-9868-57a2d4851a1d" />
    <TestEntry testId="74ea743b-16b3-efdc-70bc-2580970c2239" executionId="cedb1493-913b-45fe-9478-bfd6e74ef4dc" testListId="8c84fa94-04c1-424b-9868-57a2d4851a1d" />
    <TestEntry testId="a9e8cff0-77ad-bbd2-ebd9-751711504a9e" executionId="e4111499-09df-46da-81dd-80ba400b3e92" testListId="8c84fa94-04c1-424b-9868-57a2d4851a1d" />
    <TestEntry testId="80c1bb01-59e0-82d9-6971-840c0ef98fc6" executionId="73b68358-6183-4eba-ba23-7c78f8fe3aa6" testListId="8c84fa94-04c1-424b-9868-57a2d4851a1d" />
    <TestEntry testId="01291419-6268-bc41-5be9-20e2e9587291" executionId="ecf72794-ef30-4848-b828-39f5427635a3" testListId="8c84fa94-04c1-424b-9868-57a2d4851a1d" />
    <TestEntry testId="c71fa3e1-66cd-bfc0-662e-7a949f4dbdec" executionId="214be1a6-bc1a-4c85-84ad-70f25123339f" testListId="8c84fa94-04c1-424b-9868-57a2d4851a1d" />
    <TestEntry testId="5d64dbbf-4f4e-f5dc-1c40-80dd150ddc96" executionId="498450dd-29f2-40ef-a8b7-d4ffad37d53e" testListId="8c84fa94-04c1-424b-9868-57a2d4851a1d" />
    <TestEntry testId="c7a61cfe-da5a-1d28-d072-42770f5c85c5" executionId="b329c9e5-b897-4d93-8c78-30d9c6190a92" testListId="8c84fa94-04c1-424b-9868-57a2d4851a1d" />
    <TestEntry testId="c9d5b17e-1791-fe3e-9cf0-5625baee3f90" executionId="f233c13b-ddf8-47fd-8307-f895fa5b78f6" testListId="8c84fa94-04c1-424b-9868-57a2d4851a1d" />
    <TestEntry testId="578bb1db-7c12-1b45-077a-f1acfce206de" executionId="51449405-0725-4cfe-a830-5cf0893bf8bb" testListId="8c84fa94-04c1-424b-9868-57a2d4851a1d" />
    <TestEntry testId="41d0f70c-fdd1-9dc1-4481-717c601b4a5d" executionId="d38db6be-bfd9-4e01-9fb9-5f299b122a0c" testListId="8c84fa94-04c1-424b-9868-57a2d4851a1d" />
    <TestEntry testId="4174b022-fc7b-41b1-5b6b-a872f9f0e4bc" executionId="bad8141d-cd52-4f60-9c36-9b1144de915c" testListId="8c84fa94-04c1-424b-9868-57a2d4851a1d" />
    <TestEntry testId="89350e42-76a9-193f-72f2-1039e85792c0" executionId="472abef9-bcdd-421e-b7db-61af22fe5a11" testListId="8c84fa94-04c1-424b-9868-57a2d4851a1d" />
    <TestEntry testId="d92a411d-7bc4-f78c-e9d1-efdc4aeef73d" executionId="21af821b-61fa-4c45-b9c1-841c38f373be" testListId="8c84fa94-04c1-424b-9868-57a2d4851a1d" />
    <TestEntry testId="ea2928bc-7f11-ba94-a412-05c8c5c8fb4c" executionId="818b178d-7cf8-4442-9a31-bdb26714d3ea" testListId="8c84fa94-04c1-424b-9868-57a2d4851a1d" />
  </TestEntries>
  <TestLists>
    <TestList name="Results Not in a List" id="8c84fa94-04c1-424b-9868-57a2d4851a1d" />
    <TestList name="All Loaded Results" id="19431567-8539-422a-85d7-44ee4e166bda" />
  </TestLists>
  <ResultSummary outcome="Failed">
    <Counters total="56" executed="56" passed="53" failed="3" error="0" timeout="0" aborted="0" inconclusive="0" passedButRunAborted="0" notRunnable="0" notExecuted="0" disconnected="0" warning="0" completed="0" inProgress="0" pending="0" />
    <Output>
      <StdOut>[xUnit.net 00:00:00.00] xUnit.net VSTest Adapter v2.8.2+699d445a1a (64-bit .NET 9.0.2)&#xD;
[xUnit.net 00:00:00.04]   Discovering: SoftMedia.IntegrationTests&#xD;
[xUnit.net 00:00:00.05]   Discovered:  SoftMedia.IntegrationTests&#xD;
[xUnit.net 00:00:00.06]   Starting:    SoftMedia.IntegrationTests&#xD;
[xUnit.net 00:00:00.55]       Assert.Contains() Failure: Sub-string not found&#xD;
[xUnit.net 00:00:00.55]       String:    "-i "C:\\test\\input.mkv" -c:v libx264 -prof"···&#xD;
[xUnit.net 00:00:00.55]       Not found: "-preset slow"&#xD;
[xUnit.net 00:00:00.55]       Stack Trace:&#xD;
[xUnit.net 00:00:00.55]         C:\Users\Admin\Documents\coding2\SoftMedia\src\SoftMedia.Tests\Services\TranscodingIntegrationTests.cs(165,0): at SoftMedia.Tests.Services.TranscodingIntegrationTests.Integration_ChangePreset_AffectsNextTranscode()&#xD;
[xUnit.net 00:00:00.55]         --- End of stack trace from previous location ---&#xD;
[xUnit.net 00:00:00.57]       Assert.True() Failure&#xD;
[xUnit.net 00:00:00.57]       Expected: True&#xD;
[xUnit.net 00:00:00.57]       Actual:   False&#xD;
[xUnit.net 00:00:00.57]       Stack Trace:&#xD;
[xUnit.net 00:00:00.57]         C:\Users\Admin\Documents\coding2\SoftMedia\src\SoftMedia.Tests\Services\TranscodingIntegrationTests.cs(268,0): at SoftMedia.Tests.Services.TranscodingIntegrationTests.Integration_EnableDisableTranscoding_AffectsCheck()&#xD;
[xUnit.net 00:00:00.57]         --- End of stack trace from previous location ---&#xD;
[xUnit.net 00:00:00.58]       Assert.Contains() Failure: Sub-string not found&#xD;
[xUnit.net 00:00:00.58]       String:    "-i "C:\\test\\input.mkv" -c:v libx264 -prof"···&#xD;
[xUnit.net 00:00:00.58]       Not found: "-preset veryfast"&#xD;
[xUnit.net 00:00:00.58]       Stack Trace:&#xD;
[xUnit.net 00:00:00.58]         C:\Users\Admin\Documents\coding2\SoftMedia\src\SoftMedia.Tests\Services\TranscodingIntegrationTests.cs(425,0): at SoftMedia.Tests.Services.TranscodingIntegrationTests.Integration_RevertToDefaults_WorksCorrectly()&#xD;
[xUnit.net 00:00:00.58]         --- End of stack trace from previous location ---&#xD;
[xUnit.net 00:00:00.86]   Finished:    SoftMedia.IntegrationTests&#xD;
</StdOut>
    </Output>
    <RunInfos>
      <RunInfo computerName="GAMING" outcome="Error" timestamp="2026-04-07T13:46:46.6733702-06:00">
        <Text>[xUnit.net 00:00:00.55]     SoftMedia.Tests.Services.TranscodingIntegrationTests.Integration_ChangePreset_AffectsNextTranscode [FAIL]</Text>
      </RunInfo>
      <RunInfo computerName="GAMING" outcome="Error" timestamp="2026-04-07T13:46:46.6903329-06:00">
        <Text>[xUnit.net 00:00:00.57]     SoftMedia.Tests.Services.TranscodingIntegrationTests.Integration_EnableDisableTranscoding_AffectsCheck [FAIL]</Text>
      </RunInfo>
      <RunInfo computerName="GAMING" outcome="Error" timestamp="2026-04-07T13:46:46.7053656-06:00">
        <Text>[xUnit.net 00:00:00.58]     SoftMedia.Tests.Services.TranscodingIntegrationTests.Integration_RevertToDefaults_WorksCorrectly [FAIL]</Text>
      </RunInfo>
    </RunInfos>
  </ResultSummary>
</TestRun>